#
# A fatal error has been detected by the Java Runtime Environment:
#
#  SIGSEGV (0xb) at pc=0x00007ba5d9fa807e, pid=21333, tid=21337
#
# JRE version: OpenJDK Runtime Environment (24.0+36) (build 24+36-3646)
# Java VM: OpenJDK 64-Bit Server VM (24+36-3646, mixed mode, sharing, tiered, compressed oops, compressed class ptrs, g1 gc, linux-amd64)
# Problematic frame:
# C  [libLLVM-13.so+0xba807e]  (anonymous namespace)::TypePrinting::print(llvm::Type*, llvm::raw_ostream&)+0x1e
#
# Core dump will be written. Default location: Core dumps may be processed with "/usr/share/apport/apport -p%p -s%s -c%c -d%d -P%P -u%u -g%g -F%F -- %E" (or dumping to /home/lyr/Main/Projects/Compiler/core.21333)
#
# If you would like to submit a bug report, please visit:
#   https://bugreport.java.com/bugreport/crash.jsp
# The crash happened outside the Java Virtual Machine in native code.
# See problematic frame for where to report the bug.
#

---------------  S U M M A R Y ------------

Command Line: --enable-native-access=ALL-UNNAMED -javaagent:/home/lyr/.local/share/JetBrains/Toolbox/apps/intellij-idea-ultimate/lib/idea_rt.jar=46725 -Dfile.encoding=UTF-8 -Dsun.stdout.encoding=UTF-8 -Dsun.stderr.encoding=UTF-8 Compiler

Host: 13th Gen Intel(R) Core(TM) i5-13500HX, 20 cores, 15G, Ubuntu 24.04.1 LTS
Time: Sun Jun 29 21:15:36 2025 CST elapsed time: 0.223959 seconds (0d 0h 0m 0s)

---------------  T H R E A D  ---------------

Current thread (0x00007ba6a802d440):  JavaThread "main"             [_thread_in_native, id=21337, stack(0x00007ba6ac900000,0x00007ba6aca00000) (1024K)]

Stack: [0x00007ba6ac900000,0x00007ba6aca00000],  sp=0x00007ba6ac9fd950,  free space=1014k
Native frames: (J=compiled Java code, j=interpreted, Vv=VM code, C=native code)
C  [libLLVM-13.so+0xba807e]  (anonymous namespace)::TypePrinting::print(llvm::Type*, llvm::raw_ostream&)+0x1e
Java frames: (J=compiled Java code, j=interpreted, Vv=VM code)
j  org.bytedeco.llvm.global.LLVM.LLVMPrintModuleToFile(Lorg/bytedeco/llvm/LLVM/LLVMModuleRef;Ljava/lang/String;Lorg/bytedeco/javacpp/BytePointer;)I+0
j  org.llvm4j.llvm4j.Module.dump(Lorg/llvm4j/optional/Option;)Lorg/llvm4j/optional/Result;+113
j  com.compiler.ir.LLVisitor.dump(Lorg/llvm4j/optional/Option;)V+232
j  com.compiler.Main.irGen(Lorg/antlr/v4/runtime/tree/ParseTree;Ljava/lang/String;)V+26
j  com.compiler.Main.main([Ljava/lang/String;)V+139
j  Compiler.main([Ljava/lang/String;)V+1
v  ~StubRoutines::call_stub 0x00007ba697a5fc86

siginfo: si_signo: 11 (SIGSEGV), si_code: 128 (SI_KERNEL), si_addr: 0x0000000000000000

Registers:
RAX=0x00007ba6ac9fdce0, RBX=0x00007ba6ac9fdec0, RCX=0x323279646f42652c, RDX=0x00007ba5dd6f7f30
RSP=0x00007ba6ac9fd950, RBP=0x00007ba6ac9fdce0, RSI=0x796c2f656d6f682f, RDI=0x00007ba6ac9fdee8
R8 =0x0000000000000001, R9 =0x00007ba6a8785648, R10=0x00000000000001ff, R11=0x0000000000000002
R12=0x796c2f656d6f682f, R13=0x00007ba6ac9fdee8, R14=0x0000000000000000, R15=0x00007ba6a878f630
RIP=0x00007ba5d9fa807e, EFLAGS=0x0000000000010206, CSGSFS=0x002b000000000033, ERR=0x0000000000000000
  TRAPNO=0x000000000000000d

XMM[0]=0x0000000000000000 0x0000000000000000
XMM[1]=0x000000ff00000000 0x0000000000ff0000
XMM[2]=0x0000000000000000 0x00007ba6a802f4a8
XMM[3]=0x00007ba6a802f4a8 0x00007ba6a802f0d0
XMM[4]=0x00007ba6ac9fe0b0 0x00007b0000000000
XMM[5]=0x0000000000000000 0x00007ba6a802d440
XMM[6]=0x00007ba6a8789940 0x00007ba6a878aad8
XMM[7]=0x00007ba6a8787448 0x00007ba6a8787438
XMM[8]=0x00000001850f0008 0x7f8349c900000000
XMM[9]=0x0000000000000000 0x0000000000000001
XMM[10]=0x0000000000000000 0xffffffffffffffff
XMM[11]=0x0000000000000000 0x0000000000000001
XMM[12]=0x0000000000000000 0x0000000000000001
XMM[13]=0x0000000000000000 0x0000000000000000
XMM[14]=0x0000000000000000 0x0000000000000000
XMM[15]=0x0000000000000000 0x0000000000000000
  MXCSR=0x00001fa2


Register to memory mapping:

RAX=0x00007ba6ac9fdce0 is pointing into the stack for thread: 0x00007ba6a802d440
RBX=0x00007ba6ac9fdec0 is pointing into the stack for thread: 0x00007ba6a802d440
RCX=0x323279646f42652c is an unknown value
RDX=0x00007ba5dd6f7f30: <offset 0x00000000042f7f30> in /home/lyr/.javacpp/cache/llvm-13.0.1-1.5.7-linux-x86_64.jar/org/bytedeco/llvm/linux-x86_64/libLLVM-13.so at 0x00007ba5d9400000
RSP=0x00007ba6ac9fd950 is pointing into the stack for thread: 0x00007ba6a802d440
RBP=0x00007ba6ac9fdce0 is pointing into the stack for thread: 0x00007ba6a802d440
RSI=0x796c2f656d6f682f is an unknown value
RDI=0x00007ba6ac9fdee8 is pointing into the stack for thread: 0x00007ba6a802d440
R8 =0x0000000000000001 is an unknown value
R9 =0x00007ba6a8785648 points into unknown readable memory: 0x00007ba6a8797290 | 90 72 79 a8 a6 7b 00 00
R10=0x00000000000001ff is an unknown value
R11=0x0000000000000002 is an unknown value
R12=0x796c2f656d6f682f is an unknown value
R13=0x00007ba6ac9fdee8 is pointing into the stack for thread: 0x00007ba6a802d440
R14=0x0 is null
R15=0x00007ba6a878f630 points into unknown readable memory: 0x00007ba6a8785aa8 | a8 5a 78 a8 a6 7b 00 00

Top of Stack: (sp=0x00007ba6ac9fd950)
0x00007ba6ac9fd950:   0000000000000000 00007ba5d9f6f9de   .............{..
0x00007ba6ac9fd960:   00007ba6a8785c28 00007ba6ac9fdec0   (\x..{.......{..
0x00007ba6ac9fd970:   00007ba6a878eb30 00007ba6ac9fdee8   0.x..{.......{..
0x00007ba6ac9fd980:   00007ba6a878eab8 0000000000000000   ..x..{..........
0x00007ba6ac9fd990:   00007ba6a878f630 00007ba5d9fb1ea1   0.x..{.......{..
0x00007ba6ac9fd9a0:   00007ba6a878f5d0 00007ba6ac9fdec0   ..x..{.......{..
0x00007ba6ac9fd9b0:   00007ba6ac9fd9e0 00007ba5d9fb2be6   .....{...+...{..
0x00007ba6ac9fd9c0:   00007ba6a879d04a 00007ba6ac9fdce0   J.y..{.......{..
0x00007ba6ac9fd9d0:   00007ba6a879d04b 0000000000000001   K.y..{..........
0x00007ba6ac9fd9e0:   00007ba6ac9fd9f0 0000000400000000   .....{..........
0x00007ba6ac9fd9f0:   00007ba6ac9fdee8 00007ba5d9fa8465   .....{..e....{..
0x00007ba6ac9fda00:   0000000000000000 0000000000000026   ........&.......
0x00007ba6ac9fda10:   00007ba6a879d04b 00007ba6ac9fdce0   K.y..{.......{..
0x00007ba6ac9fda20:   00007ba6a879d04b 00007ba5d9fa1182   K.y..{.......{..
0x00007ba6ac9fda30:   00007ba6a8797670 00007ba6a878f648   pvy..{..H.x..{..
0x00007ba6ac9fda40:   00007ba6ac9fdec0 00007ba6a878ea90   .....{....x..{..
0x00007ba6ac9fda50:   00007ba6a878eab8 0000000000000000   ..x..{..........
0x00007ba6ac9fda60:   00007ba6ac9fdb00 00007ba5d9fb3f83   .....{...?...{..
0x00007ba6ac9fda70:   00007ba6ac9fdec0 00007ba6a878eaa8   .....{....x..{..
0x00007ba6ac9fda80:   00007ba6a878acc8 00007ba6a878ad10   ..x..{....x..{..
0x00007ba6ac9fda90:   00007ba6ac9fdaf0 00007ba5d9fb57a5   .....{...W...{..
0x00007ba6ac9fdaa0:   00007ba6a87984e0 00007ba6a878bac0   ..y..{....x..{..
0x00007ba6ac9fdab0:   00007ba6a8788c00 0000000000000003   ..x..{..........
0x00007ba6ac9fdac0:   00007ba6ac9fdaf0 00007ba6ac9fdb00   .....{.......{..
0x00007ba6ac9fdad0:   00007ba6a8793b80 0000000000000000   .;y..{..........
0x00007ba6ac9fdae0:   00007ba5d9f9e140 00007ba67a07c658   @....{..X..z.{..
0x00007ba6ac9fdaf0:   00007ba6ac9fdb00 0000000400000000   .....{..........
0x00007ba6ac9fdb00:   00007ba6ac9fdce0 00007ba6ac9fdd60   .....{..`....{..
0x00007ba6ac9fdb10:   00007ba6a8787430 00007ba5d9fa7d68   0tx..{..h}...{..
0x00007ba6ac9fdb20:   00007ba6a8787438 00007ba6a8787448   8tx..{..Htx..{..
0x00007ba6ac9fdb30:   00007ba6ac9fe590 0000000000000000   .....{..........
0x00007ba6ac9fdb40:   0000000000000000 0000000000000000   ................

Instructions: (pc=0x00007ba5d9fa807e)
  0x00007ba5d9fa7f7e:   4c 01 c8 48 8b 30 48 39 f5 0f 84 ff fe ff ff 48
  0x00007ba5d9fa7f8e:   81 fe 00 f0 ff ff 74 86 4d 85 d2 75 0b 48 81 fe
  0x00007ba5d9fa7f9e:   00 e0 ff ff 4c 0f 44 d0 44 01 da 41 8d 43 01 44
  0x00007ba5d9fa7fae:   21 c2 89 44 24 14 89 d0 48 c1 e0 04 4c 01 c8 48
  0x00007ba5d9fa7fbe:   8b 30 48 39 f5 0f 84 c3 fe ff ff 44 8b 5c 24 14
  0x00007ba5d9fa7fce:   eb bd 4d 85 db 75 0b 48 81 ff 00 e0 ff ff 4c 0f
  0x00007ba5d9fa7fde:   44 d8 8b 44 24 14 41 01 c0 8d 78 01 45 21 d0 41
  0x00007ba5d9fa7fee:   89 f9 44 89 c0 48 c1 e0 04 48 03 44 24 18 48 8b
  0x00007ba5d9fa7ffe:   38 48 39 fd 0f 84 f8 fd ff ff 44 89 4c 24 14 e9
  0x00007ba5d9fa800e:   2f fe ff ff 41 89 7c 24 78 e9 84 fe ff ff 48 81
  0x00007ba5d9fa801e:   fe 00 e0 ff ff 75 07 4d 85 d2 4c 0f 44 d0 44 01
  0x00007ba5d9fa802e:   da 41 8d 43 01 44 21 c2 89 44 24 14 89 d0 48 c1
  0x00007ba5d9fa803e:   e0 04 4c 01 c8 48 8b 30 48 39 f5 0f 84 3d fe ff
  0x00007ba5d9fa804e:   ff 44 8b 5c 24 14 e9 b6 fe ff ff 0f 1f 80 00 00
  0x00007ba5d9fa805e:   00 00 41 57 41 56 41 55 49 89 fd 41 54 49 89 f4
  0x00007ba5d9fa806e:   55 48 89 d5 48 8d 15 b7 fe 74 03 53 48 83 ec 18
=>0x00007ba5d9fa807e:   0f b6 46 08 48 89 c1 48 63 04 82 48 01 d0 ff e0
  0x00007ba5d9fa808e:   66 90 8b 5e 20 48 89 ef 48 8d 35 4b fe 86 03 80
  0x00007ba5d9fa809e:   f9 13 75 0f e8 a9 e9 ee ff 48 8d 35 ca 87 74 03
  0x00007ba5d9fa80ae:   48 89 ef e8 9a e9 ee ff 89 de 48 89 ef e8 10 79
  0x00007ba5d9fa80be:   fc ff 48 8d 35 b7 87 74 03 48 89 c7 e8 81 e9 ee
  0x00007ba5d9fa80ce:   ff 49 8b 74 24 18 48 89 ea 4c 89 ef e8 81 ff ff
  0x00007ba5d9fa80de:   ff 48 8b 45 20 48 3b 45 18 0f 83 43 04 00 00 48
  0x00007ba5d9fa80ee:   8d 50 01 48 89 55 20 c6 00 3e eb 15 66 0f 1f 44
  0x00007ba5d9fa80fe:   00 00 48 8d 35 3a 79 7a 03 48 89 ef e8 41 e9 ee
  0x00007ba5d9fa810e:   ff 48 83 c4 18 5b 5d 41 5c 41 5d 41 5e 41 5f c3
  0x00007ba5d9fa811e:   66 90 48 8d 35 d6 fd 74 03 48 89 ef e8 21 e9 ee
  0x00007ba5d9fa812e:   ff eb de 0f 1f 80 00 00 00 00 48 8d 35 ee 7b 8f
  0x00007ba5d9fa813e:   04 48 89 ef e8 09 e9 ee ff eb c6 0f 1f 80 00 00
  0x00007ba5d9fa814e:   00 00 48 8d 35 e4 7b 8f 04 48 89 ef e8 f1 e8 ee
  0x00007ba5d9fa815e:   ff eb ae 0f 1f 80 00 00 00 00 48 8d 35 95 fd 74
  0x00007ba5d9fa816e:   03 48 89 ef e8 d9 e8 ee ff eb 96 0f 1f 80 00 00


Stack slot to memory mapping:

stack at sp + 0 slots: 0x0 is null
stack at sp + 1 slots: 0x00007ba5d9f6f9de: _ZN4llvm11raw_ostreamlsEm+0x000000000000000e in /home/lyr/.javacpp/cache/llvm-13.0.1-1.5.7-linux-x86_64.jar/org/bytedeco/llvm/linux-x86_64/libLLVM-13.so at 0x00007ba5d9400000
stack at sp + 2 slots: 0x00007ba6a8785c28 points into unknown readable memory: 0x00007ba6a87854a0 | a0 54 78 a8 a6 7b 00 00
stack at sp + 3 slots: 0x00007ba6ac9fdec0 is pointing into the stack for thread: 0x00007ba6a802d440
stack at sp + 4 slots: 0x00007ba6a878eb30 points into unknown readable memory: 0x796c2f656d6f682f | 2f 68 6f 6d 65 2f 6c 79
stack at sp + 5 slots: 0x00007ba6ac9fdee8 is pointing into the stack for thread: 0x00007ba6a802d440
stack at sp + 6 slots: 0x00007ba6a878eab8 points into unknown readable memory: 0x00007ba6a878f648 | 48 f6 78 a8 a6 7b 00 00
stack at sp + 7 slots: 0x0 is null

Lock stack of current Java thread (top to bottom):


---------------  P R O C E S S  ---------------

Threads class SMR info:
_java_thread_list=0x00007ba6a8451540, length=16, elements={
0x00007ba6a802d440, 0x00007ba6a8186620, 0x00007ba6a8187460, 0x00007ba6a81887a0,
0x00007ba6a8189eb0, 0x00007ba6a818b520, 0x00007ba6a818d190, 0x00007ba6a818e970,
0x00007ba6a819e760, 0x00007ba60007bb40, 0x00007ba5f8001510, 0x00007ba60c09e3e0,
0x00007ba6a8324e60, 0x00007ba6a8326c00, 0x00007ba610000f30, 0x00007ba6a844fe50
}

Java Threads: ( => current thread )
=>0x00007ba6a802d440 JavaThread "main"                              [_thread_in_native, id=21337, stack(0x00007ba6ac900000,0x00007ba6aca00000) (1024K)]
  0x00007ba6a8186620 JavaThread "Reference Handler"          daemon [_thread_blocked, id=21364, stack(0x00007ba67b8fa000,0x00007ba67b9fa000) (1024K)]
  0x00007ba6a8187460 JavaThread "Finalizer"                  daemon [_thread_blocked, id=21365, stack(0x00007ba67b7f9000,0x00007ba67b8f9000) (1024K)]
  0x00007ba6a81887a0 JavaThread "Signal Dispatcher"          daemon [_thread_blocked, id=21368, stack(0x00007ba67b6f8000,0x00007ba67b7f8000) (1024K)]
  0x00007ba6a8189eb0 JavaThread "Service Thread"             daemon [_thread_blocked, id=21369, stack(0x00007ba67ad00000,0x00007ba67ae00000) (1024K)]
  0x00007ba6a818b520 JavaThread "Monitor Deflation Thread"   daemon [_thread_blocked, id=21370, stack(0x00007ba67ac00000,0x00007ba67ad00000) (1024K)]
  0x00007ba6a818d190 JavaThread "C2 CompilerThread0"         daemon [_thread_blocked, id=21371, stack(0x00007ba67ab00000,0x00007ba67ac00000) (1024K)]
  0x00007ba6a818e970 JavaThread "C1 CompilerThread0"         daemon [_thread_blocked, id=21373, stack(0x00007ba67aa00000,0x00007ba67ab00000) (1024K)]
  0x00007ba6a819e760 JavaThread "Common-Cleaner"             daemon [_thread_blocked, id=21376, stack(0x00007ba67a830000,0x00007ba67a930000) (1024K)]
  0x00007ba60007bb40 JavaThread "C1 CompilerThread1"         daemon [_thread_blocked, id=21377, stack(0x00007ba67a730000,0x00007ba67a830000) (1024K)]
  0x00007ba5f8001510 JavaThread "C1 CompilerThread2"         daemon [_thread_in_vm, id=21379, stack(0x00007ba67a630000,0x00007ba67a730000) (1024K)]
  0x00007ba60c09e3e0 JavaThread "C2 CompilerThread1"         daemon [_thread_blocked, id=21380, stack(0x00007ba67a530000,0x00007ba67a630000) (1024K)]
  0x00007ba6a8324e60 JavaThread "Monitor Ctrl-Break"         daemon [_thread_in_native, id=21381, stack(0x00007ba67a430000,0x00007ba67a530000) (1024K)]
  0x00007ba6a8326c00 JavaThread "Notification Thread"        daemon [_thread_blocked, id=21382, stack(0x00007ba67a330000,0x00007ba67a430000) (1024K)]
  0x00007ba610000f30 JavaThread "Attach Listener"            daemon [_thread_in_Java, id=21383, stack(0x00007ba67a230000,0x00007ba67a330000) (1024K)]
  0x00007ba6a844fe50 JavaThread "JavaCPP Deallocator"        daemon [_thread_blocked, id=21384, stack(0x00007ba67a130000,0x00007ba67a230000) (1024K)]
Total: 16

Other Threads:
  0x00007ba6a817e3f0 VMThread "VM Thread"                           [id=21363, stack(0x00007ba67bafc000,0x00007ba67bbfc000) (1024K)]
  0x00007ba6a81706a0 WatcherThread "VM Periodic Task Thread"        [id=21355, stack(0x00007ba67b9fb000,0x00007ba67bafb000) (1024K)]
  0x00007ba6a8096e00 WorkerThread "GC Thread#0"                     [id=21344, stack(0x00007ba68b047000,0x00007ba68b147000) (1024K)]
  0x00007ba6a80ab790 ConcurrentGCThread "G1 Main Marker"            [id=21345, stack(0x00007ba68af46000,0x00007ba68b046000) (1024K)]
  0x00007ba6a80ac770 WorkerThread "G1 Conc#0"                       [id=21346, stack(0x00007ba68ae45000,0x00007ba68af45000) (1024K)]
  0x00007ba6a815d3e0 ConcurrentGCThread "G1 Refine#0"               [id=21348, stack(0x00007ba67bcfe000,0x00007ba67bdfe000) (1024K)]
  0x00007ba6a815e3a0 ConcurrentGCThread "G1 Service"                [id=21349, stack(0x00007ba67bbfd000,0x00007ba67bcfd000) (1024K)]
Total: 7

Threads with active compile tasks:
C1 CompilerThread2  226 1676       3       java.lang.reflect.Method::getGenericReturnType (20 bytes)
Total: 1

VM state: not at safepoint (normal execution)

VM Mutex/Monitor currently owned by a thread: None

Heap address: 0x000000070a800000, size: 3928 MB, Compressed Oops mode: Zero based, Oop shift amount: 3

CDS archive(s) mapped at: [0x00007ba62a000000-0x00007ba62ad17000-0x00007ba62ad17000), size 13725696, SharedBaseAddress: 0x00007ba62a000000, ArchiveRelocationMode: 1.
Compressed class space mapped at: 0x00007ba62b000000-0x00007ba66b000000, reserved size: 1073741824
UseCompressedClassPointers 1, UseCompactObjectHeaders 0
Narrow klass pointer bits 32, Max shift 3
Narrow klass base: 0x00007ba62a000000, Narrow klass shift: 0
Encoding Range: [0x00007ba62a000000 - 0x00007ba72a000000), (4294967296 bytes)
Klass Range:    [0x00007ba62a000000 - 0x00007ba66b000000), (1090519040 bytes)
Klass ID Range:  [8 - 1090519033) (1090519025)

GC Precious Log:
 CardTable entry size: 512
 Card Set container configuration: InlinePtr #cards 4 size 8 Array Of Cards #cards 16 size 48 Howl #buckets 8 coarsen threshold 3686 Howl Bitmap #cards 512 size 80 coarsen threshold 460 Card regions per heap region 1 cards per card region 4096
 CPUs: 20 total, 20 available
 Memory: 15708M
 Large Page Support: Disabled
 NUMA Support: Disabled
 Compressed Oops: Enabled (Zero based)
 Heap Region Size: 2M
 Heap Min Capacity: 8M
 Heap Initial Capacity: 246M
 Heap Max Capacity: 3928M
 Pre-touch: Disabled
 Parallel Workers: 15
 Concurrent Workers: 4
 Concurrent Refinement Workers: 15
 Periodic GC: Disabled

Heap:
 garbage-first heap   total reserved 4022272K, committed 253952K, used 25701K [0x000000070a800000, 0x0000000800000000)
  region size 2048K, 14 young (28672K), 0 survivors (0K)
 Metaspace       used 7675K, committed 7808K, reserved 1114112K
  class space    used 614K, committed 640K, reserved 1048576K

Heap Regions: E=young(eden), S=young(survivor), O=old, HS=humongous(starts), HC=humongous(continues), CS=collection set, F=free, TAMS=top-at-mark-start, PB=parsable bottom
|   0|0x000000070a800000, 0x000000070a800000, 0x000000070aa00000|  0%| F|  |TAMS 0x000000070a800000| PB 0x000000070a800000| Untracked |  0
|   1|0x000000070aa00000, 0x000000070aa00000, 0x000000070ac00000|  0%| F|  |TAMS 0x000000070aa00000| PB 0x000000070aa00000| Untracked |  0
|   2|0x000000070ac00000, 0x000000070ac00000, 0x000000070ae00000|  0%| F|  |TAMS 0x000000070ac00000| PB 0x000000070ac00000| Untracked |  0
|   3|0x000000070ae00000, 0x000000070ae00000, 0x000000070b000000|  0%| F|  |TAMS 0x000000070ae00000| PB 0x000000070ae00000| Untracked |  0
|   4|0x000000070b000000, 0x000000070b000000, 0x000000070b200000|  0%| F|  |TAMS 0x000000070b000000| PB 0x000000070b000000| Untracked |  0
|   5|0x000000070b200000, 0x000000070b200000, 0x000000070b400000|  0%| F|  |TAMS 0x000000070b200000| PB 0x000000070b200000| Untracked |  0
|   6|0x000000070b400000, 0x000000070b400000, 0x000000070b600000|  0%| F|  |TAMS 0x000000070b400000| PB 0x000000070b400000| Untracked |  0
|   7|0x000000070b600000, 0x000000070b600000, 0x000000070b800000|  0%| F|  |TAMS 0x000000070b600000| PB 0x000000070b600000| Untracked |  0
|   8|0x000000070b800000, 0x000000070b800000, 0x000000070ba00000|  0%| F|  |TAMS 0x000000070b800000| PB 0x000000070b800000| Untracked |  0
|   9|0x000000070ba00000, 0x000000070ba00000, 0x000000070bc00000|  0%| F|  |TAMS 0x000000070ba00000| PB 0x000000070ba00000| Untracked |  0
|  10|0x000000070bc00000, 0x000000070bc00000, 0x000000070be00000|  0%| F|  |TAMS 0x000000070bc00000| PB 0x000000070bc00000| Untracked |  0
|  11|0x000000070be00000, 0x000000070be00000, 0x000000070c000000|  0%| F|  |TAMS 0x000000070be00000| PB 0x000000070be00000| Untracked |  0
|  12|0x000000070c000000, 0x000000070c000000, 0x000000070c200000|  0%| F|  |TAMS 0x000000070c000000| PB 0x000000070c000000| Untracked |  0
|  13|0x000000070c200000, 0x000000070c200000, 0x000000070c400000|  0%| F|  |TAMS 0x000000070c200000| PB 0x000000070c200000| Untracked |  0
|  14|0x000000070c400000, 0x000000070c400000, 0x000000070c600000|  0%| F|  |TAMS 0x000000070c400000| PB 0x000000070c400000| Untracked |  0
|  15|0x000000070c600000, 0x000000070c600000, 0x000000070c800000|  0%| F|  |TAMS 0x000000070c600000| PB 0x000000070c600000| Untracked |  0
|  16|0x000000070c800000, 0x000000070c800000, 0x000000070ca00000|  0%| F|  |TAMS 0x000000070c800000| PB 0x000000070c800000| Untracked |  0
|  17|0x000000070ca00000, 0x000000070ca00000, 0x000000070cc00000|  0%| F|  |TAMS 0x000000070ca00000| PB 0x000000070ca00000| Untracked |  0
|  18|0x000000070cc00000, 0x000000070cc00000, 0x000000070ce00000|  0%| F|  |TAMS 0x000000070cc00000| PB 0x000000070cc00000| Untracked |  0
|  19|0x000000070ce00000, 0x000000070ce00000, 0x000000070d000000|  0%| F|  |TAMS 0x000000070ce00000| PB 0x000000070ce00000| Untracked |  0
|  20|0x000000070d000000, 0x000000070d000000, 0x000000070d200000|  0%| F|  |TAMS 0x000000070d000000| PB 0x000000070d000000| Untracked |  0
|  21|0x000000070d200000, 0x000000070d200000, 0x000000070d400000|  0%| F|  |TAMS 0x000000070d200000| PB 0x000000070d200000| Untracked |  0
|  22|0x000000070d400000, 0x000000070d400000, 0x000000070d600000|  0%| F|  |TAMS 0x000000070d400000| PB 0x000000070d400000| Untracked |  0
|  23|0x000000070d600000, 0x000000070d600000, 0x000000070d800000|  0%| F|  |TAMS 0x000000070d600000| PB 0x000000070d600000| Untracked |  0
|  24|0x000000070d800000, 0x000000070d800000, 0x000000070da00000|  0%| F|  |TAMS 0x000000070d800000| PB 0x000000070d800000| Untracked |  0
|  25|0x000000070da00000, 0x000000070da00000, 0x000000070dc00000|  0%| F|  |TAMS 0x000000070da00000| PB 0x000000070da00000| Untracked |  0
|  26|0x000000070dc00000, 0x000000070dc00000, 0x000000070de00000|  0%| F|  |TAMS 0x000000070dc00000| PB 0x000000070dc00000| Untracked |  0
|  27|0x000000070de00000, 0x000000070de00000, 0x000000070e000000|  0%| F|  |TAMS 0x000000070de00000| PB 0x000000070de00000| Untracked |  0
|  28|0x000000070e000000, 0x000000070e000000, 0x000000070e200000|  0%| F|  |TAMS 0x000000070e000000| PB 0x000000070e000000| Untracked |  0
|  29|0x000000070e200000, 0x000000070e200000, 0x000000070e400000|  0%| F|  |TAMS 0x000000070e200000| PB 0x000000070e200000| Untracked |  0
|  30|0x000000070e400000, 0x000000070e400000, 0x000000070e600000|  0%| F|  |TAMS 0x000000070e400000| PB 0x000000070e400000| Untracked |  0
|  31|0x000000070e600000, 0x000000070e600000, 0x000000070e800000|  0%| F|  |TAMS 0x000000070e600000| PB 0x000000070e600000| Untracked |  0
|  32|0x000000070e800000, 0x000000070e800000, 0x000000070ea00000|  0%| F|  |TAMS 0x000000070e800000| PB 0x000000070e800000| Untracked |  0
|  33|0x000000070ea00000, 0x000000070ea00000, 0x000000070ec00000|  0%| F|  |TAMS 0x000000070ea00000| PB 0x000000070ea00000| Untracked |  0
|  34|0x000000070ec00000, 0x000000070ec00000, 0x000000070ee00000|  0%| F|  |TAMS 0x000000070ec00000| PB 0x000000070ec00000| Untracked |  0
|  35|0x000000070ee00000, 0x000000070ee00000, 0x000000070f000000|  0%| F|  |TAMS 0x000000070ee00000| PB 0x000000070ee00000| Untracked |  0
|  36|0x000000070f000000, 0x000000070f000000, 0x000000070f200000|  0%| F|  |TAMS 0x000000070f000000| PB 0x000000070f000000| Untracked |  0
|  37|0x000000070f200000, 0x000000070f200000, 0x000000070f400000|  0%| F|  |TAMS 0x000000070f200000| PB 0x000000070f200000| Untracked |  0
|  38|0x000000070f400000, 0x000000070f400000, 0x000000070f600000|  0%| F|  |TAMS 0x000000070f400000| PB 0x000000070f400000| Untracked |  0
|  39|0x000000070f600000, 0x000000070f600000, 0x000000070f800000|  0%| F|  |TAMS 0x000000070f600000| PB 0x000000070f600000| Untracked |  0
|  40|0x000000070f800000, 0x000000070f800000, 0x000000070fa00000|  0%| F|  |TAMS 0x000000070f800000| PB 0x000000070f800000| Untracked |  0
|  41|0x000000070fa00000, 0x000000070fa00000, 0x000000070fc00000|  0%| F|  |TAMS 0x000000070fa00000| PB 0x000000070fa00000| Untracked |  0
|  42|0x000000070fc00000, 0x000000070fc00000, 0x000000070fe00000|  0%| F|  |TAMS 0x000000070fc00000| PB 0x000000070fc00000| Untracked |  0
|  43|0x000000070fe00000, 0x000000070fe00000, 0x0000000710000000|  0%| F|  |TAMS 0x000000070fe00000| PB 0x000000070fe00000| Untracked |  0
|  44|0x0000000710000000, 0x0000000710000000, 0x0000000710200000|  0%| F|  |TAMS 0x0000000710000000| PB 0x0000000710000000| Untracked |  0
|  45|0x0000000710200000, 0x0000000710200000, 0x0000000710400000|  0%| F|  |TAMS 0x0000000710200000| PB 0x0000000710200000| Untracked |  0
|  46|0x0000000710400000, 0x0000000710400000, 0x0000000710600000|  0%| F|  |TAMS 0x0000000710400000| PB 0x0000000710400000| Untracked |  0
|  47|0x0000000710600000, 0x0000000710600000, 0x0000000710800000|  0%| F|  |TAMS 0x0000000710600000| PB 0x0000000710600000| Untracked |  0
|  48|0x0000000710800000, 0x0000000710800000, 0x0000000710a00000|  0%| F|  |TAMS 0x0000000710800000| PB 0x0000000710800000| Untracked |  0
|  49|0x0000000710a00000, 0x0000000710a00000, 0x0000000710c00000|  0%| F|  |TAMS 0x0000000710a00000| PB 0x0000000710a00000| Untracked |  0
|  50|0x0000000710c00000, 0x0000000710c00000, 0x0000000710e00000|  0%| F|  |TAMS 0x0000000710c00000| PB 0x0000000710c00000| Untracked |  0
|  51|0x0000000710e00000, 0x0000000710e00000, 0x0000000711000000|  0%| F|  |TAMS 0x0000000710e00000| PB 0x0000000710e00000| Untracked |  0
|  52|0x0000000711000000, 0x0000000711000000, 0x0000000711200000|  0%| F|  |TAMS 0x0000000711000000| PB 0x0000000711000000| Untracked |  0
|  53|0x0000000711200000, 0x0000000711200000, 0x0000000711400000|  0%| F|  |TAMS 0x0000000711200000| PB 0x0000000711200000| Untracked |  0
|  54|0x0000000711400000, 0x0000000711400000, 0x0000000711600000|  0%| F|  |TAMS 0x0000000711400000| PB 0x0000000711400000| Untracked |  0
|  55|0x0000000711600000, 0x0000000711600000, 0x0000000711800000|  0%| F|  |TAMS 0x0000000711600000| PB 0x0000000711600000| Untracked |  0
|  56|0x0000000711800000, 0x0000000711800000, 0x0000000711a00000|  0%| F|  |TAMS 0x0000000711800000| PB 0x0000000711800000| Untracked |  0
|  57|0x0000000711a00000, 0x0000000711a00000, 0x0000000711c00000|  0%| F|  |TAMS 0x0000000711a00000| PB 0x0000000711a00000| Untracked |  0
|  58|0x0000000711c00000, 0x0000000711c00000, 0x0000000711e00000|  0%| F|  |TAMS 0x0000000711c00000| PB 0x0000000711c00000| Untracked |  0
|  59|0x0000000711e00000, 0x0000000711e00000, 0x0000000712000000|  0%| F|  |TAMS 0x0000000711e00000| PB 0x0000000711e00000| Untracked |  0
|  60|0x0000000712000000, 0x0000000712000000, 0x0000000712200000|  0%| F|  |TAMS 0x0000000712000000| PB 0x0000000712000000| Untracked |  0
|  61|0x0000000712200000, 0x0000000712200000, 0x0000000712400000|  0%| F|  |TAMS 0x0000000712200000| PB 0x0000000712200000| Untracked |  0
|  62|0x0000000712400000, 0x0000000712400000, 0x0000000712600000|  0%| F|  |TAMS 0x0000000712400000| PB 0x0000000712400000| Untracked |  0
|  63|0x0000000712600000, 0x0000000712600000, 0x0000000712800000|  0%| F|  |TAMS 0x0000000712600000| PB 0x0000000712600000| Untracked |  0
|  64|0x0000000712800000, 0x0000000712800000, 0x0000000712a00000|  0%| F|  |TAMS 0x0000000712800000| PB 0x0000000712800000| Untracked |  0
|  65|0x0000000712a00000, 0x0000000712a00000, 0x0000000712c00000|  0%| F|  |TAMS 0x0000000712a00000| PB 0x0000000712a00000| Untracked |  0
|  66|0x0000000712c00000, 0x0000000712c00000, 0x0000000712e00000|  0%| F|  |TAMS 0x0000000712c00000| PB 0x0000000712c00000| Untracked |  0
|  67|0x0000000712e00000, 0x0000000712e00000, 0x0000000713000000|  0%| F|  |TAMS 0x0000000712e00000| PB 0x0000000712e00000| Untracked |  0
|  68|0x0000000713000000, 0x0000000713000000, 0x0000000713200000|  0%| F|  |TAMS 0x0000000713000000| PB 0x0000000713000000| Untracked |  0
|  69|0x0000000713200000, 0x0000000713200000, 0x0000000713400000|  0%| F|  |TAMS 0x0000000713200000| PB 0x0000000713200000| Untracked |  0
|  70|0x0000000713400000, 0x0000000713400000, 0x0000000713600000|  0%| F|  |TAMS 0x0000000713400000| PB 0x0000000713400000| Untracked |  0
|  71|0x0000000713600000, 0x0000000713600000, 0x0000000713800000|  0%| F|  |TAMS 0x0000000713600000| PB 0x0000000713600000| Untracked |  0
|  72|0x0000000713800000, 0x0000000713800000, 0x0000000713a00000|  0%| F|  |TAMS 0x0000000713800000| PB 0x0000000713800000| Untracked |  0
|  73|0x0000000713a00000, 0x0000000713a00000, 0x0000000713c00000|  0%| F|  |TAMS 0x0000000713a00000| PB 0x0000000713a00000| Untracked |  0
|  74|0x0000000713c00000, 0x0000000713c00000, 0x0000000713e00000|  0%| F|  |TAMS 0x0000000713c00000| PB 0x0000000713c00000| Untracked |  0
|  75|0x0000000713e00000, 0x0000000713e00000, 0x0000000714000000|  0%| F|  |TAMS 0x0000000713e00000| PB 0x0000000713e00000| Untracked |  0
|  76|0x0000000714000000, 0x0000000714000000, 0x0000000714200000|  0%| F|  |TAMS 0x0000000714000000| PB 0x0000000714000000| Untracked |  0
|  77|0x0000000714200000, 0x0000000714200000, 0x0000000714400000|  0%| F|  |TAMS 0x0000000714200000| PB 0x0000000714200000| Untracked |  0
|  78|0x0000000714400000, 0x0000000714400000, 0x0000000714600000|  0%| F|  |TAMS 0x0000000714400000| PB 0x0000000714400000| Untracked |  0
|  79|0x0000000714600000, 0x0000000714600000, 0x0000000714800000|  0%| F|  |TAMS 0x0000000714600000| PB 0x0000000714600000| Untracked |  0
|  80|0x0000000714800000, 0x0000000714800000, 0x0000000714a00000|  0%| F|  |TAMS 0x0000000714800000| PB 0x0000000714800000| Untracked |  0
|  81|0x0000000714a00000, 0x0000000714a00000, 0x0000000714c00000|  0%| F|  |TAMS 0x0000000714a00000| PB 0x0000000714a00000| Untracked |  0
|  82|0x0000000714c00000, 0x0000000714c00000, 0x0000000714e00000|  0%| F|  |TAMS 0x0000000714c00000| PB 0x0000000714c00000| Untracked |  0
|  83|0x0000000714e00000, 0x0000000714e00000, 0x0000000715000000|  0%| F|  |TAMS 0x0000000714e00000| PB 0x0000000714e00000| Untracked |  0
|  84|0x0000000715000000, 0x0000000715000000, 0x0000000715200000|  0%| F|  |TAMS 0x0000000715000000| PB 0x0000000715000000| Untracked |  0
|  85|0x0000000715200000, 0x0000000715200000, 0x0000000715400000|  0%| F|  |TAMS 0x0000000715200000| PB 0x0000000715200000| Untracked |  0
|  86|0x0000000715400000, 0x0000000715400000, 0x0000000715600000|  0%| F|  |TAMS 0x0000000715400000| PB 0x0000000715400000| Untracked |  0
|  87|0x0000000715600000, 0x0000000715600000, 0x0000000715800000|  0%| F|  |TAMS 0x0000000715600000| PB 0x0000000715600000| Untracked |  0
|  88|0x0000000715800000, 0x0000000715800000, 0x0000000715a00000|  0%| F|  |TAMS 0x0000000715800000| PB 0x0000000715800000| Untracked |  0
|  89|0x0000000715a00000, 0x0000000715a00000, 0x0000000715c00000|  0%| F|  |TAMS 0x0000000715a00000| PB 0x0000000715a00000| Untracked |  0
|  90|0x0000000715c00000, 0x0000000715c00000, 0x0000000715e00000|  0%| F|  |TAMS 0x0000000715c00000| PB 0x0000000715c00000| Untracked |  0
|  91|0x0000000715e00000, 0x0000000715e00000, 0x0000000716000000|  0%| F|  |TAMS 0x0000000715e00000| PB 0x0000000715e00000| Untracked |  0
|  92|0x0000000716000000, 0x0000000716000000, 0x0000000716200000|  0%| F|  |TAMS 0x0000000716000000| PB 0x0000000716000000| Untracked |  0
|  93|0x0000000716200000, 0x0000000716200000, 0x0000000716400000|  0%| F|  |TAMS 0x0000000716200000| PB 0x0000000716200000| Untracked |  0
|  94|0x0000000716400000, 0x0000000716400000, 0x0000000716600000|  0%| F|  |TAMS 0x0000000716400000| PB 0x0000000716400000| Untracked |  0
|  95|0x0000000716600000, 0x0000000716600000, 0x0000000716800000|  0%| F|  |TAMS 0x0000000716600000| PB 0x0000000716600000| Untracked |  0
|  96|0x0000000716800000, 0x0000000716800000, 0x0000000716a00000|  0%| F|  |TAMS 0x0000000716800000| PB 0x0000000716800000| Untracked |  0
|  97|0x0000000716a00000, 0x0000000716a00000, 0x0000000716c00000|  0%| F|  |TAMS 0x0000000716a00000| PB 0x0000000716a00000| Untracked |  0
|  98|0x0000000716c00000, 0x0000000716c00000, 0x0000000716e00000|  0%| F|  |TAMS 0x0000000716c00000| PB 0x0000000716c00000| Untracked |  0
|  99|0x0000000716e00000, 0x0000000716e00000, 0x0000000717000000|  0%| F|  |TAMS 0x0000000716e00000| PB 0x0000000716e00000| Untracked |  0
| 100|0x0000000717000000, 0x0000000717000000, 0x0000000717200000|  0%| F|  |TAMS 0x0000000717000000| PB 0x0000000717000000| Untracked |  0
| 101|0x0000000717200000, 0x0000000717200000, 0x0000000717400000|  0%| F|  |TAMS 0x0000000717200000| PB 0x0000000717200000| Untracked |  0
| 102|0x0000000717400000, 0x0000000717400000, 0x0000000717600000|  0%| F|  |TAMS 0x0000000717400000| PB 0x0000000717400000| Untracked |  0
| 103|0x0000000717600000, 0x0000000717600000, 0x0000000717800000|  0%| F|  |TAMS 0x0000000717600000| PB 0x0000000717600000| Untracked |  0
| 104|0x0000000717800000, 0x0000000717800000, 0x0000000717a00000|  0%| F|  |TAMS 0x0000000717800000| PB 0x0000000717800000| Untracked |  0
| 105|0x0000000717a00000, 0x0000000717a00000, 0x0000000717c00000|  0%| F|  |TAMS 0x0000000717a00000| PB 0x0000000717a00000| Untracked |  0
| 106|0x0000000717c00000, 0x0000000717c00000, 0x0000000717e00000|  0%| F|  |TAMS 0x0000000717c00000| PB 0x0000000717c00000| Untracked |  0
| 107|0x0000000717e00000, 0x0000000717e00000, 0x0000000718000000|  0%| F|  |TAMS 0x0000000717e00000| PB 0x0000000717e00000| Untracked |  0
| 108|0x0000000718000000, 0x0000000718000000, 0x0000000718200000|  0%| F|  |TAMS 0x0000000718000000| PB 0x0000000718000000| Untracked |  0
| 109|0x0000000718200000, 0x00000007183eb8b8, 0x0000000718400000| 96%| E|  |TAMS 0x0000000718200000| PB 0x0000000718200000| Complete |  0
| 110|0x0000000718400000, 0x0000000718600000, 0x0000000718600000|100%| E|CS|TAMS 0x0000000718400000| PB 0x0000000718400000| Complete |  0
| 111|0x0000000718600000, 0x0000000718800000, 0x0000000718800000|100%| E|CS|TAMS 0x0000000718600000| PB 0x0000000718600000| Complete |  0
| 112|0x0000000718800000, 0x0000000718a00000, 0x0000000718a00000|100%| E|CS|TAMS 0x0000000718800000| PB 0x0000000718800000| Complete |  0
| 113|0x0000000718a00000, 0x0000000718c00000, 0x0000000718c00000|100%| E|  |TAMS 0x0000000718a00000| PB 0x0000000718a00000| Complete |  0
| 114|0x0000000718c00000, 0x0000000718e00000, 0x0000000718e00000|100%| E|CS|TAMS 0x0000000718c00000| PB 0x0000000718c00000| Complete |  0
| 115|0x0000000718e00000, 0x0000000719000000, 0x0000000719000000|100%| E|CS|TAMS 0x0000000718e00000| PB 0x0000000718e00000| Complete |  0
| 116|0x0000000719000000, 0x0000000719200000, 0x0000000719200000|100%| E|CS|TAMS 0x0000000719000000| PB 0x0000000719000000| Complete |  0
| 117|0x0000000719200000, 0x0000000719400000, 0x0000000719400000|100%| E|CS|TAMS 0x0000000719200000| PB 0x0000000719200000| Complete |  0
| 118|0x0000000719400000, 0x0000000719600000, 0x0000000719600000|100%| E|CS|TAMS 0x0000000719400000| PB 0x0000000719400000| Complete |  0
| 119|0x0000000719600000, 0x0000000719800000, 0x0000000719800000|100%| E|CS|TAMS 0x0000000719600000| PB 0x0000000719600000| Complete |  0
| 120|0x0000000719800000, 0x0000000719a00000, 0x0000000719a00000|100%| E|CS|TAMS 0x0000000719800000| PB 0x0000000719800000| Complete |  0
| 121|0x0000000719a00000, 0x0000000719c00000, 0x0000000719c00000|100%| E|CS|TAMS 0x0000000719a00000| PB 0x0000000719a00000| Complete |  0
| 122|0x0000000719c00000, 0x0000000719e00000, 0x0000000719e00000|100%| E|CS|TAMS 0x0000000719c00000| PB 0x0000000719c00000| Complete |  0
|1963|0x00000007ffe00000, 0x00000007fff19530, 0x0000000800000000| 54%| O|  |TAMS 0x00000007ffe00000| PB 0x00000007ffe00000| Untracked |  0

Card table byte_map: [0x00007ba68efa1000,0x00007ba68f74d000] _byte_map_base: 0x00007ba68b74d000

Marking Bits: (CMBitMap*) 0x00007ba6a8097930
 Bits: [0x00007ba68b241000, 0x00007ba68efa1000)

Polling page: 0x00007ba6ae2c0000

Metaspace:

Usage:
  Non-class:      6.91 MB used.
      Class:    615.44 KB used.
       Both:      7.51 MB used.

Virtual space:
  Non-class space:       64.00 MB reserved,       7.00 MB ( 11%) committed,  1 nodes.
      Class space:        1.00 GB reserved,     640.00 KB ( <1%) committed,  1 nodes.
             Both:        1.06 GB reserved,       7.62 MB ( <1%) committed. 

Chunk freelists:
   Non-Class:  8.88 MB
       Class:  15.19 MB
        Both:  24.07 MB

MaxMetaspaceSize: unlimited
CompressedClassSpaceSize: 1.00 GB
Initial GC threshold: 21.00 MB
Current GC threshold: 21.00 MB
CDS: on
 - commit_granule_bytes: 65536.
 - commit_granule_words: 8192.
 - virtual_space_node_default_size: 8388608.
 - enlarge_chunks_in_place: 1.
UseCompressedClassPointers 1, UseCompactObjectHeaders 0
Narrow klass pointer bits 32, Max shift 3
Narrow klass base: 0x00007ba62a000000, Narrow klass shift: 0
Encoding Range: [0x00007ba62a000000 - 0x00007ba72a000000), (4294967296 bytes)
Klass Range:    [0x00007ba62a000000 - 0x00007ba66b000000), (1090519040 bytes)
Klass ID Range:  [8 - 1090519033) (1090519025)


Internal statistics:

num_allocs_failed_limit: 0.
num_arena_births: 56.
num_arena_deaths: 0.
num_vsnodes_births: 2.
num_vsnodes_deaths: 0.
num_space_committed: 122.
num_space_uncommitted: 0.
num_chunks_returned_to_freelist: 0.
num_chunks_taken_from_freelist: 200.
num_chunk_merges: 0.
num_chunk_splits: 147.
num_chunks_enlarged: 119.
num_inconsistent_stats: 0.

CodeHeap 'non-profiled nmethods': size=119172Kb used=414Kb max_used=414Kb free=118757Kb
 bounds [0x00007ba69819f000, 0x00007ba69840f000, 0x00007ba69f600000]
CodeHeap 'profiled nmethods': size=119164Kb used=2612Kb max_used=2612Kb free=116551Kb
 bounds [0x00007ba690600000, 0x00007ba690890000, 0x00007ba697a5f000]
CodeHeap 'non-nmethods': size=7424Kb used=2531Kb max_used=2548Kb free=4892Kb
 bounds [0x00007ba697a5f000, 0x00007ba697cef000, 0x00007ba69819f000]
CodeCache: size=245760Kb, used=5557Kb, max_used=5574Kb, free=240200Kb
 total_blobs=2197, nmethods=1682, adapters=420, full_count=0
Compilation: enabled, stopped_count=0, restarted_count=0

Compilation events (20 events):
Event: 0.217 Thread 0x00007ba6a818e970 nmethod 1590 0x00007ba69086a408 code [0x00007ba69086a520, 0x00007ba69086a6f8]
Event: 0.217 Thread 0x00007ba6a818e970 1588       3       org.llvm4j.llvm4j.LoadInstruction::<init> (12 bytes)
Event: 0.217 Thread 0x00007ba60007bb40 nmethod 1576 0x00007ba69086a708 code [0x00007ba69086aa00, 0x00007ba69086bf40]
Event: 0.217 Thread 0x00007ba60007bb40 1594       3       java.nio.Buffer::limit (65 bytes)
Event: 0.217 Thread 0x00007ba60007bb40 nmethod 1594 0x00007ba69086c008 code [0x00007ba69086c140, 0x00007ba69086c3b0]
Event: 0.217 Thread 0x00007ba60007bb40 1597       3       java.lang.String::valueOf (15 bytes)
Event: 0.217 Thread 0x00007ba6a818e970 nmethod 1588 0x00007ba69086c408 code [0x00007ba69086c760, 0x00007ba69086e0e8]
Event: 0.217 Thread 0x00007ba6a818e970 1598       3       com.compiler.ir.SymbolTable::getSymbol (63 bytes)
Event: 0.217 Thread 0x00007ba60007bb40 nmethod 1597 0x00007ba69086e188 code [0x00007ba69086e2a0, 0x00007ba69086e498]
Event: 0.217 Thread 0x00007ba60007bb40 1589       3       java.nio.Buffer::flip (20 bytes)
Event: 0.217 Thread 0x00007ba6a818d190 1599       4       java.util.regex.Pattern$BmpCharPropertyGreedy::match (89 bytes)
Event: 0.217 Thread 0x00007ba60007bb40 nmethod 1589 0x00007ba69086e508 code [0x00007ba69086e620, 0x00007ba69086e738]
Event: 0.217 Thread 0x00007ba60007bb40 1591       3       java.nio.ByteBuffer::flip (7 bytes)
Event: 0.217 Thread 0x00007ba60007bb40 nmethod 1591 0x00007ba69086e808 code [0x00007ba69086e920, 0x00007ba69086ea98]
Event: 0.217 Thread 0x00007ba60007bb40 1592       3       java.nio.CharBuffer::hasArray (20 bytes)
Event: 0.217 Thread 0x00007ba60c09e3e0 1601       4       kotlin.jvm.internal.Intrinsics::checkNotNull (8 bytes)
Event: 0.217 Thread 0x00007ba60007bb40 nmethod 1592 0x00007ba69086eb08 code [0x00007ba69086ec20, 0x00007ba69086eda8]
Event: 0.217 Thread 0x00007ba60007bb40 1593       3       java.nio.CharBuffer::array (35 bytes)
Event: 0.217 Thread 0x00007ba60007bb40 nmethod 1593 0x00007ba69086ee08 code [0x00007ba69086ef40, 0x00007ba69086f200]
Event: 0.217 Thread 0x00007ba60c09e3e0 nmethod 1601 0x00007ba698202d88 code [0x00007ba698202e80, 0x00007ba698202f00]

GC Heap History (0 events):
No events

Dll operation events (17 events):
Event: 0.002 Loaded shared library /home/lyr/.sdkman/candidates/java/24-open/lib/libjava.so
Event: 0.012 Loaded shared library /home/lyr/.sdkman/candidates/java/24-open/lib/libsimdsort.so
Event: 0.012 Loaded shared library /home/lyr/.sdkman/candidates/java/24-open/lib/libjsvml.so
Event: 0.032 Loaded shared library /home/lyr/.sdkman/candidates/java/24-open/lib/libzip.so
Event: 0.033 Loaded shared library /home/lyr/.sdkman/candidates/java/24-open/lib/libinstrument.so
Event: 0.034 Loaded shared library /home/lyr/.sdkman/candidates/java/24-open/lib/libnio.so
Event: 0.036 Loaded shared library /home/lyr/.sdkman/candidates/java/24-open/lib/libzip.so
Event: 0.059 Loaded shared library /home/lyr/.sdkman/candidates/java/24-open/lib/libnet.so
Event: 0.067 Loaded shared library /home/lyr/.sdkman/candidates/java/24-open/lib/libextnet.so
Event: 0.124 Loaded shared library /home/lyr/.sdkman/candidates/java/24-open/lib/libjimage.so
Event: 0.142 Loaded shared library /home/lyr/.javacpp/cache/javacpp-1.5.7-linux-x86_64.jar/org/bytedeco/javacpp/linux-x86_64/libjnijavacpp.so
Event: 0.153 Loaded shared library /home/lyr/.javacpp/cache/llvm-13.0.1-1.5.7-linux-x86_64.jar/org/bytedeco/llvm/linux-x86_64/libLLVM-13.so
Event: 0.155 Loaded shared library /home/lyr/.javacpp/cache/llvm-13.0.1-1.5.7-linux-x86_64.jar/org/bytedeco/llvm/linux-x86_64/libLTO.so.13
Event: 0.157 Loaded shared library /home/lyr/.javacpp/cache/llvm-13.0.1-1.5.7-linux-x86_64.jar/org/bytedeco/llvm/linux-x86_64/libRemarks.so.13
Event: 0.157 Loaded shared library /home/lyr/.javacpp/cache/llvm-13.0.1-1.5.7-linux-x86_64.jar/org/bytedeco/llvm/linux-x86_64/libjniLLVM.so
Event: 0.193 Loaded shared library /home/lyr/.sdkman/candidates/java/24-open/lib/libmanagement.so
Event: 0.199 Loaded shared library /home/lyr/.sdkman/candidates/java/24-open/lib/libmanagement_ext.so

Deoptimization events (20 events):
Event: 0.204 Thread 0x00007ba610000f30 Uncommon trap: trap_request=0xffffff4d fr.pc=0x00007ba6981e695c relative=0x000000000000023c
Event: 0.204 Thread 0x00007ba610000f30 Uncommon trap: reason=unstable_if action=reinterpret pc=0x00007ba6981e695c method=jdk.internal.util.ArraysSupport.mismatch([BI[BII)I @ 55 c2
Event: 0.204 Thread 0x00007ba610000f30 DEOPT PACKING pc=0x00007ba6981e695c sp=0x00007ba67a32ca30
Event: 0.204 Thread 0x00007ba610000f30 DEOPT UNPACKING pc=0x00007ba697b7a1f9 sp=0x00007ba67a32c8d0 mode 2
Event: 0.204 Thread 0x00007ba610000f30 Uncommon trap: trap_request=0xffffff4d fr.pc=0x00007ba6981de350 relative=0x00000000000002b0
Event: 0.204 Thread 0x00007ba610000f30 Uncommon trap: reason=unstable_if action=reinterpret pc=0x00007ba6981de350 method=jdk.internal.util.ArraysSupport.mismatch([BI[BII)I @ 55 c2
Event: 0.204 Thread 0x00007ba610000f30 DEOPT PACKING pc=0x00007ba6981de350 sp=0x00007ba67a32c9c0
Event: 0.204 Thread 0x00007ba610000f30 DEOPT UNPACKING pc=0x00007ba697b7a1f9 sp=0x00007ba67a32c8d0 mode 2
Event: 0.205 Thread 0x00007ba610000f30 Uncommon trap: trap_request=0xffffff4d fr.pc=0x00007ba6981de730 relative=0x0000000000000210
Event: 0.205 Thread 0x00007ba610000f30 Uncommon trap: reason=unstable_if action=reinterpret pc=0x00007ba6981de730 method=jdk.internal.util.ArraysSupport.mismatch([BI[BII)I @ 55 c2
Event: 0.205 Thread 0x00007ba610000f30 DEOPT PACKING pc=0x00007ba6981de730 sp=0x00007ba67a32c900
Event: 0.205 Thread 0x00007ba610000f30 DEOPT UNPACKING pc=0x00007ba697b7a1f9 sp=0x00007ba67a32c8c8 mode 2
Event: 0.211 Thread 0x00007ba610000f30 Uncommon trap: trap_request=0xffffff76 fr.pc=0x00007ba6981fb4fc relative=0x000000000000015c
Event: 0.211 Thread 0x00007ba610000f30 Uncommon trap: reason=predicate action=maybe_recompile pc=0x00007ba6981fb4fc method=java.util.Arrays$ArrayList.indexOf(Ljava/lang/Object;)I @ 39 c2
Event: 0.211 Thread 0x00007ba610000f30 DEOPT PACKING pc=0x00007ba6981fb4fc sp=0x00007ba67a32d040
Event: 0.211 Thread 0x00007ba610000f30 DEOPT UNPACKING pc=0x00007ba697b7a1f9 sp=0x00007ba67a32cfd8 mode 2
Event: 0.217 Thread 0x00007ba610000f30 Uncommon trap: trap_request=0xffffff76 fr.pc=0x00007ba6981eb850 relative=0x0000000000000190
Event: 0.217 Thread 0x00007ba610000f30 Uncommon trap: reason=predicate action=maybe_recompile pc=0x00007ba6981eb850 method=java.util.regex.Pattern$BmpCharPropertyGreedy.match(Ljava/util/regex/Matcher;ILjava/lang/CharSequence;)Z @ 12 c2
Event: 0.217 Thread 0x00007ba610000f30 DEOPT PACKING pc=0x00007ba6981eb850 sp=0x00007ba67a32d9a0
Event: 0.217 Thread 0x00007ba610000f30 DEOPT UNPACKING pc=0x00007ba697b7a1f9 sp=0x00007ba67a32d958 mode 2

Classes loaded (20 events):
Event: 0.214 Loading class sun/management/BaseOperatingSystemImpl done
Event: 0.214 Loading class com/sun/management/internal/OperatingSystemImpl done
Event: 0.215 Loading class com/sun/management/internal/OperatingSystemImpl$SystemCpuTicks
Event: 0.215 Loading class com/sun/management/internal/OperatingSystemImpl$ContainerCpuTicks
Event: 0.215 Loading class com/sun/management/internal/OperatingSystemImpl$ContainerCpuTicks done
Event: 0.215 Loading class com/sun/management/internal/OperatingSystemImpl$SystemCpuTicks done
Event: 0.215 Loading class com/sun/management/internal/OperatingSystemImpl$ProcessCpuTicks
Event: 0.215 Loading class com/sun/management/internal/OperatingSystemImpl$ProcessCpuTicks done
Event: 0.215 Loading class jdk/internal/platform/Container
Event: 0.215 Loading class jdk/internal/platform/Container done
Event: 0.215 Loading class jdk/internal/platform/Metrics
Event: 0.215 Loading class jdk/internal/platform/Metrics done
Event: 0.215 Loading class jdk/internal/platform/SystemMetrics
Event: 0.215 Loading class jdk/internal/platform/SystemMetrics done
Event: 0.215 Loading class jdk/internal/platform/CgroupMetrics
Event: 0.215 Loading class jdk/internal/platform/CgroupMetrics done
Event: 0.215 Loading class jdk/internal/platform/CgroupSubsystemFactory
Event: 0.215 Loading class jdk/internal/platform/CgroupSubsystemFactory done
Event: 0.217 Loading class jdk/internal/platform/CgroupInfo
Event: 0.217 Loading class jdk/internal/platform/CgroupInfo done

Classes unloaded (0 events):
No events

Classes redefined (0 events):
No events

Internal exceptions (9 events):
Event: 0.053 Thread 0x00007ba6a802d440 Exception <a 'java/lang/NoSuchMethodError'{0x000000071971e520}: 'void java.lang.invoke.DirectMethodHandle$Holder.invokeStatic(java.lang.Object, java.lang.Object, java.lang.Object)'> (0x000000071971e520) 
thrown [open/src/hotspot/share/interpreter/linkResolver.cpp, line 804]
Event: 0.056 Thread 0x00007ba6a802d440 Exception <a 'java/lang/NoSuchMethodError'{0x00000007197530e0}: 'java.lang.Object java.lang.invoke.Invokers$Holder.invokeExact_MT(java.lang.Object, java.lang.Object, java.lang.Object, java.lang.Object, java.lang.Object)'> (0x00000007197530e0) 
thrown [open/src/hotspot/share/interpreter/linkResolver.cpp, line 804]
Event: 0.060 Thread 0x00007ba6a802d440 Exception <a 'java/lang/NoSuchMethodError'{0x0000000719774c28}: 'void java.lang.invoke.DirectMethodHandle$Holder.invokeVirtual(java.lang.Object, java.lang.Object)'> (0x0000000719774c28) 
thrown [open/src/hotspot/share/interpreter/linkResolver.cpp, line 804]
Event: 0.066 Thread 0x00007ba6a8324e60 Exception <a 'java/lang/NoSuchMethodError'{0x0000000719405620}: 'java.lang.Object java.lang.invoke.DirectMethodHandle$Holder.invokeStaticInit(java.lang.Object)'> (0x0000000719405620) 
thrown [open/src/hotspot/share/interpreter/linkResolver.cpp, line 804]
Event: 0.068 Thread 0x00007ba6a8324e60 Exception <a 'java/lang/NoSuchMethodError'{0x0000000719410740}: 'void java.lang.invoke.DirectMethodHandle$Holder.invokeStatic(java.lang.Object, java.lang.Object)'> (0x0000000719410740) 
thrown [open/src/hotspot/share/interpreter/linkResolver.cpp, line 804]
Event: 0.123 Thread 0x00007ba6a802d440 Exception <a 'java/lang/NoSuchMethodError'{0x0000000718ebe1f8}: 'java.lang.Object java.lang.invoke.DirectMethodHandle$Holder.invokeInterface(java.lang.Object, java.lang.Object)'> (0x0000000718ebe1f8) 
thrown [open/src/hotspot/share/interpreter/linkResolver.cpp, line 804]
Event: 0.131 Thread 0x00007ba6a802d440 Exception <a 'java/lang/NoSuchMethodError'{0x0000000718f37c28}: 'void java.lang.invoke.DirectMethodHandle$Holder.invokeSpecial(java.lang.Object, java.lang.Object, java.lang.Object)'> (0x0000000718f37c28) 
thrown [open/src/hotspot/share/interpreter/linkResolver.cpp, line 804]
Event: 0.200 Thread 0x00007ba610000f30 Exception <a 'java/lang/NoSuchMethodError'{0x0000000718bbdc60}: 'int java.lang.invoke.DirectMethodHandle$Holder.invokeInterface(java.lang.Object, java.lang.Object)'> (0x0000000718bbdc60) 
thrown [open/src/hotspot/share/interpreter/linkResolver.cpp, line 804]
Event: 0.200 Thread 0x00007ba610000f30 Exception <a 'java/lang/IncompatibleClassChangeError'{0x0000000718bc58e0}: Found class java.lang.Object, but interface was expected> (0x0000000718bc58e0) 
thrown [open/src/hotspot/share/interpreter/linkResolver.cpp, line 872]

VM Operations (16 events):
Event: 0.025 Executing VM operation: HandshakeAllThreads (Deoptimize)
Event: 0.025 Executing VM operation: HandshakeAllThreads (Deoptimize) done
Event: 0.069 Executing VM operation: HandshakeAllThreads (Deoptimize)
Event: 0.069 Executing VM operation: HandshakeAllThreads (Deoptimize) done
Event: 0.081 Executing VM operation: HandshakeAllThreads (Deoptimize)
Event: 0.081 Executing VM operation: HandshakeAllThreads (Deoptimize) done
Event: 0.098 Executing VM operation: HandshakeAllThreads (Deoptimize)
Event: 0.098 Executing VM operation: HandshakeAllThreads (Deoptimize) done
Event: 0.125 Executing VM operation: HandshakeAllThreads (Deoptimize)
Event: 0.125 Executing VM operation: HandshakeAllThreads (Deoptimize) done
Event: 0.175 Executing VM operation: HandshakeAllThreads (Deoptimize)
Event: 0.175 Executing VM operation: HandshakeAllThreads (Deoptimize) done
Event: 0.180 Executing VM operation: HandshakeAllThreads (Deoptimize)
Event: 0.180 Executing VM operation: HandshakeAllThreads (Deoptimize) done
Event: 0.202 Executing VM operation: HandshakeAllThreads (Deoptimize)
Event: 0.202 Executing VM operation: HandshakeAllThreads (Deoptimize) done

Memory protections (16 events):
Event: 0.001 Protecting memory [0x00007ba6ac900000,0x00007ba6ac904000] with protection modes 0
Event: 0.010 Protecting memory [0x00007ba67b8fa000,0x00007ba67b8fe000] with protection modes 0
Event: 0.010 Protecting memory [0x00007ba67b7f9000,0x00007ba67b7fd000] with protection modes 0
Event: 0.011 Protecting memory [0x00007ba67b6f8000,0x00007ba67b6fc000] with protection modes 0
Event: 0.011 Protecting memory [0x00007ba67ad00000,0x00007ba67ad04000] with protection modes 0
Event: 0.011 Protecting memory [0x00007ba67ac00000,0x00007ba67ac04000] with protection modes 0
Event: 0.011 Protecting memory [0x00007ba67ab00000,0x00007ba67ab04000] with protection modes 0
Event: 0.011 Protecting memory [0x00007ba67aa00000,0x00007ba67aa04000] with protection modes 0
Event: 0.020 Protecting memory [0x00007ba67a830000,0x00007ba67a834000] with protection modes 0
Event: 0.025 Protecting memory [0x00007ba67a730000,0x00007ba67a734000] with protection modes 0
Event: 0.025 Protecting memory [0x00007ba67a630000,0x00007ba67a634000] with protection modes 0
Event: 0.044 Protecting memory [0x00007ba67a530000,0x00007ba67a534000] with protection modes 0
Event: 0.058 Protecting memory [0x00007ba67a430000,0x00007ba67a434000] with protection modes 0
Event: 0.058 Protecting memory [0x00007ba67a330000,0x00007ba67a334000] with protection modes 0
Event: 0.071 Protecting memory [0x00007ba67a230000,0x00007ba67a234000] with protection modes 0
Event: 0.145 Protecting memory [0x00007ba67a130000,0x00007ba67a134000] with protection modes 0

Nmethod flushes (0 events):
No events

Events (16 events):
Event: 0.007 Thread 0x00007ba6a802d440 Thread added: 0x00007ba6a802d440
Event: 0.010 Thread 0x00007ba6a802d440 Thread added: 0x00007ba6a8186620
Event: 0.010 Thread 0x00007ba6a802d440 Thread added: 0x00007ba6a8187460
Event: 0.011 Thread 0x00007ba6a802d440 Thread added: 0x00007ba6a81887a0
Event: 0.011 Thread 0x00007ba6a802d440 Thread added: 0x00007ba6a8189eb0
Event: 0.011 Thread 0x00007ba6a802d440 Thread added: 0x00007ba6a818b520
Event: 0.011 Thread 0x00007ba6a802d440 Thread added: 0x00007ba6a818d190
Event: 0.011 Thread 0x00007ba6a802d440 Thread added: 0x00007ba6a818e970
Event: 0.020 Thread 0x00007ba6a802d440 Thread added: 0x00007ba6a819e760
Event: 0.025 Thread 0x00007ba6a818e970 Thread added: 0x00007ba60007bb40
Event: 0.025 Thread 0x00007ba60007bb40 Thread added: 0x00007ba5f8001510
Event: 0.044 Thread 0x00007ba6a818d190 Thread added: 0x00007ba60c09e3e0
Event: 0.058 Thread 0x00007ba6a802d440 Thread added: 0x00007ba6a8324e60
Event: 0.058 Thread 0x00007ba6a802d440 Thread added: 0x00007ba6a8326c00
Event: 0.071 Thread 0x00007ba6a81887a0 Thread added: 0x00007ba610000f30
Event: 0.145 Thread 0x00007ba6a802d440 Thread added: 0x00007ba6a844fe50


Dynamic libraries:
70a800000-719e00000 rw-p 00000000 00:00 0 
719e00000-7ffe00000 ---p 00000000 00:00 0 
7ffe00000-7fff1a000 rw-p 00d4a000 08:03 9051532                          /home/lyr/.sdkman/candidates/java/24-open/lib/server/classes.jsa
7fff1a000-800000000 rw-p 00000000 00:00 0 
5785e9eb5000-5785e9eb6000 r-xp 00000000 08:03 9051890                    /home/lyr/.sdkman/candidates/java/24-open/bin/java
5785e9eb7000-5785e9eb8000 r--p 00001000 08:03 9051890                    /home/lyr/.sdkman/candidates/java/24-open/bin/java
5785e9eb8000-5785e9eb9000 rw-p 00002000 08:03 9051890                    /home/lyr/.sdkman/candidates/java/24-open/bin/java
5785fe081000-5785fe0c9000 rw-p 00000000 00:00 0                          [heap]
7ba5d9400000-7ba5d9d26000 r--p 00000000 08:03 7360452                    /home/lyr/.javacpp/cache/llvm-13.0.1-1.5.7-linux-x86_64.jar/org/bytedeco/llvm/linux-x86_64/libLLVM-13.so
7ba5d9d26000-7ba5dd6e9000 r-xp 00926000 08:03 7360452                    /home/lyr/.javacpp/cache/llvm-13.0.1-1.5.7-linux-x86_64.jar/org/bytedeco/llvm/linux-x86_64/libLLVM-13.so
7ba5dd6e9000-7ba5df93e000 r--p 042e9000 08:03 7360452                    /home/lyr/.javacpp/cache/llvm-13.0.1-1.5.7-linux-x86_64.jar/org/bytedeco/llvm/linux-x86_64/libLLVM-13.so
7ba5df93e000-7ba5dfe53000 r--p 0653d000 08:03 7360452                    /home/lyr/.javacpp/cache/llvm-13.0.1-1.5.7-linux-x86_64.jar/org/bytedeco/llvm/linux-x86_64/libLLVM-13.so
7ba5dfe53000-7ba5dfe5e000 rw-p 06a52000 08:03 7360452                    /home/lyr/.javacpp/cache/llvm-13.0.1-1.5.7-linux-x86_64.jar/org/bytedeco/llvm/linux-x86_64/libLLVM-13.so
7ba5dfe5e000-7ba5dfed4000 rw-p 00000000 00:00 0 
7ba5e0000000-7ba5e0021000 rw-p 00000000 00:00 0 
7ba5e0021000-7ba5e4000000 ---p 00000000 00:00 0 
7ba5e8000000-7ba5e8021000 rw-p 00000000 00:00 0 
7ba5e8021000-7ba5ec000000 ---p 00000000 00:00 0 
7ba5ec000000-7ba5ec13a000 rw-p 00000000 00:00 0 
7ba5ec13a000-7ba5f0000000 ---p 00000000 00:00 0 
7ba5f0000000-7ba5f0143000 rw-p 00000000 00:00 0 
7ba5f0143000-7ba5f4000000 ---p 00000000 00:00 0 
7ba5f4000000-7ba5f4033000 rw-p 00000000 00:00 0 
7ba5f4033000-7ba5f8000000 ---p 00000000 00:00 0 
7ba5f8000000-7ba5f8134000 rw-p 00000000 00:00 0 
7ba5f8134000-7ba5fc000000 ---p 00000000 00:00 0 
7ba5fc000000-7ba5fc19b000 rw-p 00000000 00:00 0 
7ba5fc19b000-7ba600000000 ---p 00000000 00:00 0 
7ba600000000-7ba6003bb000 rw-p 00000000 00:00 0 
7ba6003bb000-7ba604000000 ---p 00000000 00:00 0 
7ba604000000-7ba604021000 rw-p 00000000 00:00 0 
7ba604021000-7ba608000000 ---p 00000000 00:00 0 
7ba608000000-7ba608021000 rw-p 00000000 00:00 0 
7ba608021000-7ba60c000000 ---p 00000000 00:00 0 
7ba60c000000-7ba60c2a3000 rw-p 00000000 00:00 0 
7ba60c2a3000-7ba610000000 ---p 00000000 00:00 0 
7ba610000000-7ba610021000 rw-p 00000000 00:00 0 
7ba610021000-7ba614000000 ---p 00000000 00:00 0 
7ba614000000-7ba614021000 rw-p 00000000 00:00 0 
7ba614021000-7ba618000000 ---p 00000000 00:00 0 
7ba618000000-7ba6183e0000 rw-p 00000000 00:00 0 
7ba6183e0000-7ba618400000 ---p 00000000 00:00 0 
7ba618400000-7ba618720000 rw-p 00000000 00:00 0 
7ba618720000-7ba61c000000 ---p 00000000 00:00 0 
7ba61c000000-7ba61c021000 rw-p 00000000 00:00 0 
7ba61c021000-7ba620000000 ---p 00000000 00:00 0 
7ba620000000-7ba620021000 rw-p 00000000 00:00 0 
7ba620021000-7ba624000000 ---p 00000000 00:00 0 
7ba624000000-7ba624021000 rw-p 00000000 00:00 0 
7ba624021000-7ba628000000 ---p 00000000 00:00 0 
7ba62a000000-7ba62ad17000 rw-p 00001000 08:03 9051532                    /home/lyr/.sdkman/candidates/java/24-open/lib/server/classes.jsa
7ba62ad17000-7ba62b000000 ---p 00000000 00:00 0 
7ba62b000000-7ba62b030000 rw-p 00000000 00:00 0 
7ba62b030000-7ba62b070000 rw-p 00000000 00:00 0 
7ba62b070000-7ba62b090000 rw-p 00000000 00:00 0 
7ba62b090000-7ba62b0c0000 ---p 00000000 00:00 0 
7ba62b0c0000-7ba62b0d0000 rw-p 00000000 00:00 0 
7ba62b0d0000-7ba66b000000 ---p 00000000 00:00 0 
7ba66c000000-7ba66c021000 rw-p 00000000 00:00 0 
7ba66c021000-7ba670000000 ---p 00000000 00:00 0 
7ba670000000-7ba670021000 rw-p 00000000 00:00 0 
7ba670021000-7ba674000000 ---p 00000000 00:00 0 
7ba674000000-7ba674021000 rw-p 00000000 00:00 0 
7ba674021000-7ba678000000 ---p 00000000 00:00 0 
7ba678d5f000-7ba679cfa000 rw-p 00000000 00:00 0 
7ba679cfa000-7ba679d5f000 r--p 00000000 08:03 7360478                    /home/lyr/.javacpp/cache/llvm-13.0.1-1.5.7-linux-x86_64.jar/org/bytedeco/llvm/linux-x86_64/libjniLLVM.so
7ba679d5f000-7ba679dcd000 r-xp 00065000 08:03 7360478                    /home/lyr/.javacpp/cache/llvm-13.0.1-1.5.7-linux-x86_64.jar/org/bytedeco/llvm/linux-x86_64/libjniLLVM.so
7ba679dcd000-7ba679df8000 r--p 000d3000 08:03 7360478                    /home/lyr/.javacpp/cache/llvm-13.0.1-1.5.7-linux-x86_64.jar/org/bytedeco/llvm/linux-x86_64/libjniLLVM.so
7ba679df8000-7ba679dfb000 r--p 000fd000 08:03 7360478                    /home/lyr/.javacpp/cache/llvm-13.0.1-1.5.7-linux-x86_64.jar/org/bytedeco/llvm/linux-x86_64/libjniLLVM.so
7ba679dfb000-7ba679dfe000 rw-p 00100000 08:03 7360478                    /home/lyr/.javacpp/cache/llvm-13.0.1-1.5.7-linux-x86_64.jar/org/bytedeco/llvm/linux-x86_64/libjniLLVM.so
7ba679dfe000-7ba679e00000 rw-p 00000000 00:00 0 
7ba679e00000-7ba679e9d000 r--p 00000000 08:02 803586                     /usr/lib/x86_64-linux-gnu/libstdc++.so.6.0.33
7ba679e9d000-7ba679fe5000 r-xp 0009d000 08:02 803586                     /usr/lib/x86_64-linux-gnu/libstdc++.so.6.0.33
7ba679fe5000-7ba67a06c000 r--p 001e5000 08:02 803586                     /usr/lib/x86_64-linux-gnu/libstdc++.so.6.0.33
7ba67a06c000-7ba67a077000 r--p 0026b000 08:02 803586                     /usr/lib/x86_64-linux-gnu/libstdc++.so.6.0.33
7ba67a077000-7ba67a07a000 rw-p 00276000 08:02 803586                     /usr/lib/x86_64-linux-gnu/libstdc++.so.6.0.33
7ba67a07a000-7ba67a07e000 rw-p 00000000 00:00 0 
7ba67a130000-7ba67a134000 ---p 00000000 00:00 0 
7ba67a134000-7ba67a230000 rw-p 00000000 00:00 0 
7ba67a230000-7ba67a234000 ---p 00000000 00:00 0 
7ba67a234000-7ba67a330000 rw-p 00000000 00:00 0 
7ba67a330000-7ba67a334000 ---p 00000000 00:00 0 
7ba67a334000-7ba67a430000 rw-p 00000000 00:00 0 
7ba67a430000-7ba67a434000 ---p 00000000 00:00 0 
7ba67a434000-7ba67a530000 rw-p 00000000 00:00 0 
7ba67a530000-7ba67a534000 ---p 00000000 00:00 0 
7ba67a534000-7ba67a630000 rw-p 00000000 00:00 0 
7ba67a630000-7ba67a634000 ---p 00000000 00:00 0 
7ba67a634000-7ba67a730000 rw-p 00000000 00:00 0 
7ba67a730000-7ba67a734000 ---p 00000000 00:00 0 
7ba67a734000-7ba67a830000 rw-p 00000000 00:00 0 
7ba67a830000-7ba67a834000 ---p 00000000 00:00 0 
7ba67a834000-7ba67a930000 rw-p 00000000 00:00 0 
7ba67a930000-7ba67a9fe000 r-xp 00000000 08:03 9051500                    /home/lyr/.sdkman/candidates/java/24-open/lib/libjsvml.so
7ba67a9fe000-7ba67a9ff000 r--p 000cd000 08:03 9051500                    /home/lyr/.sdkman/candidates/java/24-open/lib/libjsvml.so
7ba67a9ff000-7ba67aa00000 rw-p 000ce000 08:03 9051500                    /home/lyr/.sdkman/candidates/java/24-open/lib/libjsvml.so
7ba67aa00000-7ba67aa04000 ---p 00000000 00:00 0 
7ba67aa04000-7ba67ab00000 rw-p 00000000 00:00 0 
7ba67ab00000-7ba67ab04000 ---p 00000000 00:00 0 
7ba67ab04000-7ba67ac00000 rw-p 00000000 00:00 0 
7ba67ac00000-7ba67ac04000 ---p 00000000 00:00 0 
7ba67ac04000-7ba67ad00000 rw-p 00000000 00:00 0 
7ba67ad00000-7ba67ad04000 ---p 00000000 00:00 0 
7ba67ad04000-7ba67ae00000 rw-p 00000000 00:00 0 
7ba67ae00000-7ba67b67b000 r--p 00000000 08:02 818601                     /usr/lib/locale/locale-archive
7ba67b6c3000-7ba67b6ca000 r--s 00000000 08:02 788954                     /usr/lib/x86_64-linux-gnu/gconv/gconv-modules.cache
7ba67b6ca000-7ba67b6ce000 r--p 00000000 08:02 799950                     /usr/lib/x86_64-linux-gnu/libgcc_s.so.1
7ba67b6ce000-7ba67b6f2000 r-xp 00004000 08:02 799950                     /usr/lib/x86_64-linux-gnu/libgcc_s.so.1
7ba67b6f2000-7ba67b6f6000 r--p 00028000 08:02 799950                     /usr/lib/x86_64-linux-gnu/libgcc_s.so.1
7ba67b6f6000-7ba67b6f7000 r--p 0002b000 08:02 799950                     /usr/lib/x86_64-linux-gnu/libgcc_s.so.1
7ba67b6f7000-7ba67b6f8000 rw-p 0002c000 08:02 799950                     /usr/lib/x86_64-linux-gnu/libgcc_s.so.1
7ba67b6f8000-7ba67b6fc000 ---p 00000000 00:00 0 
7ba67b6fc000-7ba67b7f8000 rw-p 00000000 00:00 0 
7ba67b7f8000-7ba67b7f9000 ---p 00000000 00:00 0 
7ba67b7f9000-7ba67b7fd000 ---p 00000000 00:00 0 
7ba67b7fd000-7ba67b8f9000 rw-p 00000000 00:00 0 
7ba67b8f9000-7ba67b8fa000 ---p 00000000 00:00 0 
7ba67b8fa000-7ba67b8fe000 ---p 00000000 00:00 0 
7ba67b8fe000-7ba67b9fa000 rw-p 00000000 00:00 0 
7ba67b9fa000-7ba67b9fb000 ---p 00000000 00:00 0 
7ba67b9fb000-7ba67bafb000 rw-p 00000000 00:00 0 
7ba67bafb000-7ba67bafc000 ---p 00000000 00:00 0 
7ba67bafc000-7ba67bbfc000 rw-p 00000000 00:00 0 
7ba67bbfc000-7ba67bbfd000 ---p 00000000 00:00 0 
7ba67bbfd000-7ba67bcfd000 rw-p 00000000 00:00 0 
7ba67bcfd000-7ba67bcfe000 ---p 00000000 00:00 0 
7ba67bcfe000-7ba67bdfe000 rw-p 00000000 00:00 0 
7ba67bdfe000-7ba67c021000 rw-p 00000000 00:00 0 
7ba67c021000-7ba680000000 ---p 00000000 00:00 0 
7ba680000000-7ba680021000 rw-p 00000000 00:00 0 
7ba680021000-7ba684000000 ---p 00000000 00:00 0 
7ba684000000-7ba684021000 rw-p 00000000 00:00 0 
7ba684021000-7ba688000000 ---p 00000000 00:00 0 
7ba688004000-7ba68800b000 r--p 00000000 08:03 7360460                    /home/lyr/.javacpp/cache/llvm-13.0.1-1.5.7-linux-x86_64.jar/org/bytedeco/llvm/linux-x86_64/libLTO.so.13
7ba68800b000-7ba688013000 r-xp 00007000 08:03 7360460                    /home/lyr/.javacpp/cache/llvm-13.0.1-1.5.7-linux-x86_64.jar/org/bytedeco/llvm/linux-x86_64/libLTO.so.13
7ba688013000-7ba688015000 r--p 0000f000 08:03 7360460                    /home/lyr/.javacpp/cache/llvm-13.0.1-1.5.7-linux-x86_64.jar/org/bytedeco/llvm/linux-x86_64/libLTO.so.13
7ba688015000-7ba688016000 r--p 00010000 08:03 7360460                    /home/lyr/.javacpp/cache/llvm-13.0.1-1.5.7-linux-x86_64.jar/org/bytedeco/llvm/linux-x86_64/libLTO.so.13
7ba688016000-7ba688017000 rw-p 00011000 08:03 7360460                    /home/lyr/.javacpp/cache/llvm-13.0.1-1.5.7-linux-x86_64.jar/org/bytedeco/llvm/linux-x86_64/libLTO.so.13
7ba688017000-7ba68ae00000 rw-p 00000000 00:00 0 
7ba68ae03000-7ba68ae41000 r-xp 00000000 08:03 9051513                    /home/lyr/.sdkman/candidates/java/24-open/lib/libsimdsort.so
7ba68ae41000-7ba68ae42000 ---p 0003e000 08:03 9051513                    /home/lyr/.sdkman/candidates/java/24-open/lib/libsimdsort.so
7ba68ae42000-7ba68ae43000 r--p 0003e000 08:03 9051513                    /home/lyr/.sdkman/candidates/java/24-open/lib/libsimdsort.so
7ba68ae43000-7ba68ae44000 rw-p 0003f000 08:03 9051513                    /home/lyr/.sdkman/candidates/java/24-open/lib/libsimdsort.so
7ba68ae44000-7ba68ae45000 ---p 00000000 00:00 0 
7ba68ae45000-7ba68af45000 rw-p 00000000 00:00 0 
7ba68af45000-7ba68af46000 ---p 00000000 00:00 0 
7ba68af46000-7ba68b046000 rw-p 00000000 00:00 0 
7ba68b046000-7ba68b047000 ---p 00000000 00:00 0 
7ba68b047000-7ba68b147000 rw-p 00000000 00:00 0 
7ba68b147000-7ba68b619000 rw-p 00000000 00:00 0 
7ba68b619000-7ba68ef99000 ---p 00000000 00:00 0 
7ba68ef99000-7ba68f01c000 rw-p 00000000 00:00 0 
7ba68f01c000-7ba68f74c000 ---p 00000000 00:00 0 
7ba68f74c000-7ba68f7c8000 rw-p 00000000 00:00 0 
7ba68f7c8000-7ba68fef8000 ---p 00000000 00:00 0 
7ba68fef8000-7ba690600000 rw-p 00000000 00:00 0 
7ba690600000-7ba690890000 rwxp 00000000 00:00 0 
7ba690890000-7ba697a5f000 ---p 00000000 00:00 0 
7ba697a5f000-7ba697cef000 rwxp 00000000 00:00 0 
7ba697cef000-7ba69819f000 ---p 00000000 00:00 0 
7ba69819f000-7ba69840f000 rwxp 00000000 00:00 0 
7ba69840f000-7ba69f600000 ---p 00000000 00:00 0 
7ba69f600000-7ba6a7eb3000 r--s 00000000 08:03 9051503                    /home/lyr/.sdkman/candidates/java/24-open/lib/modules
7ba6a7eb6000-7ba6a7ebb000 r-xp 00000000 08:03 9051527                    /home/lyr/.sdkman/candidates/java/24-open/lib/libmanagement_ext.so
7ba6a7ebb000-7ba6a7ebc000 ---p 00005000 08:03 9051527                    /home/lyr/.sdkman/candidates/java/24-open/lib/libmanagement_ext.so
7ba6a7ebc000-7ba6a7ebd000 r--p 00005000 08:03 9051527                    /home/lyr/.sdkman/candidates/java/24-open/lib/libmanagement_ext.so
7ba6a7ebd000-7ba6a7ebe000 rw-p 00006000 08:03 9051527                    /home/lyr/.sdkman/candidates/java/24-open/lib/libmanagement_ext.so
7ba6a7ebe000-7ba6a8887000 rw-p 00000000 00:00 0 
7ba6a8887000-7ba6ac000000 ---p 00000000 00:00 0 
7ba6ac002000-7ba6ac006000 r-xp 00000000 08:03 9051482                    /home/lyr/.sdkman/candidates/java/24-open/lib/libmanagement.so
7ba6ac006000-7ba6ac007000 r--p 00003000 08:03 9051482                    /home/lyr/.sdkman/candidates/java/24-open/lib/libmanagement.so
7ba6ac007000-7ba6ac008000 rw-p 00004000 08:03 9051482                    /home/lyr/.sdkman/candidates/java/24-open/lib/libmanagement.so
7ba6ac008000-7ba6ac00c000 r--p 00000000 08:03 7360320                    /home/lyr/.javacpp/cache/javacpp-1.5.7-linux-x86_64.jar/org/bytedeco/javacpp/linux-x86_64/libjnijavacpp.so
7ba6ac00c000-7ba6ac013000 r-xp 00004000 08:03 7360320                    /home/lyr/.javacpp/cache/javacpp-1.5.7-linux-x86_64.jar/org/bytedeco/javacpp/linux-x86_64/libjnijavacpp.so
7ba6ac013000-7ba6ac017000 r--p 0000b000 08:03 7360320                    /home/lyr/.javacpp/cache/javacpp-1.5.7-linux-x86_64.jar/org/bytedeco/javacpp/linux-x86_64/libjnijavacpp.so
7ba6ac017000-7ba6ac018000 r--p 0000e000 08:03 7360320                    /home/lyr/.javacpp/cache/javacpp-1.5.7-linux-x86_64.jar/org/bytedeco/javacpp/linux-x86_64/libjnijavacpp.so
7ba6ac018000-7ba6ac019000 rw-p 0000f000 08:03 7360320                    /home/lyr/.javacpp/cache/javacpp-1.5.7-linux-x86_64.jar/org/bytedeco/javacpp/linux-x86_64/libjnijavacpp.so
7ba6ac019000-7ba6ac024000 r-xp 00000000 08:03 9051515                    /home/lyr/.sdkman/candidates/java/24-open/lib/libnet.so
7ba6ac024000-7ba6ac025000 ---p 0000b000 08:03 9051515                    /home/lyr/.sdkman/candidates/java/24-open/lib/libnet.so
7ba6ac025000-7ba6ac026000 r--p 0000b000 08:03 9051515                    /home/lyr/.sdkman/candidates/java/24-open/lib/libnet.so
7ba6ac026000-7ba6ac027000 rw-p 0000c000 08:03 9051515                    /home/lyr/.sdkman/candidates/java/24-open/lib/libnet.so
7ba6ac027000-7ba6ac733000 rw-p 00000000 00:00 0 
7ba6ac733000-7ba6ac817000 ---p 00000000 00:00 0 
7ba6ac817000-7ba6ac81d000 rw-p 00000000 00:00 0 
7ba6ac81d000-7ba6ac900000 ---p 00000000 00:00 0 
7ba6ac900000-7ba6ac904000 ---p 00000000 00:00 0 
7ba6ac904000-7ba6aca00000 rw-p 00000000 00:00 0 
7ba6aca00000-7ba6add81000 r-xp 00000000 08:03 9051533                    /home/lyr/.sdkman/candidates/java/24-open/lib/server/libjvm.so
7ba6add81000-7ba6add82000 ---p 01381000 08:03 9051533                    /home/lyr/.sdkman/candidates/java/24-open/lib/server/libjvm.so
7ba6add82000-7ba6ade56000 r--p 01381000 08:03 9051533                    /home/lyr/.sdkman/candidates/java/24-open/lib/server/libjvm.so
7ba6ade56000-7ba6ade84000 rw-p 01455000 08:03 9051533                    /home/lyr/.sdkman/candidates/java/24-open/lib/server/libjvm.so
7ba6ade84000-7ba6adefd000 rw-p 00000000 00:00 0 
7ba6adf01000-7ba6adf14000 r-xp 00000000 08:03 9051514                    /home/lyr/.sdkman/candidates/java/24-open/lib/libnio.so
7ba6adf14000-7ba6adf15000 ---p 00013000 08:03 9051514                    /home/lyr/.sdkman/candidates/java/24-open/lib/libnio.so
7ba6adf15000-7ba6adf16000 r--p 00013000 08:03 9051514                    /home/lyr/.sdkman/candidates/java/24-open/lib/libnio.so
7ba6adf16000-7ba6adf17000 rw-p 00014000 08:03 9051514                    /home/lyr/.sdkman/candidates/java/24-open/lib/libnio.so
7ba6adf17000-7ba6adf27000 r--p 00000000 08:02 788999                     /usr/lib/x86_64-linux-gnu/libm.so.6
7ba6adf27000-7ba6adfa6000 r-xp 00010000 08:02 788999                     /usr/lib/x86_64-linux-gnu/libm.so.6
7ba6adfa6000-7ba6adffe000 r--p 0008f000 08:02 788999                     /usr/lib/x86_64-linux-gnu/libm.so.6
7ba6adffe000-7ba6adfff000 r--p 000e7000 08:02 788999                     /usr/lib/x86_64-linux-gnu/libm.so.6
7ba6adfff000-7ba6ae000000 rw-p 000e8000 08:02 788999                     /usr/lib/x86_64-linux-gnu/libm.so.6
7ba6ae000000-7ba6ae028000 r--p 00000000 08:02 788996                     /usr/lib/x86_64-linux-gnu/libc.so.6
7ba6ae028000-7ba6ae1b0000 r-xp 00028000 08:02 788996                     /usr/lib/x86_64-linux-gnu/libc.so.6
7ba6ae1b0000-7ba6ae1ff000 r--p 001b0000 08:02 788996                     /usr/lib/x86_64-linux-gnu/libc.so.6
7ba6ae1ff000-7ba6ae203000 r--p 001fe000 08:02 788996                     /usr/lib/x86_64-linux-gnu/libc.so.6
7ba6ae203000-7ba6ae205000 rw-p 00202000 08:02 788996                     /usr/lib/x86_64-linux-gnu/libc.so.6
7ba6ae205000-7ba6ae212000 rw-p 00000000 00:00 0 
7ba6ae215000-7ba6ae216000 r--p 00000000 08:03 7360474                    /home/lyr/.javacpp/cache/llvm-13.0.1-1.5.7-linux-x86_64.jar/org/bytedeco/llvm/linux-x86_64/libRemarks.so.13
7ba6ae216000-7ba6ae217000 r-xp 00001000 08:03 7360474                    /home/lyr/.javacpp/cache/llvm-13.0.1-1.5.7-linux-x86_64.jar/org/bytedeco/llvm/linux-x86_64/libRemarks.so.13
7ba6ae217000-7ba6ae218000 r--p 00002000 08:03 7360474                    /home/lyr/.javacpp/cache/llvm-13.0.1-1.5.7-linux-x86_64.jar/org/bytedeco/llvm/linux-x86_64/libRemarks.so.13
7ba6ae218000-7ba6ae219000 r--p 00002000 08:03 7360474                    /home/lyr/.javacpp/cache/llvm-13.0.1-1.5.7-linux-x86_64.jar/org/bytedeco/llvm/linux-x86_64/libRemarks.so.13
7ba6ae219000-7ba6ae21a000 rw-p 00003000 08:03 7360474                    /home/lyr/.javacpp/cache/llvm-13.0.1-1.5.7-linux-x86_64.jar/org/bytedeco/llvm/linux-x86_64/libRemarks.so.13
7ba6ae21a000-7ba6ae221000 r-xp 00000000 08:03 9051539                    /home/lyr/.sdkman/candidates/java/24-open/lib/libzip.so
7ba6ae221000-7ba6ae222000 ---p 00007000 08:03 9051539                    /home/lyr/.sdkman/candidates/java/24-open/lib/libzip.so
7ba6ae222000-7ba6ae223000 r--p 00007000 08:03 9051539                    /home/lyr/.sdkman/candidates/java/24-open/lib/libzip.so
7ba6ae223000-7ba6ae224000 rw-p 00008000 08:03 9051539                    /home/lyr/.sdkman/candidates/java/24-open/lib/libzip.so
7ba6ae224000-7ba6ae22a000 rw-p 00000000 00:00 0 
7ba6ae22a000-7ba6ae233000 ---p 00000000 00:00 0 
7ba6ae233000-7ba6ae23b000 rw-s 00000000 08:02 6553668                    /tmp/hsperfdata_lyr/21333
7ba6ae23b000-7ba6ae25a000 r-xp 00000000 08:03 9051505                    /home/lyr/.sdkman/candidates/java/24-open/lib/libjava.so
7ba6ae25a000-7ba6ae25b000 ---p 0001f000 08:03 9051505                    /home/lyr/.sdkman/candidates/java/24-open/lib/libjava.so
7ba6ae25b000-7ba6ae25c000 r--p 0001f000 08:03 9051505                    /home/lyr/.sdkman/candidates/java/24-open/lib/libjava.so
7ba6ae25c000-7ba6ae25d000 rw-p 00020000 08:03 9051505                    /home/lyr/.sdkman/candidates/java/24-open/lib/libjava.so
7ba6ae25d000-7ba6ae25e000 rw-p 00000000 00:00 0 
7ba6ae25e000-7ba6ae27c000 r-xp 00000000 08:03 9051512                    /home/lyr/.sdkman/candidates/java/24-open/lib/libjimage.so
7ba6ae27c000-7ba6ae27e000 r--p 0001d000 08:03 9051512                    /home/lyr/.sdkman/candidates/java/24-open/lib/libjimage.so
7ba6ae27e000-7ba6ae27f000 rw-p 0001f000 08:03 9051512                    /home/lyr/.sdkman/candidates/java/24-open/lib/libjimage.so
7ba6ae27f000-7ba6ae280000 r--p 00000000 08:02 789010                     /usr/lib/x86_64-linux-gnu/librt.so.1
7ba6ae280000-7ba6ae281000 r-xp 00001000 08:02 789010                     /usr/lib/x86_64-linux-gnu/librt.so.1
7ba6ae281000-7ba6ae282000 r--p 00002000 08:02 789010                     /usr/lib/x86_64-linux-gnu/librt.so.1
7ba6ae282000-7ba6ae283000 r--p 00002000 08:02 789010                     /usr/lib/x86_64-linux-gnu/librt.so.1
7ba6ae283000-7ba6ae284000 rw-p 00003000 08:02 789010                     /usr/lib/x86_64-linux-gnu/librt.so.1
7ba6ae284000-7ba6ae288000 rw-p 00000000 00:00 0 
7ba6ae288000-7ba6ae289000 r--p 00000000 08:02 789008                     /usr/lib/x86_64-linux-gnu/libpthread.so.0
7ba6ae289000-7ba6ae28a000 r-xp 00001000 08:02 789008                     /usr/lib/x86_64-linux-gnu/libpthread.so.0
7ba6ae28a000-7ba6ae28b000 r--p 00002000 08:02 789008                     /usr/lib/x86_64-linux-gnu/libpthread.so.0
7ba6ae28b000-7ba6ae28c000 r--p 00002000 08:02 789008                     /usr/lib/x86_64-linux-gnu/libpthread.so.0
7ba6ae28c000-7ba6ae28d000 rw-p 00003000 08:02 789008                     /usr/lib/x86_64-linux-gnu/libpthread.so.0
7ba6ae28d000-7ba6ae28e000 r--p 00000000 08:02 788998                     /usr/lib/x86_64-linux-gnu/libdl.so.2
7ba6ae28e000-7ba6ae28f000 r-xp 00001000 08:02 788998                     /usr/lib/x86_64-linux-gnu/libdl.so.2
7ba6ae28f000-7ba6ae290000 r--p 00002000 08:02 788998                     /usr/lib/x86_64-linux-gnu/libdl.so.2
7ba6ae290000-7ba6ae291000 r--p 00002000 08:02 788998                     /usr/lib/x86_64-linux-gnu/libdl.so.2
7ba6ae291000-7ba6ae292000 rw-p 00003000 08:02 788998                     /usr/lib/x86_64-linux-gnu/libdl.so.2
7ba6ae292000-7ba6ae294000 r--p 00000000 08:02 802565                     /usr/lib/x86_64-linux-gnu/libz.so.1.3
7ba6ae294000-7ba6ae2a6000 r-xp 00002000 08:02 802565                     /usr/lib/x86_64-linux-gnu/libz.so.1.3
7ba6ae2a6000-7ba6ae2ac000 r--p 00014000 08:02 802565                     /usr/lib/x86_64-linux-gnu/libz.so.1.3
7ba6ae2ac000-7ba6ae2ad000 r--p 0001a000 08:02 802565                     /usr/lib/x86_64-linux-gnu/libz.so.1.3
7ba6ae2ad000-7ba6ae2ae000 rw-p 0001b000 08:02 802565                     /usr/lib/x86_64-linux-gnu/libz.so.1.3
7ba6ae2b0000-7ba6ae2b2000 r-xp 00000000 08:03 9051507                    /home/lyr/.sdkman/candidates/java/24-open/lib/libextnet.so
7ba6ae2b2000-7ba6ae2b3000 r--p 00001000 08:03 9051507                    /home/lyr/.sdkman/candidates/java/24-open/lib/libextnet.so
7ba6ae2b3000-7ba6ae2b4000 rw-p 00002000 08:03 9051507                    /home/lyr/.sdkman/candidates/java/24-open/lib/libextnet.so
7ba6ae2b4000-7ba6ae2be000 r-xp 00000000 08:03 9051528                    /home/lyr/.sdkman/candidates/java/24-open/lib/libinstrument.so
7ba6ae2be000-7ba6ae2bf000 r--p 00009000 08:03 9051528                    /home/lyr/.sdkman/candidates/java/24-open/lib/libinstrument.so
7ba6ae2bf000-7ba6ae2c0000 rw-p 0000a000 08:03 9051528                    /home/lyr/.sdkman/candidates/java/24-open/lib/libinstrument.so
7ba6ae2c0000-7ba6ae2c1000 ---p 00000000 00:00 0 
7ba6ae2c1000-7ba6ae2c2000 r--p 00000000 00:00 0 
7ba6ae2c2000-7ba6ae2c3000 ---p 00000000 00:00 0 
7ba6ae2c3000-7ba6ae2d1000 r-xp 00000000 08:03 9051498                    /home/lyr/.sdkman/candidates/java/24-open/lib/libjli.so
7ba6ae2d1000-7ba6ae2d2000 ---p 0000e000 08:03 9051498                    /home/lyr/.sdkman/candidates/java/24-open/lib/libjli.so
7ba6ae2d2000-7ba6ae2d3000 r--p 0000e000 08:03 9051498                    /home/lyr/.sdkman/candidates/java/24-open/lib/libjli.so
7ba6ae2d3000-7ba6ae2d4000 rw-p 0000f000 08:03 9051498                    /home/lyr/.sdkman/candidates/java/24-open/lib/libjli.so
7ba6ae2d4000-7ba6ae2d6000 rw-p 00000000 00:00 0 
7ba6ae2d6000-7ba6ae2da000 r--p 00000000 00:00 0                          [vvar]
7ba6ae2da000-7ba6ae2dc000 r-xp 00000000 00:00 0                          [vdso]
7ba6ae2dc000-7ba6ae2dd000 r--p 00000000 08:02 788993                     /usr/lib/x86_64-linux-gnu/ld-linux-x86-64.so.2
7ba6ae2dd000-7ba6ae308000 r-xp 00001000 08:02 788993                     /usr/lib/x86_64-linux-gnu/ld-linux-x86-64.so.2
7ba6ae308000-7ba6ae312000 r--p 0002c000 08:02 788993                     /usr/lib/x86_64-linux-gnu/ld-linux-x86-64.so.2
7ba6ae312000-7ba6ae314000 r--p 00036000 08:02 788993                     /usr/lib/x86_64-linux-gnu/ld-linux-x86-64.so.2
7ba6ae314000-7ba6ae316000 rw-p 00038000 08:02 788993                     /usr/lib/x86_64-linux-gnu/ld-linux-x86-64.so.2
7ffe06d35000-7ffe06d57000 rw-p 00000000 00:00 0                          [stack]
ffffffffff600000-ffffffffff601000 --xp 00000000 00:00 0                  [vsyscall]
Total number of mappings: 271


VM Arguments:
jvm_args: --enable-native-access=ALL-UNNAMED -javaagent:/home/lyr/.local/share/JetBrains/Toolbox/apps/intellij-idea-ultimate/lib/idea_rt.jar=46725 -Dfile.encoding=UTF-8 -Dsun.stdout.encoding=UTF-8 -Dsun.stderr.encoding=UTF-8 
java_command: Compiler
java_class_path (initial): /home/lyr/Main/Projects/Compiler/target/classes:/home/lyr/.m2/repository/org/antlr/antlr4-runtime/4.13.1/antlr4-runtime-4.13.1.jar:/home/lyr/.m2/repository/org/bytedeco/llvm/13.0.1-1.5.7/llvm-13.0.1-1.5.7.jar:/home/lyr/.m2/repository/org/bytedeco/llvm-platform/13.0.1-1.5.7/llvm-platform-13.0.1-1.5.7.jar:/home/lyr/.m2/repository/org/bytedeco/javacpp-platform/1.5.7/javacpp-platform-1.5.7.jar:/home/lyr/.m2/repository/org/bytedeco/javacpp/1.5.7/javacpp-1.5.7-android-arm.jar:/home/lyr/.m2/repository/org/bytedeco/javacpp/1.5.7/javacpp-1.5.7-android-arm64.jar:/home/lyr/.m2/repository/org/bytedeco/javacpp/1.5.7/javacpp-1.5.7-android-x86.jar:/home/lyr/.m2/repository/org/bytedeco/javacpp/1.5.7/javacpp-1.5.7-android-x86_64.jar:/home/lyr/.m2/repository/org/bytedeco/javacpp/1.5.7/javacpp-1.5.7-ios-arm64.jar:/home/lyr/.m2/repository/org/bytedeco/javacpp/1.5.7/javacpp-1.5.7-ios-x86_64.jar:/home/lyr/.m2/repository/org/bytedeco/javacpp/1.5.7/javacpp-1.5.7-linux-armhf.jar:/home/lyr/.m2/repository/org/bytedeco/javacpp/1.5.7/javacpp-1.5.7-linux-arm64.jar:/home/lyr/.m2/repository/org/bytedeco/javacpp/1.5.7/javacpp-1.5.7-linux-ppc64le.jar:/home/lyr/.m2/repository/org/bytedeco/javacpp/1.5.7/javacpp-1.5.7-linux-x86.jar:/home/lyr/.m2/repository/org/bytedeco/javacpp/1.5.7/javacpp-1.5.7-linux-x86_64.jar:/home/lyr/.m2/repository/org/bytedeco/javacpp/1.5.7/javacpp-1.5.7-macosx-arm64.jar:/home/lyr/.m2/repository/org/bytedeco/javacpp/1.5.7/javacpp-1.5.7-macosx-x86_64.jar:/home/lyr/.m2/repository/org/bytedeco/javacpp/1.5.7/javacpp-1.5.7-windows-x86.jar:/home/lyr/.m2/repository/org/bytedeco/javacpp/1.5.7/javacpp-1.5.7-windows-x86_64.jar:/home/lyr/.m2/repository/org/bytedeco/llvm/13.0.1-1.5.7/llvm-13.0.1-1.5.7-linux-x86.jar:/home/lyr/.m2/repository/org/bytedeco/llvm/13.0.1-1.5.7/llvm-13.0.1-1.5.7-linux-x86_64.jar:/home/lyr/.m2/repository/org/bytedeco/llvm/13.0.1-1.5.7/llvm-13.0.1-1.5.7-linux-armhf.jar:/home/lyr/.m2/repository/org/bytedeco/llvm/13.0.1-1.5.7/llvm-13.0.1-1.5.7-linux-arm64.jar:/home/lyr/.m2/repository/org/bytedeco/llvm/13.0.1-1.5.7/llvm-13.0.1-1.5.7-linux-ppc64le.jar:/home/lyr/.m2/repository/org/bytedeco/llvm/13.0.1-1.5.7/llvm-13.0.1-1.5.7-macosx-arm64.jar:/home/lyr/.m2/repository/org/bytedeco/llvm/13.0.1-1.5.7/llvm-13.0.1-1.5.7-macosx-x86_64.jar:/home/lyr/.m2/repository/org/bytedeco/llvm/13.0.1-1.5.7/llvm-13.0.1-1.5.7-windows-x86.jar:/home/lyr/.m2/repository/org/bytedeco/llvm/13.0.1-1.5.7/llvm-13.0.1-1.5.7-windows-x86_64.jar:/home/lyr/.m2/repository/org/bytedeco/javacpp/1.5.7/javacpp-1.5.7.jar:/home/lyr/.m2/repository/com/llvm4j/llvm4j/0.1.1-SNAPSHOT/llvm4j-0.1.1-SNAPSHOT.jar:/home/lyr/.m2/repository/org/jetbrains/kotlin/kotlin-stdlib/1.9.0/kotlin-stdlib-1.9.0.jar:/home/lyr/.m2/repository/org/jetbrains/kotlin/kotlin-stdlib-common/1.9.0/kotlin-stdlib-common-1.9.0.jar:/home/lyr/.m2/repository/org/jetbrains/annotations/13.0/annotations-13.0.jar
Launcher Type: SUN_STANDARD

[Global flags]
     intx CICompilerCount                          = 12                                        {product} {ergonomic}
     uint ConcGCThreads                            = 4                                         {product} {ergonomic}
     uint G1ConcRefinementThreads                  = 15                                        {product} {ergonomic}
   size_t G1HeapRegionSize                         = 2097152                                   {product} {ergonomic}
   size_t InitialHeapSize                          = 257949696                                 {product} {ergonomic}
   size_t MarkStackSize                            = 4194304                                   {product} {ergonomic}
   size_t MarkStackSizeMax                         = 536870912                                 {product} {ergonomic}
   size_t MaxHeapSize                              = 4118806528                                {product} {ergonomic}
   size_t MaxNewSize                               = 2470445056                                {product} {ergonomic}
   size_t MinHeapDeltaBytes                        = 2097152                                   {product} {ergonomic}
   size_t MinHeapSize                              = 8388608                                   {product} {ergonomic}
    uintx NonNMethodCodeHeapSize                   = 7602176                                {pd product} {ergonomic}
    uintx NonProfiledCodeHeapSize                  = 122032128                              {pd product} {ergonomic}
    uintx ProfiledCodeHeapSize                     = 122023936                              {pd product} {ergonomic}
    uintx ReservedCodeCacheSize                    = 251658240                              {pd product} {ergonomic}
     bool SegmentedCodeCache                       = true                                      {product} {ergonomic}
   size_t SoftMaxHeapSize                          = 4118806528                             {manageable} {ergonomic}
     bool UseCompressedOops                        = true                           {product lp64_product} {ergonomic}
     bool UseG1GC                                  = true                                      {product} {ergonomic}

Logging:
Log output configuration:
 #0: stdout all=warning uptime,level,tags foldmultilines=false
 #1: stderr all=off uptime,level,tags foldmultilines=false

Environment Variables:
PATH=/usr/local/sbin:/usr/local/bin:/usr/sbin:/usr/bin:/sbin:/bin:/usr/games:/usr/local/games:/snap/bin:/snap/bin:/home/lyr/.local/share/JetBrains/Toolbox/scripts
USERNAME=lyr
SHELL=/bin/bash
DISPLAY=:0
LANG=en_US.UTF-8

Active Locale:
LC_ALL=en_US.UTF-8
LC_COLLATE=en_US.UTF-8
LC_CTYPE=en_US.UTF-8
LC_MESSAGES=en_US.UTF-8
LC_MONETARY=en_US.UTF-8
LC_NUMERIC=en_US.UTF-8
LC_TIME=en_US.UTF-8

Signal Handlers:
   SIGSEGV: crash_handler in libjvm.so, mask=11100100010111111101111111111110, flags=SA_RESTART|SA_SIGINFO, unblocked
    SIGBUS: crash_handler in libjvm.so, mask=11100100010111111101111111111110, flags=SA_RESTART|SA_SIGINFO, unblocked
    SIGFPE: crash_handler in libjvm.so, mask=11100100010111111101111111111110, flags=SA_RESTART|SA_SIGINFO, unblocked
   SIGPIPE: javaSignalHandler in libjvm.so, mask=11100100010111111101111111111110, flags=SA_RESTART|SA_SIGINFO, blocked
   SIGXFSZ: javaSignalHandler in libjvm.so, mask=11100100010111111101111111111110, flags=SA_RESTART|SA_SIGINFO, blocked
    SIGILL: crash_handler in libjvm.so, mask=11100100010111111101111111111110, flags=SA_RESTART|SA_SIGINFO, unblocked
   SIGUSR2: SR_handler in libjvm.so, mask=00000000000000000000000000000000, flags=SA_RESTART|SA_SIGINFO, blocked
    SIGHUP: UserHandler in libjvm.so, mask=11100100010111111101111111111110, flags=SA_RESTART|SA_SIGINFO, blocked
    SIGINT: UserHandler in libjvm.so, mask=11100100010111111101111111111110, flags=SA_RESTART|SA_SIGINFO, blocked
   SIGTERM: UserHandler in libjvm.so, mask=11100100010111111101111111111110, flags=SA_RESTART|SA_SIGINFO, blocked
   SIGQUIT: UserHandler in libjvm.so, mask=11100100010111111101111111111110, flags=SA_RESTART|SA_SIGINFO, blocked
   SIGTRAP: crash_handler in libjvm.so, mask=11100100010111111101111111111110, flags=SA_RESTART|SA_SIGINFO, unblocked


Periodic native trim disabled

---------------  S Y S T E M  ---------------

OS:
DISTRIB_ID=Ubuntu
DISTRIB_RELEASE=24.04
DISTRIB_CODENAME=noble
DISTRIB_DESCRIPTION="Ubuntu 24.04.1 LTS"
uname: Linux 6.11.0-26-generic #26~24.04.1-Ubuntu SMP PREEMPT_DYNAMIC Thu Apr 17 19:20:47 UTC 2 x86_64
OS uptime: 0 days 0:46 hours
libc: glibc 2.39 NPTL 2.39 
rlimit (soft/hard): STACK 8192k/infinity , CORE 0k/infinity , NPROC 61969/61969 , NOFILE 1048576/1048576 , AS infinity/infinity , CPU infinity/infinity , DATA infinity/infinity , FSIZE infinity/infinity , MEMLOCK 2010684k/2010684k
load average: 1.69 1.23 1.04

/proc/meminfo:
MemTotal:       16085500 kB
MemFree:          380684 kB
MemAvailable:    5882224 kB
Buffers:           49052 kB
Cached:          6817520 kB
SwapCached:          420 kB
Active:          7986948 kB
Inactive:        6146928 kB
Active(anon):    4651092 kB
Inactive(anon):  3802840 kB
Active(file):    3335856 kB
Inactive(file):  2344088 kB
Unevictable:      466312 kB
Mlocked:              32 kB
SwapTotal:        262140 kB
SwapFree:            504 kB
Zswap:                 0 kB
Zswapped:              0 kB
Dirty:             23024 kB
Writeback:             0 kB
AnonPages:       7733932 kB
Mapped:          1507636 kB
Shmem:           1186620 kB
KReclaimable:     163432 kB
Slab:             512164 kB
SReclaimable:     163432 kB
SUnreclaim:       348732 kB
KernelStack:       31744 kB
PageTables:        75828 kB
SecPageTables:      6084 kB
NFS_Unstable:          0 kB
Bounce:                0 kB
WritebackTmp:          0 kB
CommitLimit:     8304888 kB
Committed_AS:   28352520 kB
VmallocTotal:   34359738367 kB
VmallocUsed:      150968 kB
VmallocChunk:          0 kB
Percpu:            21600 kB
HardwareCorrupted:     0 kB
AnonHugePages:   1007616 kB
ShmemHugePages:   985088 kB
ShmemPmdMapped:        0 kB
FileHugePages:         0 kB
FilePmdMapped:         0 kB
Unaccepted:            0 kB
HugePages_Total:       0
HugePages_Free:        0
HugePages_Rsvd:        0
HugePages_Surp:        0
Hugepagesize:       2048 kB
Hugetlb:               0 kB
DirectMap4k:      966912 kB
DirectMap2M:    15523840 kB
DirectMap1G:           0 kB

/sys/kernel/mm/transparent_hugepage/enabled: always [madvise] never
/sys/kernel/mm/transparent_hugepage/hpage_pmd_size: 2097152
/sys/kernel/mm/transparent_hugepage/shmem_enabled: always within_size advise [never] deny force
/sys/kernel/mm/transparent_hugepage/defrag (defrag/compaction efforts parameter): always defer defer+madvise [madvise] never

Process Memory:
Virtual Size: 7383764K (peak: 7383764K)
Resident Set Size: 148768K (peak: 148768K) (anon: 93440K, file: 55328K, shmem: 0K)
Swapped out: 0K
C-Heap outstanding allocations: 70485K, retained: 5010K
glibc malloc tunables: (default)

/proc/sys/kernel/threads-max (system-wide limit on the number of threads): 123939
/proc/sys/vm/max_map_count (maximum number of memory map areas a process may have): 1048576
/proc/sys/vm/swappiness (control to define how aggressively the kernel swaps out anonymous memory): 60
/proc/sys/kernel/pid_max (system-wide limit on number of process identifiers): 4194304

container information not found.
Steal ticks since vm start: 0
Steal ticks percentage since vm start:  0.000

CPU: total 20 (initial active 20) (20 cores per cpu, 1 threads per core) family 6 model 191 stepping 2 microcode 0x3a, cx8, cmov, fxsr, mmx, 3dnowpref, sse, sse2, sse3, ssse3, sse4.1, sse4.2, popcnt, lzcnt, tsc, tscinvbit, avx, avx2, aes, erms, clmul, bmi1, bmi2, adx, sha, fma, vzeroupper, clflush, clflushopt, clwb, serialize, rdtscp, rdpid, fsrm, gfni, f16c, pku, ospke, cet_ibt, cet_ss
CPU Model and flags from /proc/cpuinfo:
model name	: 13th Gen Intel(R) Core(TM) i5-13500HX
flags		: fpu vme de pse tsc msr pae mce cx8 apic sep mtrr pge mca cmov pat pse36 clflush dts acpi mmx fxsr sse sse2 ss ht tm pbe syscall nx pdpe1gb rdtscp lm constant_tsc art arch_perfmon pebs bts rep_good nopl xtopology nonstop_tsc cpuid aperfmperf tsc_known_freq pni pclmulqdq dtes64 monitor ds_cpl vmx est tm2 ssse3 sdbg fma cx16 xtpr pdcm sse4_1 sse4_2 x2apic movbe popcnt tsc_deadline_timer aes xsave avx f16c rdrand lahf_lm abm 3dnowprefetch cpuid_fault epb ssbd ibrs ibpb stibp ibrs_enhanced tpr_shadow flexpriority ept vpid ept_ad fsgsbase tsc_adjust bmi1 avx2 smep bmi2 erms invpcid rdseed adx smap clflushopt clwb intel_pt sha_ni xsaveopt xsavec xgetbv1 xsaves split_lock_detect user_shstk avx_vnni dtherm ida arat pln pts hwp hwp_notify hwp_act_window hwp_epp hwp_pkg_req hfi vnmi umip pku ospke waitpkg gfni vaes vpclmulqdq rdpid movdiri movdir64b fsrm md_clear serialize arch_lbr ibt flush_l1d arch_capabilities

Online cpus: 0-19
Offline cpus: 
BIOS frequency limitation: <Not Available>
Frequency switch latency (ns): 0
Available cpu frequencies: <Not Available>
Current governor: powersave
Core performance/turbo boost: <Not Available>

Memory: 4k page, physical 16085500k(5882224k free), swap 262140k(504k free)
Page Sizes: 4k

vm_info: OpenJDK 64-Bit Server VM (24+36-3646) for linux-amd64 JRE (24+36-3646), built on 2025-02-06T00:20:43Z with gcc 13.2.0

END.
