#
# A fatal error has been detected by the Java Runtime Environment:
#
#  SIGSEGV (0xb) at pc=0x0000720b39fa807e, pid=20366, tid=20369
#
# JRE version: OpenJDK Runtime Environment (24.0+36) (build 24+36-3646)
# Java VM: OpenJDK 64-Bit Server VM (24+36-3646, mixed mode, sharing, tiered, compressed oops, compressed class ptrs, g1 gc, linux-amd64)
# Problematic frame:
# C  [libLLVM-13.so+0xba807e]  (anonymous namespace)::TypePrinting::print(llvm::Type*, llvm::raw_ostream&)+0x1e
#
# Core dump will be written. Default location: Core dumps may be processed with "/usr/share/apport/apport -p%p -s%s -c%c -d%d -P%P -u%u -g%g -F%F -- %E" (or dumping to /home/lyr/Main/Projects/Compiler/core.20366)
#
# If you would like to submit a bug report, please visit:
#   https://bugreport.java.com/bugreport/crash.jsp
# The crash happened outside the Java Virtual Machine in native code.
# See problematic frame for where to report the bug.
#

---------------  S U M M A R Y ------------

Command Line: --enable-native-access=ALL-UNNAMED -javaagent:/home/lyr/.local/share/JetBrains/Toolbox/apps/intellij-idea-ultimate/lib/idea_rt.jar=35657 -Dfile.encoding=UTF-8 -Dsun.stdout.encoding=UTF-8 -Dsun.stderr.encoding=UTF-8 Compiler

Host: 13th Gen Intel(R) Core(TM) i5-13500HX, 20 cores, 15G, Ubuntu 24.04.1 LTS
Time: Sun Jun 29 21:13:59 2025 CST elapsed time: 0.205368 seconds (0d 0h 0m 0s)

---------------  T H R E A D  ---------------

Current thread (0x0000720c0402d440):  JavaThread "main"             [_thread_in_native, id=20369, stack(0x0000720c0c100000,0x0000720c0c200000) (1024K)]

Stack: [0x0000720c0c100000,0x0000720c0c200000],  sp=0x0000720c0c1fd950,  free space=1014k
Native frames: (J=compiled Java code, j=interpreted, Vv=VM code, C=native code)
C  [libLLVM-13.so+0xba807e]  (anonymous namespace)::TypePrinting::print(llvm::Type*, llvm::raw_ostream&)+0x1e
Java frames: (J=compiled Java code, j=interpreted, Vv=VM code)
j  org.bytedeco.llvm.global.LLVM.LLVMPrintModuleToFile(Lorg/bytedeco/llvm/LLVM/LLVMModuleRef;Ljava/lang/String;Lorg/bytedeco/javacpp/BytePointer;)I+0
j  org.llvm4j.llvm4j.Module.dump(Lorg/llvm4j/optional/Option;)Lorg/llvm4j/optional/Result;+113
j  com.compiler.ir.LLVisitor.dump(Lorg/llvm4j/optional/Option;)V+232
j  com.compiler.Main.irGen(Lorg/antlr/v4/runtime/tree/ParseTree;Ljava/lang/String;)V+26
j  com.compiler.Main.main([Ljava/lang/String;)V+139
j  Compiler.main([Ljava/lang/String;)V+1
v  ~StubRoutines::call_stub 0x0000720bf3a5fc86

siginfo: si_signo: 11 (SIGSEGV), si_code: 1 (SEGV_MAPERR), si_addr: 0x0000720b2491ea84

Registers:
RAX=0x0000720c0c1fdce0, RBX=0x0000720c0c1fdec0, RCX=0x323279646f42652c, RDX=0x0000720b3d6f7f30
RSP=0x0000720c0c1fd950, RBP=0x0000720c0c1fdce0, RSI=0x0000720b2491ea7c, RDI=0x0000720c0c1fdee8
R8 =0x0000000000000001, R9 =0x0000720c0449ef08, R10=0x00000000000001ff, R11=0x0000000000000002
R12=0x0000720b2491ea7c, R13=0x0000720c0c1fdee8, R14=0x0000000000000000, R15=0x0000720c0450d470
RIP=0x0000720b39fa807e, EFLAGS=0x0000000000010206, CSGSFS=0x002b000000000033, ERR=0x0000000000000004
  TRAPNO=0x000000000000000e

XMM[0]=0x0000000000000000 0x0000000000000000
XMM[1]=0x000000ff00000000 0x0000000000ff0000
XMM[2]=0x6f667265705f5643 0x5349522f6176616a
XMM[3]=0x6f432f737463656a 0x6f72502f6e69614d
XMM[4]=0x0000000000000000 0x0000720c04000090
XMM[5]=0x0000000000000000 0x0000000000000000
XMM[6]=0x0000720c044a50b0 0x0000720c044b6888
XMM[7]=0x0000720c0449d3d8 0x0000720c0449d3c8
XMM[8]=0x0000000000000048 0x0000000000000090
XMM[9]=0x0000000000000001 0x0000000000000001
XMM[10]=0xffffffffffffffff 0xffffffffffffffff
XMM[11]=0x0000000000000001 0x0000000000000001
XMM[12]=0x0000000000000001 0x0000000000000001
XMM[13]=0x0000000000000000 0x0000000000000000
XMM[14]=0x0000000000000000 0x0000000000000000
XMM[15]=0x0000000000000000 0x0000000000000000
  MXCSR=0x00001fa2


Register to memory mapping:

RAX=0x0000720c0c1fdce0 is pointing into the stack for thread: 0x0000720c0402d440
RBX=0x0000720c0c1fdec0 is pointing into the stack for thread: 0x0000720c0402d440
RCX=0x323279646f42652c is an unknown value
RDX=0x0000720b3d6f7f30: <offset 0x00000000042f7f30> in /home/lyr/.javacpp/cache/llvm-13.0.1-1.5.7-linux-x86_64.jar/org/bytedeco/llvm/linux-x86_64/libLLVM-13.so at 0x0000720b39400000
RSP=0x0000720c0c1fd950 is pointing into the stack for thread: 0x0000720c0402d440
RBP=0x0000720c0c1fdce0 is pointing into the stack for thread: 0x0000720c0402d440
RSI=0x0000720b2491ea7c is an unknown value
RDI=0x0000720c0c1fdee8 is pointing into the stack for thread: 0x0000720c0402d440
R8 =0x0000000000000001 is an unknown value
R9 =0x0000720c0449ef08 points into unknown readable memory: 0x0000720c04515b50 | 50 5b 51 04 0c 72 00 00
R10=0x00000000000001ff is an unknown value
R11=0x0000000000000002 is an unknown value
R12=0x0000720b2491ea7c is an unknown value
R13=0x0000720c0c1fdee8 is pointing into the stack for thread: 0x0000720c0402d440
R14=0x0 is null
R15=0x0000720c0450d470 points into unknown readable memory: 0x0000720c0449f368 | 68 f3 49 04 0c 72 00 00

Top of Stack: (sp=0x0000720c0c1fd950)
0x0000720c0c1fd950:   0000000000000000 0000720b39f6f9de   ...........9.r..
0x0000720c0c1fd960:   0000720c0449f4e8 0000720c0c1fdec0   ..I..r.......r..
0x0000720c0c1fd970:   0000720c0450c970 0000720c0c1fdee8   p.P..r.......r..
0x0000720c0c1fd980:   0000720c0450b4d8 0000000000000000   ..P..r..........
0x0000720c0c1fd990:   0000720c0450d470 0000720b39fb1ea1   p.P..r.....9.r..
0x0000720c0c1fd9a0:   0000720c0450d410 0000720c0c1fdec0   ..P..r.......r..
0x0000720c0c1fd9b0:   0000720c0c1fd9e0 0000720b39fb2be6   .....r...+.9.r..
0x0000720c0c1fd9c0:   0000720c0451be7a 0000720c0c1fdce0   z.Q..r.......r..
0x0000720c0c1fd9d0:   0000720c0451be7b 0000000000000001   {.Q..r..........
0x0000720c0c1fd9e0:   0000720c0c1fd9f0 0000000400000000   .....r..........
0x0000720c0c1fd9f0:   0000720c0c1fdee8 0000720b39fa8465   .....r..e..9.r..
0x0000720c0c1fda00:   0000000000000000 0000000000000026   ........&.......
0x0000720c0c1fda10:   0000720c0451be7b 0000720c0c1fdce0   {.Q..r.......r..
0x0000720c0c1fda20:   0000720c0451be7b 0000720b39fa1182   {.Q..r.....9.r..
0x0000720c0c1fda30:   0000720c045176c0 0000720c0450d488   .vQ..r....P..r..
0x0000720c0c1fda40:   0000720c0c1fdec0 0000720c0450b4b0   .....r....P..r..
0x0000720c0c1fda50:   0000720c0450b4d8 0000000000000000   ..P..r..........
0x0000720c0c1fda60:   0000720c0c1fdb00 0000720b39fb3f83   .....r...?.9.r..
0x0000720c0c1fda70:   0000720c0c1fdec0 0000720c0450b4c8   .....r....P..r..
0x0000720c0c1fda80:   0000720c045ba618 0000720c045ba660   ..[..r..`.[..r..
0x0000720c0c1fda90:   0000720c0c1fdaf0 0000720b39fb57a5   .....r...W.9.r..
0x0000720c0c1fdaa0:   0000720c045171a0 0000720c045bb300   .qQ..r....[..r..
0x0000720c0c1fdab0:   0000720c044a56d0 0000000000000003   .VJ..r..........
0x0000720c0c1fdac0:   0000720c0c1fdaf0 0000720c0c1fdb00   .....r.......r..
0x0000720c0c1fdad0:   0000720c04511ea0 0000000000000000   ..Q..r..........
0x0000720c0c1fdae0:   0000720b39f9e140 0000720bcbe7c658   @..9.r..X....r..
0x0000720c0c1fdaf0:   0000720c0c1fdb00 0000000400000000   .....r..........
0x0000720c0c1fdb00:   0000720c0c1fdce0 0000720c0c1fdd60   .....r..`....r..
0x0000720c0c1fdb10:   0000720c0449d3c0 0000720b39fa7d68   ..I..r..h}.9.r..
0x0000720c0c1fdb20:   0000720c0449d3c8 0000720c0449d3d8   ..I..r....I..r..
0x0000720c0c1fdb30:   0000720c0c1fe590 0000000000000000   .....r..........
0x0000720c0c1fdb40:   ffffffffffffffff 0000000000000000   ................

Instructions: (pc=0x0000720b39fa807e)
  0x0000720b39fa7f7e:   4c 01 c8 48 8b 30 48 39 f5 0f 84 ff fe ff ff 48
  0x0000720b39fa7f8e:   81 fe 00 f0 ff ff 74 86 4d 85 d2 75 0b 48 81 fe
  0x0000720b39fa7f9e:   00 e0 ff ff 4c 0f 44 d0 44 01 da 41 8d 43 01 44
  0x0000720b39fa7fae:   21 c2 89 44 24 14 89 d0 48 c1 e0 04 4c 01 c8 48
  0x0000720b39fa7fbe:   8b 30 48 39 f5 0f 84 c3 fe ff ff 44 8b 5c 24 14
  0x0000720b39fa7fce:   eb bd 4d 85 db 75 0b 48 81 ff 00 e0 ff ff 4c 0f
  0x0000720b39fa7fde:   44 d8 8b 44 24 14 41 01 c0 8d 78 01 45 21 d0 41
  0x0000720b39fa7fee:   89 f9 44 89 c0 48 c1 e0 04 48 03 44 24 18 48 8b
  0x0000720b39fa7ffe:   38 48 39 fd 0f 84 f8 fd ff ff 44 89 4c 24 14 e9
  0x0000720b39fa800e:   2f fe ff ff 41 89 7c 24 78 e9 84 fe ff ff 48 81
  0x0000720b39fa801e:   fe 00 e0 ff ff 75 07 4d 85 d2 4c 0f 44 d0 44 01
  0x0000720b39fa802e:   da 41 8d 43 01 44 21 c2 89 44 24 14 89 d0 48 c1
  0x0000720b39fa803e:   e0 04 4c 01 c8 48 8b 30 48 39 f5 0f 84 3d fe ff
  0x0000720b39fa804e:   ff 44 8b 5c 24 14 e9 b6 fe ff ff 0f 1f 80 00 00
  0x0000720b39fa805e:   00 00 41 57 41 56 41 55 49 89 fd 41 54 49 89 f4
  0x0000720b39fa806e:   55 48 89 d5 48 8d 15 b7 fe 74 03 53 48 83 ec 18
=>0x0000720b39fa807e:   0f b6 46 08 48 89 c1 48 63 04 82 48 01 d0 ff e0
  0x0000720b39fa808e:   66 90 8b 5e 20 48 89 ef 48 8d 35 4b fe 86 03 80
  0x0000720b39fa809e:   f9 13 75 0f e8 a9 e9 ee ff 48 8d 35 ca 87 74 03
  0x0000720b39fa80ae:   48 89 ef e8 9a e9 ee ff 89 de 48 89 ef e8 10 79
  0x0000720b39fa80be:   fc ff 48 8d 35 b7 87 74 03 48 89 c7 e8 81 e9 ee
  0x0000720b39fa80ce:   ff 49 8b 74 24 18 48 89 ea 4c 89 ef e8 81 ff ff
  0x0000720b39fa80de:   ff 48 8b 45 20 48 3b 45 18 0f 83 43 04 00 00 48
  0x0000720b39fa80ee:   8d 50 01 48 89 55 20 c6 00 3e eb 15 66 0f 1f 44
  0x0000720b39fa80fe:   00 00 48 8d 35 3a 79 7a 03 48 89 ef e8 41 e9 ee
  0x0000720b39fa810e:   ff 48 83 c4 18 5b 5d 41 5c 41 5d 41 5e 41 5f c3
  0x0000720b39fa811e:   66 90 48 8d 35 d6 fd 74 03 48 89 ef e8 21 e9 ee
  0x0000720b39fa812e:   ff eb de 0f 1f 80 00 00 00 00 48 8d 35 ee 7b 8f
  0x0000720b39fa813e:   04 48 89 ef e8 09 e9 ee ff eb c6 0f 1f 80 00 00
  0x0000720b39fa814e:   00 00 48 8d 35 e4 7b 8f 04 48 89 ef e8 f1 e8 ee
  0x0000720b39fa815e:   ff eb ae 0f 1f 80 00 00 00 00 48 8d 35 95 fd 74
  0x0000720b39fa816e:   03 48 89 ef e8 d9 e8 ee ff eb 96 0f 1f 80 00 00


Stack slot to memory mapping:

stack at sp + 0 slots: 0x0 is null
stack at sp + 1 slots: 0x0000720b39f6f9de: _ZN4llvm11raw_ostreamlsEm+0x000000000000000e in /home/lyr/.javacpp/cache/llvm-13.0.1-1.5.7-linux-x86_64.jar/org/bytedeco/llvm/linux-x86_64/libLLVM-13.so at 0x0000720b39400000
stack at sp + 2 slots: 0x0000720c0449f4e8 points into unknown readable memory: 0x0000720c0449ec60 | 60 ec 49 04 0c 72 00 00
stack at sp + 3 slots: 0x0000720c0c1fdec0 is pointing into the stack for thread: 0x0000720c0402d440
stack at sp + 4 slots: 0x0000720c0450c970 points into unknown readable memory: 0x0000720b2491ea7c | 7c ea 91 24 0b 72 00 00
stack at sp + 5 slots: 0x0000720c0c1fdee8 is pointing into the stack for thread: 0x0000720c0402d440
stack at sp + 6 slots: 0x0000720c0450b4d8 points into unknown readable memory: 0x0000720c0450d488 | 88 d4 50 04 0c 72 00 00
stack at sp + 7 slots: 0x0 is null

Lock stack of current Java thread (top to bottom):


---------------  P R O C E S S  ---------------

Threads class SMR info:
_java_thread_list=0x0000720c043c0f00, length=17, elements={
0x0000720c0402d440, 0x0000720c04186600, 0x0000720c04187440, 0x0000720c04188780,
0x0000720c04189e90, 0x0000720c0418b500, 0x0000720c0418d170, 0x0000720c0418e950,
0x0000720c0419e870, 0x0000720b60071330, 0x0000720b60072bb0, 0x0000720b5800a190,
0x0000720b500024d0, 0x0000720c04325480, 0x0000720c04327220, 0x0000720b70000f30,
0x0000720c043c02b0
}

Java Threads: ( => current thread )
=>0x0000720c0402d440 JavaThread "main"                              [_thread_in_native, id=20369, stack(0x0000720c0c100000,0x0000720c0c200000) (1024K)]
  0x0000720c04186600 JavaThread "Reference Handler"          daemon [_thread_blocked, id=20391, stack(0x0000720bd9cfe000,0x0000720bd9dfe000) (1024K)]
  0x0000720c04187440 JavaThread "Finalizer"                  daemon [_thread_blocked, id=20392, stack(0x0000720bd9afc000,0x0000720bd9bfc000) (1024K)]
  0x0000720c04188780 JavaThread "Signal Dispatcher"          daemon [_thread_blocked, id=20393, stack(0x0000720bd9100000,0x0000720bd9200000) (1024K)]
  0x0000720c04189e90 JavaThread "Service Thread"             daemon [_thread_blocked, id=20394, stack(0x0000720bd9000000,0x0000720bd9100000) (1024K)]
  0x0000720c0418b500 JavaThread "Monitor Deflation Thread"   daemon [_thread_blocked, id=20395, stack(0x0000720bd8f00000,0x0000720bd9000000) (1024K)]
  0x0000720c0418d170 JavaThread "C2 CompilerThread0"         daemon [_thread_blocked, id=20396, stack(0x0000720bd8e00000,0x0000720bd8f00000) (1024K)]
  0x0000720c0418e950 JavaThread "C1 CompilerThread0"         daemon [_thread_blocked, id=20397, stack(0x0000720bd8d00000,0x0000720bd8e00000) (1024K)]
  0x0000720c0419e870 JavaThread "Common-Cleaner"             daemon [_thread_blocked, id=20400, stack(0x0000720bd8b30000,0x0000720bd8c30000) (1024K)]
  0x0000720b60071330 JavaThread "C1 CompilerThread1"         daemon [_thread_blocked, id=20401, stack(0x0000720bd8a30000,0x0000720bd8b30000) (1024K)]
  0x0000720b60072bb0 JavaThread "C1 CompilerThread2"         daemon [_thread_blocked, id=20402, stack(0x0000720bd8930000,0x0000720bd8a30000) (1024K)]
  0x0000720b5800a190 JavaThread "C1 CompilerThread3"         daemon [_thread_blocked, id=20403, stack(0x0000720bd8830000,0x0000720bd8930000) (1024K)]
  0x0000720b500024d0 JavaThread "C2 CompilerThread1"         daemon [_thread_blocked, id=20404, stack(0x0000720bd8730000,0x0000720bd8830000) (1024K)]
  0x0000720c04325480 JavaThread "Monitor Ctrl-Break"         daemon [_thread_in_native, id=20406, stack(0x0000720bd8630000,0x0000720bd8730000) (1024K)]
  0x0000720c04327220 JavaThread "Notification Thread"        daemon [_thread_blocked, id=20407, stack(0x0000720bd8530000,0x0000720bd8630000) (1024K)]
  0x0000720b70000f30 JavaThread "Attach Listener"            daemon [_thread_in_vm, id=20408, stack(0x0000720bd8430000,0x0000720bd8530000) (1024K)]
  0x0000720c043c02b0 JavaThread "JavaCPP Deallocator"        daemon [_thread_blocked, id=20409, stack(0x0000720bd8330000,0x0000720bd8430000) (1024K)]
Total: 17

Other Threads:
  0x0000720c0417e3d0 VMThread "VM Thread"                           [id=20390, stack(0x0000720bd9bfd000,0x0000720bd9cfd000) (1024K)]
  0x0000720c041706a0 WatcherThread "VM Periodic Task Thread"        [id=20389, stack(0x0000720bd9dff000,0x0000720bd9eff000) (1024K)]
  0x0000720c04096e00 WorkerThread "GC Thread#0"                     [id=20377, stack(0x0000720c089cd000,0x0000720c08acd000) (1024K)]
  0x0000720c040ab790 ConcurrentGCThread "G1 Main Marker"            [id=20378, stack(0x0000720c088cc000,0x0000720c089cc000) (1024K)]
  0x0000720c040ac770 WorkerThread "G1 Conc#0"                       [id=20379, stack(0x0000720c087cb000,0x0000720c088cb000) (1024K)]
  0x0000720c0415d3e0 ConcurrentGCThread "G1 Refine#0"               [id=20380, stack(0x0000720be8099000,0x0000720be8199000) (1024K)]
  0x0000720c0415e3a0 ConcurrentGCThread "G1 Service"                [id=20381, stack(0x0000720bd9f00000,0x0000720bda000000) (1024K)]
Total: 7

Threads with active compile tasks:
Total: 0

VM state: not at safepoint (normal execution)

VM Mutex/Monitor currently owned by a thread: None

Heap address: 0x000000070a800000, size: 3928 MB, Compressed Oops mode: Zero based, Oop shift amount: 3

CDS archive(s) mapped at: [0x0000720b8a000000-0x0000720b8ad17000-0x0000720b8ad17000), size 13725696, SharedBaseAddress: 0x0000720b8a000000, ArchiveRelocationMode: 1.
Compressed class space mapped at: 0x0000720b8b000000-0x0000720bcb000000, reserved size: 1073741824
UseCompressedClassPointers 1, UseCompactObjectHeaders 0
Narrow klass pointer bits 32, Max shift 3
Narrow klass base: 0x0000720b8a000000, Narrow klass shift: 0
Encoding Range: [0x0000720b8a000000 - 0x0000720c8a000000), (4294967296 bytes)
Klass Range:    [0x0000720b8a000000 - 0x0000720bcb000000), (1090519040 bytes)
Klass ID Range:  [8 - 1090519033) (1090519025)

GC Precious Log:
 CardTable entry size: 512
 Card Set container configuration: InlinePtr #cards 4 size 8 Array Of Cards #cards 16 size 48 Howl #buckets 8 coarsen threshold 3686 Howl Bitmap #cards 512 size 80 coarsen threshold 460 Card regions per heap region 1 cards per card region 4096
 CPUs: 20 total, 20 available
 Memory: 15708M
 Large Page Support: Disabled
 NUMA Support: Disabled
 Compressed Oops: Enabled (Zero based)
 Heap Region Size: 2M
 Heap Min Capacity: 8M
 Heap Initial Capacity: 246M
 Heap Max Capacity: 3928M
 Pre-touch: Disabled
 Parallel Workers: 15
 Concurrent Workers: 4
 Concurrent Refinement Workers: 15
 Periodic GC: Disabled

Heap:
 garbage-first heap   total reserved 4022272K, committed 253952K, used 23653K [0x000000070a800000, 0x0000000800000000)
  region size 2048K, 13 young (26624K), 0 survivors (0K)
 Metaspace       used 7450K, committed 7616K, reserved 1114112K
  class space    used 601K, committed 640K, reserved 1048576K

Heap Regions: E=young(eden), S=young(survivor), O=old, HS=humongous(starts), HC=humongous(continues), CS=collection set, F=free, TAMS=top-at-mark-start, PB=parsable bottom
|   0|0x000000070a800000, 0x000000070a800000, 0x000000070aa00000|  0%| F|  |TAMS 0x000000070a800000| PB 0x000000070a800000| Untracked |  0
|   1|0x000000070aa00000, 0x000000070aa00000, 0x000000070ac00000|  0%| F|  |TAMS 0x000000070aa00000| PB 0x000000070aa00000| Untracked |  0
|   2|0x000000070ac00000, 0x000000070ac00000, 0x000000070ae00000|  0%| F|  |TAMS 0x000000070ac00000| PB 0x000000070ac00000| Untracked |  0
|   3|0x000000070ae00000, 0x000000070ae00000, 0x000000070b000000|  0%| F|  |TAMS 0x000000070ae00000| PB 0x000000070ae00000| Untracked |  0
|   4|0x000000070b000000, 0x000000070b000000, 0x000000070b200000|  0%| F|  |TAMS 0x000000070b000000| PB 0x000000070b000000| Untracked |  0
|   5|0x000000070b200000, 0x000000070b200000, 0x000000070b400000|  0%| F|  |TAMS 0x000000070b200000| PB 0x000000070b200000| Untracked |  0
|   6|0x000000070b400000, 0x000000070b400000, 0x000000070b600000|  0%| F|  |TAMS 0x000000070b400000| PB 0x000000070b400000| Untracked |  0
|   7|0x000000070b600000, 0x000000070b600000, 0x000000070b800000|  0%| F|  |TAMS 0x000000070b600000| PB 0x000000070b600000| Untracked |  0
|   8|0x000000070b800000, 0x000000070b800000, 0x000000070ba00000|  0%| F|  |TAMS 0x000000070b800000| PB 0x000000070b800000| Untracked |  0
|   9|0x000000070ba00000, 0x000000070ba00000, 0x000000070bc00000|  0%| F|  |TAMS 0x000000070ba00000| PB 0x000000070ba00000| Untracked |  0
|  10|0x000000070bc00000, 0x000000070bc00000, 0x000000070be00000|  0%| F|  |TAMS 0x000000070bc00000| PB 0x000000070bc00000| Untracked |  0
|  11|0x000000070be00000, 0x000000070be00000, 0x000000070c000000|  0%| F|  |TAMS 0x000000070be00000| PB 0x000000070be00000| Untracked |  0
|  12|0x000000070c000000, 0x000000070c000000, 0x000000070c200000|  0%| F|  |TAMS 0x000000070c000000| PB 0x000000070c000000| Untracked |  0
|  13|0x000000070c200000, 0x000000070c200000, 0x000000070c400000|  0%| F|  |TAMS 0x000000070c200000| PB 0x000000070c200000| Untracked |  0
|  14|0x000000070c400000, 0x000000070c400000, 0x000000070c600000|  0%| F|  |TAMS 0x000000070c400000| PB 0x000000070c400000| Untracked |  0
|  15|0x000000070c600000, 0x000000070c600000, 0x000000070c800000|  0%| F|  |TAMS 0x000000070c600000| PB 0x000000070c600000| Untracked |  0
|  16|0x000000070c800000, 0x000000070c800000, 0x000000070ca00000|  0%| F|  |TAMS 0x000000070c800000| PB 0x000000070c800000| Untracked |  0
|  17|0x000000070ca00000, 0x000000070ca00000, 0x000000070cc00000|  0%| F|  |TAMS 0x000000070ca00000| PB 0x000000070ca00000| Untracked |  0
|  18|0x000000070cc00000, 0x000000070cc00000, 0x000000070ce00000|  0%| F|  |TAMS 0x000000070cc00000| PB 0x000000070cc00000| Untracked |  0
|  19|0x000000070ce00000, 0x000000070ce00000, 0x000000070d000000|  0%| F|  |TAMS 0x000000070ce00000| PB 0x000000070ce00000| Untracked |  0
|  20|0x000000070d000000, 0x000000070d000000, 0x000000070d200000|  0%| F|  |TAMS 0x000000070d000000| PB 0x000000070d000000| Untracked |  0
|  21|0x000000070d200000, 0x000000070d200000, 0x000000070d400000|  0%| F|  |TAMS 0x000000070d200000| PB 0x000000070d200000| Untracked |  0
|  22|0x000000070d400000, 0x000000070d400000, 0x000000070d600000|  0%| F|  |TAMS 0x000000070d400000| PB 0x000000070d400000| Untracked |  0
|  23|0x000000070d600000, 0x000000070d600000, 0x000000070d800000|  0%| F|  |TAMS 0x000000070d600000| PB 0x000000070d600000| Untracked |  0
|  24|0x000000070d800000, 0x000000070d800000, 0x000000070da00000|  0%| F|  |TAMS 0x000000070d800000| PB 0x000000070d800000| Untracked |  0
|  25|0x000000070da00000, 0x000000070da00000, 0x000000070dc00000|  0%| F|  |TAMS 0x000000070da00000| PB 0x000000070da00000| Untracked |  0
|  26|0x000000070dc00000, 0x000000070dc00000, 0x000000070de00000|  0%| F|  |TAMS 0x000000070dc00000| PB 0x000000070dc00000| Untracked |  0
|  27|0x000000070de00000, 0x000000070de00000, 0x000000070e000000|  0%| F|  |TAMS 0x000000070de00000| PB 0x000000070de00000| Untracked |  0
|  28|0x000000070e000000, 0x000000070e000000, 0x000000070e200000|  0%| F|  |TAMS 0x000000070e000000| PB 0x000000070e000000| Untracked |  0
|  29|0x000000070e200000, 0x000000070e200000, 0x000000070e400000|  0%| F|  |TAMS 0x000000070e200000| PB 0x000000070e200000| Untracked |  0
|  30|0x000000070e400000, 0x000000070e400000, 0x000000070e600000|  0%| F|  |TAMS 0x000000070e400000| PB 0x000000070e400000| Untracked |  0
|  31|0x000000070e600000, 0x000000070e600000, 0x000000070e800000|  0%| F|  |TAMS 0x000000070e600000| PB 0x000000070e600000| Untracked |  0
|  32|0x000000070e800000, 0x000000070e800000, 0x000000070ea00000|  0%| F|  |TAMS 0x000000070e800000| PB 0x000000070e800000| Untracked |  0
|  33|0x000000070ea00000, 0x000000070ea00000, 0x000000070ec00000|  0%| F|  |TAMS 0x000000070ea00000| PB 0x000000070ea00000| Untracked |  0
|  34|0x000000070ec00000, 0x000000070ec00000, 0x000000070ee00000|  0%| F|  |TAMS 0x000000070ec00000| PB 0x000000070ec00000| Untracked |  0
|  35|0x000000070ee00000, 0x000000070ee00000, 0x000000070f000000|  0%| F|  |TAMS 0x000000070ee00000| PB 0x000000070ee00000| Untracked |  0
|  36|0x000000070f000000, 0x000000070f000000, 0x000000070f200000|  0%| F|  |TAMS 0x000000070f000000| PB 0x000000070f000000| Untracked |  0
|  37|0x000000070f200000, 0x000000070f200000, 0x000000070f400000|  0%| F|  |TAMS 0x000000070f200000| PB 0x000000070f200000| Untracked |  0
|  38|0x000000070f400000, 0x000000070f400000, 0x000000070f600000|  0%| F|  |TAMS 0x000000070f400000| PB 0x000000070f400000| Untracked |  0
|  39|0x000000070f600000, 0x000000070f600000, 0x000000070f800000|  0%| F|  |TAMS 0x000000070f600000| PB 0x000000070f600000| Untracked |  0
|  40|0x000000070f800000, 0x000000070f800000, 0x000000070fa00000|  0%| F|  |TAMS 0x000000070f800000| PB 0x000000070f800000| Untracked |  0
|  41|0x000000070fa00000, 0x000000070fa00000, 0x000000070fc00000|  0%| F|  |TAMS 0x000000070fa00000| PB 0x000000070fa00000| Untracked |  0
|  42|0x000000070fc00000, 0x000000070fc00000, 0x000000070fe00000|  0%| F|  |TAMS 0x000000070fc00000| PB 0x000000070fc00000| Untracked |  0
|  43|0x000000070fe00000, 0x000000070fe00000, 0x0000000710000000|  0%| F|  |TAMS 0x000000070fe00000| PB 0x000000070fe00000| Untracked |  0
|  44|0x0000000710000000, 0x0000000710000000, 0x0000000710200000|  0%| F|  |TAMS 0x0000000710000000| PB 0x0000000710000000| Untracked |  0
|  45|0x0000000710200000, 0x0000000710200000, 0x0000000710400000|  0%| F|  |TAMS 0x0000000710200000| PB 0x0000000710200000| Untracked |  0
|  46|0x0000000710400000, 0x0000000710400000, 0x0000000710600000|  0%| F|  |TAMS 0x0000000710400000| PB 0x0000000710400000| Untracked |  0
|  47|0x0000000710600000, 0x0000000710600000, 0x0000000710800000|  0%| F|  |TAMS 0x0000000710600000| PB 0x0000000710600000| Untracked |  0
|  48|0x0000000710800000, 0x0000000710800000, 0x0000000710a00000|  0%| F|  |TAMS 0x0000000710800000| PB 0x0000000710800000| Untracked |  0
|  49|0x0000000710a00000, 0x0000000710a00000, 0x0000000710c00000|  0%| F|  |TAMS 0x0000000710a00000| PB 0x0000000710a00000| Untracked |  0
|  50|0x0000000710c00000, 0x0000000710c00000, 0x0000000710e00000|  0%| F|  |TAMS 0x0000000710c00000| PB 0x0000000710c00000| Untracked |  0
|  51|0x0000000710e00000, 0x0000000710e00000, 0x0000000711000000|  0%| F|  |TAMS 0x0000000710e00000| PB 0x0000000710e00000| Untracked |  0
|  52|0x0000000711000000, 0x0000000711000000, 0x0000000711200000|  0%| F|  |TAMS 0x0000000711000000| PB 0x0000000711000000| Untracked |  0
|  53|0x0000000711200000, 0x0000000711200000, 0x0000000711400000|  0%| F|  |TAMS 0x0000000711200000| PB 0x0000000711200000| Untracked |  0
|  54|0x0000000711400000, 0x0000000711400000, 0x0000000711600000|  0%| F|  |TAMS 0x0000000711400000| PB 0x0000000711400000| Untracked |  0
|  55|0x0000000711600000, 0x0000000711600000, 0x0000000711800000|  0%| F|  |TAMS 0x0000000711600000| PB 0x0000000711600000| Untracked |  0
|  56|0x0000000711800000, 0x0000000711800000, 0x0000000711a00000|  0%| F|  |TAMS 0x0000000711800000| PB 0x0000000711800000| Untracked |  0
|  57|0x0000000711a00000, 0x0000000711a00000, 0x0000000711c00000|  0%| F|  |TAMS 0x0000000711a00000| PB 0x0000000711a00000| Untracked |  0
|  58|0x0000000711c00000, 0x0000000711c00000, 0x0000000711e00000|  0%| F|  |TAMS 0x0000000711c00000| PB 0x0000000711c00000| Untracked |  0
|  59|0x0000000711e00000, 0x0000000711e00000, 0x0000000712000000|  0%| F|  |TAMS 0x0000000711e00000| PB 0x0000000711e00000| Untracked |  0
|  60|0x0000000712000000, 0x0000000712000000, 0x0000000712200000|  0%| F|  |TAMS 0x0000000712000000| PB 0x0000000712000000| Untracked |  0
|  61|0x0000000712200000, 0x0000000712200000, 0x0000000712400000|  0%| F|  |TAMS 0x0000000712200000| PB 0x0000000712200000| Untracked |  0
|  62|0x0000000712400000, 0x0000000712400000, 0x0000000712600000|  0%| F|  |TAMS 0x0000000712400000| PB 0x0000000712400000| Untracked |  0
|  63|0x0000000712600000, 0x0000000712600000, 0x0000000712800000|  0%| F|  |TAMS 0x0000000712600000| PB 0x0000000712600000| Untracked |  0
|  64|0x0000000712800000, 0x0000000712800000, 0x0000000712a00000|  0%| F|  |TAMS 0x0000000712800000| PB 0x0000000712800000| Untracked |  0
|  65|0x0000000712a00000, 0x0000000712a00000, 0x0000000712c00000|  0%| F|  |TAMS 0x0000000712a00000| PB 0x0000000712a00000| Untracked |  0
|  66|0x0000000712c00000, 0x0000000712c00000, 0x0000000712e00000|  0%| F|  |TAMS 0x0000000712c00000| PB 0x0000000712c00000| Untracked |  0
|  67|0x0000000712e00000, 0x0000000712e00000, 0x0000000713000000|  0%| F|  |TAMS 0x0000000712e00000| PB 0x0000000712e00000| Untracked |  0
|  68|0x0000000713000000, 0x0000000713000000, 0x0000000713200000|  0%| F|  |TAMS 0x0000000713000000| PB 0x0000000713000000| Untracked |  0
|  69|0x0000000713200000, 0x0000000713200000, 0x0000000713400000|  0%| F|  |TAMS 0x0000000713200000| PB 0x0000000713200000| Untracked |  0
|  70|0x0000000713400000, 0x0000000713400000, 0x0000000713600000|  0%| F|  |TAMS 0x0000000713400000| PB 0x0000000713400000| Untracked |  0
|  71|0x0000000713600000, 0x0000000713600000, 0x0000000713800000|  0%| F|  |TAMS 0x0000000713600000| PB 0x0000000713600000| Untracked |  0
|  72|0x0000000713800000, 0x0000000713800000, 0x0000000713a00000|  0%| F|  |TAMS 0x0000000713800000| PB 0x0000000713800000| Untracked |  0
|  73|0x0000000713a00000, 0x0000000713a00000, 0x0000000713c00000|  0%| F|  |TAMS 0x0000000713a00000| PB 0x0000000713a00000| Untracked |  0
|  74|0x0000000713c00000, 0x0000000713c00000, 0x0000000713e00000|  0%| F|  |TAMS 0x0000000713c00000| PB 0x0000000713c00000| Untracked |  0
|  75|0x0000000713e00000, 0x0000000713e00000, 0x0000000714000000|  0%| F|  |TAMS 0x0000000713e00000| PB 0x0000000713e00000| Untracked |  0
|  76|0x0000000714000000, 0x0000000714000000, 0x0000000714200000|  0%| F|  |TAMS 0x0000000714000000| PB 0x0000000714000000| Untracked |  0
|  77|0x0000000714200000, 0x0000000714200000, 0x0000000714400000|  0%| F|  |TAMS 0x0000000714200000| PB 0x0000000714200000| Untracked |  0
|  78|0x0000000714400000, 0x0000000714400000, 0x0000000714600000|  0%| F|  |TAMS 0x0000000714400000| PB 0x0000000714400000| Untracked |  0
|  79|0x0000000714600000, 0x0000000714600000, 0x0000000714800000|  0%| F|  |TAMS 0x0000000714600000| PB 0x0000000714600000| Untracked |  0
|  80|0x0000000714800000, 0x0000000714800000, 0x0000000714a00000|  0%| F|  |TAMS 0x0000000714800000| PB 0x0000000714800000| Untracked |  0
|  81|0x0000000714a00000, 0x0000000714a00000, 0x0000000714c00000|  0%| F|  |TAMS 0x0000000714a00000| PB 0x0000000714a00000| Untracked |  0
|  82|0x0000000714c00000, 0x0000000714c00000, 0x0000000714e00000|  0%| F|  |TAMS 0x0000000714c00000| PB 0x0000000714c00000| Untracked |  0
|  83|0x0000000714e00000, 0x0000000714e00000, 0x0000000715000000|  0%| F|  |TAMS 0x0000000714e00000| PB 0x0000000714e00000| Untracked |  0
|  84|0x0000000715000000, 0x0000000715000000, 0x0000000715200000|  0%| F|  |TAMS 0x0000000715000000| PB 0x0000000715000000| Untracked |  0
|  85|0x0000000715200000, 0x0000000715200000, 0x0000000715400000|  0%| F|  |TAMS 0x0000000715200000| PB 0x0000000715200000| Untracked |  0
|  86|0x0000000715400000, 0x0000000715400000, 0x0000000715600000|  0%| F|  |TAMS 0x0000000715400000| PB 0x0000000715400000| Untracked |  0
|  87|0x0000000715600000, 0x0000000715600000, 0x0000000715800000|  0%| F|  |TAMS 0x0000000715600000| PB 0x0000000715600000| Untracked |  0
|  88|0x0000000715800000, 0x0000000715800000, 0x0000000715a00000|  0%| F|  |TAMS 0x0000000715800000| PB 0x0000000715800000| Untracked |  0
|  89|0x0000000715a00000, 0x0000000715a00000, 0x0000000715c00000|  0%| F|  |TAMS 0x0000000715a00000| PB 0x0000000715a00000| Untracked |  0
|  90|0x0000000715c00000, 0x0000000715c00000, 0x0000000715e00000|  0%| F|  |TAMS 0x0000000715c00000| PB 0x0000000715c00000| Untracked |  0
|  91|0x0000000715e00000, 0x0000000715e00000, 0x0000000716000000|  0%| F|  |TAMS 0x0000000715e00000| PB 0x0000000715e00000| Untracked |  0
|  92|0x0000000716000000, 0x0000000716000000, 0x0000000716200000|  0%| F|  |TAMS 0x0000000716000000| PB 0x0000000716000000| Untracked |  0
|  93|0x0000000716200000, 0x0000000716200000, 0x0000000716400000|  0%| F|  |TAMS 0x0000000716200000| PB 0x0000000716200000| Untracked |  0
|  94|0x0000000716400000, 0x0000000716400000, 0x0000000716600000|  0%| F|  |TAMS 0x0000000716400000| PB 0x0000000716400000| Untracked |  0
|  95|0x0000000716600000, 0x0000000716600000, 0x0000000716800000|  0%| F|  |TAMS 0x0000000716600000| PB 0x0000000716600000| Untracked |  0
|  96|0x0000000716800000, 0x0000000716800000, 0x0000000716a00000|  0%| F|  |TAMS 0x0000000716800000| PB 0x0000000716800000| Untracked |  0
|  97|0x0000000716a00000, 0x0000000716a00000, 0x0000000716c00000|  0%| F|  |TAMS 0x0000000716a00000| PB 0x0000000716a00000| Untracked |  0
|  98|0x0000000716c00000, 0x0000000716c00000, 0x0000000716e00000|  0%| F|  |TAMS 0x0000000716c00000| PB 0x0000000716c00000| Untracked |  0
|  99|0x0000000716e00000, 0x0000000716e00000, 0x0000000717000000|  0%| F|  |TAMS 0x0000000716e00000| PB 0x0000000716e00000| Untracked |  0
| 100|0x0000000717000000, 0x0000000717000000, 0x0000000717200000|  0%| F|  |TAMS 0x0000000717000000| PB 0x0000000717000000| Untracked |  0
| 101|0x0000000717200000, 0x0000000717200000, 0x0000000717400000|  0%| F|  |TAMS 0x0000000717200000| PB 0x0000000717200000| Untracked |  0
| 102|0x0000000717400000, 0x0000000717400000, 0x0000000717600000|  0%| F|  |TAMS 0x0000000717400000| PB 0x0000000717400000| Untracked |  0
| 103|0x0000000717600000, 0x0000000717600000, 0x0000000717800000|  0%| F|  |TAMS 0x0000000717600000| PB 0x0000000717600000| Untracked |  0
| 104|0x0000000717800000, 0x0000000717800000, 0x0000000717a00000|  0%| F|  |TAMS 0x0000000717800000| PB 0x0000000717800000| Untracked |  0
| 105|0x0000000717a00000, 0x0000000717a00000, 0x0000000717c00000|  0%| F|  |TAMS 0x0000000717a00000| PB 0x0000000717a00000| Untracked |  0
| 106|0x0000000717c00000, 0x0000000717c00000, 0x0000000717e00000|  0%| F|  |TAMS 0x0000000717c00000| PB 0x0000000717c00000| Untracked |  0
| 107|0x0000000717e00000, 0x0000000717e00000, 0x0000000718000000|  0%| F|  |TAMS 0x0000000717e00000| PB 0x0000000717e00000| Untracked |  0
| 108|0x0000000718000000, 0x0000000718000000, 0x0000000718200000|  0%| F|  |TAMS 0x0000000718000000| PB 0x0000000718000000| Untracked |  0
| 109|0x0000000718200000, 0x0000000718200000, 0x0000000718400000|  0%| F|  |TAMS 0x0000000718200000| PB 0x0000000718200000| Untracked |  0
| 110|0x0000000718400000, 0x00000007184f9c38, 0x0000000718600000| 48%| E|  |TAMS 0x0000000718400000| PB 0x0000000718400000| Complete |  0
| 111|0x0000000718600000, 0x0000000718800000, 0x0000000718800000|100%| E|CS|TAMS 0x0000000718600000| PB 0x0000000718600000| Complete |  0
| 112|0x0000000718800000, 0x0000000718a00000, 0x0000000718a00000|100%| E|  |TAMS 0x0000000718800000| PB 0x0000000718800000| Complete |  0
| 113|0x0000000718a00000, 0x0000000718c00000, 0x0000000718c00000|100%| E|CS|TAMS 0x0000000718a00000| PB 0x0000000718a00000| Complete |  0
| 114|0x0000000718c00000, 0x0000000718e00000, 0x0000000718e00000|100%| E|CS|TAMS 0x0000000718c00000| PB 0x0000000718c00000| Complete |  0
| 115|0x0000000718e00000, 0x0000000719000000, 0x0000000719000000|100%| E|CS|TAMS 0x0000000718e00000| PB 0x0000000718e00000| Complete |  0
| 116|0x0000000719000000, 0x0000000719200000, 0x0000000719200000|100%| E|CS|TAMS 0x0000000719000000| PB 0x0000000719000000| Complete |  0
| 117|0x0000000719200000, 0x0000000719400000, 0x0000000719400000|100%| E|CS|TAMS 0x0000000719200000| PB 0x0000000719200000| Complete |  0
| 118|0x0000000719400000, 0x0000000719600000, 0x0000000719600000|100%| E|CS|TAMS 0x0000000719400000| PB 0x0000000719400000| Complete |  0
| 119|0x0000000719600000, 0x0000000719800000, 0x0000000719800000|100%| E|CS|TAMS 0x0000000719600000| PB 0x0000000719600000| Complete |  0
| 120|0x0000000719800000, 0x0000000719a00000, 0x0000000719a00000|100%| E|CS|TAMS 0x0000000719800000| PB 0x0000000719800000| Complete |  0
| 121|0x0000000719a00000, 0x0000000719c00000, 0x0000000719c00000|100%| E|CS|TAMS 0x0000000719a00000| PB 0x0000000719a00000| Complete |  0
| 122|0x0000000719c00000, 0x0000000719e00000, 0x0000000719e00000|100%| E|CS|TAMS 0x0000000719c00000| PB 0x0000000719c00000| Complete |  0
|1963|0x00000007ffe00000, 0x00000007fff19530, 0x0000000800000000| 54%| O|  |TAMS 0x00000007ffe00000| PB 0x00000007ffe00000| Untracked |  0

Card table byte_map: [0x0000720c08bc7000,0x0000720c09373000] _byte_map_base: 0x0000720c05373000

Marking Bits: (CMBitMap*) 0x0000720c04097930
 Bits: [0x0000720be88a0000, 0x0000720bec600000)

Polling page: 0x0000720c0c5ef000

Metaspace:

Usage:
  Non-class:      6.70 MB used.
      Class:    602.52 KB used.
       Both:      7.29 MB used.

Virtual space:
  Non-class space:       64.00 MB reserved,       6.81 MB ( 11%) committed,  1 nodes.
      Class space:        1.00 GB reserved,     640.00 KB ( <1%) committed,  1 nodes.
             Both:        1.06 GB reserved,       7.44 MB ( <1%) committed. 

Chunk freelists:
   Non-Class:  8.99 MB
       Class:  15.20 MB
        Both:  24.19 MB

MaxMetaspaceSize: unlimited
CompressedClassSpaceSize: 1.00 GB
Initial GC threshold: 21.00 MB
Current GC threshold: 21.00 MB
CDS: on
 - commit_granule_bytes: 65536.
 - commit_granule_words: 8192.
 - virtual_space_node_default_size: 8388608.
 - enlarge_chunks_in_place: 1.
UseCompressedClassPointers 1, UseCompactObjectHeaders 0
Narrow klass pointer bits 32, Max shift 3
Narrow klass base: 0x0000720b8a000000, Narrow klass shift: 0
Encoding Range: [0x0000720b8a000000 - 0x0000720c8a000000), (4294967296 bytes)
Klass Range:    [0x0000720b8a000000 - 0x0000720bcb000000), (1090519040 bytes)
Klass ID Range:  [8 - 1090519033) (1090519025)


Internal statistics:

num_allocs_failed_limit: 0.
num_arena_births: 52.
num_arena_deaths: 0.
num_vsnodes_births: 2.
num_vsnodes_deaths: 0.
num_space_committed: 119.
num_space_uncommitted: 0.
num_chunks_returned_to_freelist: 0.
num_chunks_taken_from_freelist: 188.
num_chunk_merges: 0.
num_chunk_splits: 141.
num_chunks_enlarged: 116.
num_inconsistent_stats: 0.

CodeHeap 'non-profiled nmethods': size=119172Kb used=386Kb max_used=386Kb free=118785Kb
 bounds [0x0000720bf419f000, 0x0000720bf440f000, 0x0000720bfb600000]
CodeHeap 'profiled nmethods': size=119164Kb used=2248Kb max_used=2248Kb free=116915Kb
 bounds [0x0000720bec600000, 0x0000720bec870000, 0x0000720bf3a5f000]
CodeHeap 'non-nmethods': size=7424Kb used=3089Kb max_used=3111Kb free=4334Kb
 bounds [0x0000720bf3a5f000, 0x0000720bf3d6f000, 0x0000720bf419f000]
CodeCache: size=245760Kb, used=5723Kb, max_used=5745Kb, free=240034Kb
 total_blobs=2046, nmethods=1533, adapters=416, full_count=0
Compilation: enabled, stopped_count=0, restarted_count=0

Compilation events (20 events):
Event: 0.197 Thread 0x0000720c0418e950 1448       3       java.util.Properties::getProperty (50 bytes)
Event: 0.197 Thread 0x0000720b5800a190 nmethod 1446 0x0000720bec816f88 code [0x0000720bec8170c0, 0x0000720bec817398]
Event: 0.197 Thread 0x0000720b5800a190 1449       3       java.util.concurrent.ConcurrentHashMap$EntryIterator::next (5 bytes)
Event: 0.197 Thread 0x0000720b5800a190 nmethod 1449 0x0000720bec817408 code [0x0000720bec817520, 0x0000720bec8176d8]
Event: 0.197 Thread 0x0000720b5800a190 1452       3       java.util.WeakHashMap::put (160 bytes)
Event: 0.197 Thread 0x0000720c0418e950 nmethod 1448 0x0000720bec817708 code [0x0000720bec817860, 0x0000720bec817cf8]
Event: 0.197 Thread 0x0000720c0418e950 1450       3       java.util.concurrent.ConcurrentHashMap$EntryIterator::next (51 bytes)
Event: 0.197 Thread 0x0000720b60071330 nmethod 1436 0x0000720bec817d88 code [0x0000720bec8181c0, 0x0000720bec81a558]
Event: 0.197 Thread 0x0000720c0418e950 nmethod 1450 0x0000720bec81a608 code [0x0000720bec81a760, 0x0000720bec81ad18]
Event: 0.197 Thread 0x0000720b60071330 1451       3       java.util.concurrent.ConcurrentHashMap$MapEntry::<init> (20 bytes)
Event: 0.197 Thread 0x0000720c0418e950 1453       3       java.lang.Class::reflectionData (43 bytes)
Event: 0.197 Thread 0x0000720b500024d0 nmethod 1314 0x0000720bf41f5b88 code [0x0000720bf41f5da0, 0x0000720bf41f69f8]
Event: 0.197 Thread 0x0000720b60071330 nmethod 1451 0x0000720bec81ad88 code [0x0000720bec81aea0, 0x0000720bec81b128]
Event: 0.197 Thread 0x0000720b500024d0 1441       4       java.lang.invoke.MethodType::parameterCount (6 bytes)
Event: 0.197 Thread 0x0000720c0418e950 nmethod 1453 0x0000720bec81b188 code [0x0000720bec81b2c0, 0x0000720bec81b678]
Event: 0.198 Thread 0x0000720b500024d0 nmethod 1441 0x0000720bf41f7308 code [0x0000720bf41f7400, 0x0000720bf41f7490]
Event: 0.198 Thread 0x0000720b5800a190 nmethod 1452 0x0000720bec81b708 code [0x0000720bec81b920, 0x0000720bec81c9e8]
Event: 0.198 Thread 0x0000720b500024d0 1401       4       java.lang.Math::min (11 bytes)
Event: 0.198 Thread 0x0000720b500024d0 nmethod 1401 0x0000720bf41f7608 code [0x0000720bf41f7700, 0x0000720bf41f7770]
Event: 0.198 Thread 0x0000720b500024d0 1400       4       java.lang.String::<init> (15 bytes)

GC Heap History (0 events):
No events

Dll operation events (17 events):
Event: 0.002 Loaded shared library /home/lyr/.sdkman/candidates/java/24-open/lib/libjava.so
Event: 0.013 Loaded shared library /home/lyr/.sdkman/candidates/java/24-open/lib/libsimdsort.so
Event: 0.013 Loaded shared library /home/lyr/.sdkman/candidates/java/24-open/lib/libjsvml.so
Event: 0.033 Loaded shared library /home/lyr/.sdkman/candidates/java/24-open/lib/libzip.so
Event: 0.034 Loaded shared library /home/lyr/.sdkman/candidates/java/24-open/lib/libinstrument.so
Event: 0.035 Loaded shared library /home/lyr/.sdkman/candidates/java/24-open/lib/libnio.so
Event: 0.037 Loaded shared library /home/lyr/.sdkman/candidates/java/24-open/lib/libzip.so
Event: 0.061 Loaded shared library /home/lyr/.sdkman/candidates/java/24-open/lib/libnet.so
Event: 0.064 Loaded shared library /home/lyr/.sdkman/candidates/java/24-open/lib/libextnet.so
Event: 0.126 Loaded shared library /home/lyr/.sdkman/candidates/java/24-open/lib/libjimage.so
Event: 0.148 Loaded shared library /home/lyr/.javacpp/cache/javacpp-1.5.7-linux-x86_64.jar/org/bytedeco/javacpp/linux-x86_64/libjnijavacpp.so
Event: 0.159 Loaded shared library /home/lyr/.javacpp/cache/llvm-13.0.1-1.5.7-linux-x86_64.jar/org/bytedeco/llvm/linux-x86_64/libLLVM-13.so
Event: 0.162 Loaded shared library /home/lyr/.javacpp/cache/llvm-13.0.1-1.5.7-linux-x86_64.jar/org/bytedeco/llvm/linux-x86_64/libLTO.so.13
Event: 0.164 Loaded shared library /home/lyr/.javacpp/cache/llvm-13.0.1-1.5.7-linux-x86_64.jar/org/bytedeco/llvm/linux-x86_64/libRemarks.so.13
Event: 0.164 Loaded shared library /home/lyr/.javacpp/cache/llvm-13.0.1-1.5.7-linux-x86_64.jar/org/bytedeco/llvm/linux-x86_64/libjniLLVM.so
Event: 0.183 Loaded shared library /home/lyr/.sdkman/candidates/java/24-open/lib/libmanagement.so
Event: 0.187 Loaded shared library /home/lyr/.sdkman/candidates/java/24-open/lib/libmanagement_ext.so

Deoptimization events (20 events):
Event: 0.126 Thread 0x0000720c0402d440 DEOPT PACKING pc=0x0000720bf41c9f34 sp=0x0000720c0c1fb3a0
Event: 0.126 Thread 0x0000720c0402d440 DEOPT UNPACKING pc=0x0000720bf3b7a679 sp=0x0000720c0c1fb320 mode 2
Event: 0.138 Thread 0x0000720c0402d440 Uncommon trap: trap_request=0xffffff4d fr.pc=0x0000720bf41b2b78 relative=0x0000000000000078
Event: 0.138 Thread 0x0000720c0402d440 Uncommon trap: reason=unstable_if action=reinterpret pc=0x0000720bf41b2b78 method=jdk.internal.misc.Unsafe.convEndian(ZI)I @ 4 c2
Event: 0.138 Thread 0x0000720c0402d440 DEOPT PACKING pc=0x0000720bf41b2b78 sp=0x0000720c0c1fc5e0
Event: 0.138 Thread 0x0000720c0402d440 DEOPT UNPACKING pc=0x0000720bf3b7a679 sp=0x0000720c0c1fc530 mode 2
Event: 0.161 Thread 0x0000720c0402d440 Uncommon trap: trap_request=0xffffff4d fr.pc=0x0000720bf41e1d18 relative=0x00000000000004d8
Event: 0.161 Thread 0x0000720c0402d440 Uncommon trap: reason=unstable_if action=reinterpret pc=0x0000720bf41e1d18 method=java.lang.StringLatin1.replace([BCC)Ljava/lang/String; @ 19 c2
Event: 0.161 Thread 0x0000720c0402d440 DEOPT PACKING pc=0x0000720bf41e1d18 sp=0x0000720c0c1fd740
Event: 0.161 Thread 0x0000720c0402d440 DEOPT UNPACKING pc=0x0000720bf3b7a679 sp=0x0000720c0c1fd6e0 mode 2
Event: 0.166 Thread 0x0000720b70000f30 DEOPT PACKING pc=0x0000720bec628025 sp=0x0000720bd852d850
Event: 0.166 Thread 0x0000720b70000f30 DEOPT UNPACKING pc=0x0000720bf3ab430f sp=0x0000720bd852cca8 mode 0
Event: 0.190 Thread 0x0000720b70000f30 Uncommon trap: trap_request=0xffffff4d fr.pc=0x0000720bf41ec2f4 relative=0x0000000000000254
Event: 0.190 Thread 0x0000720b70000f30 Uncommon trap: reason=unstable_if action=reinterpret pc=0x0000720bf41ec2f4 method=jdk.internal.util.ArraysSupport.mismatch([BI[BII)I @ 55 c2
Event: 0.190 Thread 0x0000720b70000f30 DEOPT PACKING pc=0x0000720bf41ec2f4 sp=0x0000720bd852ca40
Event: 0.190 Thread 0x0000720b70000f30 DEOPT UNPACKING pc=0x0000720bf3b7a679 sp=0x0000720bd852c8e0 mode 2
Event: 0.190 Thread 0x0000720b70000f30 Uncommon trap: trap_request=0xffffff4d fr.pc=0x0000720bf41e01cc relative=0x00000000000002ac
Event: 0.190 Thread 0x0000720b70000f30 Uncommon trap: reason=unstable_if action=reinterpret pc=0x0000720bf41e01cc method=jdk.internal.util.ArraysSupport.mismatch([BI[BII)I @ 55 c2
Event: 0.190 Thread 0x0000720b70000f30 DEOPT PACKING pc=0x0000720bf41e01cc sp=0x0000720bd852c9d0
Event: 0.190 Thread 0x0000720b70000f30 DEOPT UNPACKING pc=0x0000720bf3b7a679 sp=0x0000720bd852c8e0 mode 2

Classes loaded (20 events):
Event: 0.197 Loading class com/sun/management/OperatingSystemMXBean
Event: 0.197 Loading class java/lang/management/OperatingSystemMXBean
Event: 0.197 Loading class java/lang/management/OperatingSystemMXBean done
Event: 0.197 Loading class com/sun/management/OperatingSystemMXBean done
Event: 0.197 Loading class com/sun/management/UnixOperatingSystemMXBean done
Event: 0.197 Loading class sun/management/BaseOperatingSystemImpl
Event: 0.197 Loading class sun/management/BaseOperatingSystemImpl done
Event: 0.197 Loading class com/sun/management/internal/OperatingSystemImpl done
Event: 0.197 Loading class com/sun/management/internal/OperatingSystemImpl$SystemCpuTicks
Event: 0.197 Loading class com/sun/management/internal/OperatingSystemImpl$ContainerCpuTicks
Event: 0.197 Loading class com/sun/management/internal/OperatingSystemImpl$ContainerCpuTicks done
Event: 0.198 Loading class com/sun/management/internal/OperatingSystemImpl$SystemCpuTicks done
Event: 0.198 Loading class com/sun/management/internal/OperatingSystemImpl$ProcessCpuTicks
Event: 0.198 Loading class com/sun/management/internal/OperatingSystemImpl$ProcessCpuTicks done
Event: 0.198 Loading class jdk/internal/platform/Container
Event: 0.198 Loading class jdk/internal/platform/Container done
Event: 0.198 Loading class jdk/internal/platform/Metrics
Event: 0.198 Loading class jdk/internal/platform/Metrics done
Event: 0.198 Loading class jdk/internal/platform/SystemMetrics
Event: 0.198 Loading class jdk/internal/platform/SystemMetrics done

Classes unloaded (0 events):
No events

Classes redefined (0 events):
No events

Internal exceptions (9 events):
Event: 0.054 Thread 0x0000720c0402d440 Exception <a 'java/lang/NoSuchMethodError'{0x000000071971e520}: 'void java.lang.invoke.DirectMethodHandle$Holder.invokeStatic(java.lang.Object, java.lang.Object, java.lang.Object)'> (0x000000071971e520) 
thrown [open/src/hotspot/share/interpreter/linkResolver.cpp, line 804]
Event: 0.058 Thread 0x0000720c0402d440 Exception <a 'java/lang/NoSuchMethodError'{0x00000007197530e0}: 'java.lang.Object java.lang.invoke.Invokers$Holder.invokeExact_MT(java.lang.Object, java.lang.Object, java.lang.Object, java.lang.Object, java.lang.Object)'> (0x00000007197530e0) 
thrown [open/src/hotspot/share/interpreter/linkResolver.cpp, line 804]
Event: 0.063 Thread 0x0000720c0402d440 Exception <a 'java/lang/NoSuchMethodError'{0x0000000719774c40}: 'void java.lang.invoke.DirectMethodHandle$Holder.invokeVirtual(java.lang.Object, java.lang.Object)'> (0x0000000719774c40) 
thrown [open/src/hotspot/share/interpreter/linkResolver.cpp, line 804]
Event: 0.063 Thread 0x0000720c04325480 Exception <a 'java/lang/NoSuchMethodError'{0x0000000719405620}: 'java.lang.Object java.lang.invoke.DirectMethodHandle$Holder.invokeStaticInit(java.lang.Object)'> (0x0000000719405620) 
thrown [open/src/hotspot/share/interpreter/linkResolver.cpp, line 804]
Event: 0.065 Thread 0x0000720c04325480 Exception <a 'java/lang/NoSuchMethodError'{0x0000000719410740}: 'void java.lang.invoke.DirectMethodHandle$Holder.invokeStatic(java.lang.Object, java.lang.Object)'> (0x0000000719410740) 
thrown [open/src/hotspot/share/interpreter/linkResolver.cpp, line 804]
Event: 0.125 Thread 0x0000720c0402d440 Exception <a 'java/lang/NoSuchMethodError'{0x0000000718fb3e40}: 'java.lang.Object java.lang.invoke.DirectMethodHandle$Holder.invokeInterface(java.lang.Object, java.lang.Object)'> (0x0000000718fb3e40) 
thrown [open/src/hotspot/share/interpreter/linkResolver.cpp, line 804]
Event: 0.133 Thread 0x0000720c0402d440 Exception <a 'java/lang/NoSuchMethodError'{0x0000000718c2e330}: 'void java.lang.invoke.DirectMethodHandle$Holder.invokeSpecial(java.lang.Object, java.lang.Object, java.lang.Object)'> (0x0000000718c2e330) 
thrown [open/src/hotspot/share/interpreter/linkResolver.cpp, line 804]
Event: 0.188 Thread 0x0000720b70000f30 Exception <a 'java/lang/NoSuchMethodError'{0x0000000718abd4b0}: 'int java.lang.invoke.DirectMethodHandle$Holder.invokeInterface(java.lang.Object, java.lang.Object)'> (0x0000000718abd4b0) 
thrown [open/src/hotspot/share/interpreter/linkResolver.cpp, line 804]
Event: 0.188 Thread 0x0000720b70000f30 Exception <a 'java/lang/IncompatibleClassChangeError'{0x0000000718ac5130}: Found class java.lang.Object, but interface was expected> (0x0000000718ac5130) 
thrown [open/src/hotspot/share/interpreter/linkResolver.cpp, line 872]

VM Operations (14 events):
Event: 0.067 Executing VM operation: HandshakeAllThreads (Deoptimize)
Event: 0.067 Executing VM operation: HandshakeAllThreads (Deoptimize) done
Event: 0.084 Executing VM operation: HandshakeAllThreads (Deoptimize)
Event: 0.084 Executing VM operation: HandshakeAllThreads (Deoptimize) done
Event: 0.104 Executing VM operation: HandshakeAllThreads (Deoptimize)
Event: 0.104 Executing VM operation: HandshakeAllThreads (Deoptimize) done
Event: 0.128 Executing VM operation: HandshakeAllThreads (Deoptimize)
Event: 0.128 Executing VM operation: HandshakeAllThreads (Deoptimize) done
Event: 0.169 Executing VM operation: HandshakeAllThreads (Deoptimize)
Event: 0.170 Executing VM operation: HandshakeAllThreads (Deoptimize) done
Event: 0.174 Executing VM operation: HandshakeAllThreads (Deoptimize)
Event: 0.175 Executing VM operation: HandshakeAllThreads (Deoptimize) done
Event: 0.189 Executing VM operation: HandshakeAllThreads (Deoptimize)
Event: 0.189 Executing VM operation: HandshakeAllThreads (Deoptimize) done

Memory protections (17 events):
Event: 0.002 Protecting memory [0x0000720c0c100000,0x0000720c0c104000] with protection modes 0
Event: 0.011 Protecting memory [0x0000720bd9cfe000,0x0000720bd9d02000] with protection modes 0
Event: 0.011 Protecting memory [0x0000720bd9afc000,0x0000720bd9b00000] with protection modes 0
Event: 0.011 Protecting memory [0x0000720bd9100000,0x0000720bd9104000] with protection modes 0
Event: 0.012 Protecting memory [0x0000720bd9000000,0x0000720bd9004000] with protection modes 0
Event: 0.012 Protecting memory [0x0000720bd8f00000,0x0000720bd8f04000] with protection modes 0
Event: 0.012 Protecting memory [0x0000720bd8e00000,0x0000720bd8e04000] with protection modes 0
Event: 0.012 Protecting memory [0x0000720bd8d00000,0x0000720bd8d04000] with protection modes 0
Event: 0.022 Protecting memory [0x0000720bd8b30000,0x0000720bd8b34000] with protection modes 0
Event: 0.025 Protecting memory [0x0000720bd8a30000,0x0000720bd8a34000] with protection modes 0
Event: 0.026 Protecting memory [0x0000720bd8930000,0x0000720bd8934000] with protection modes 0
Event: 0.027 Protecting memory [0x0000720bd8830000,0x0000720bd8834000] with protection modes 0
Event: 0.031 Protecting memory [0x0000720bd8730000,0x0000720bd8734000] with protection modes 0
Event: 0.060 Protecting memory [0x0000720bd8630000,0x0000720bd8634000] with protection modes 0
Event: 0.060 Protecting memory [0x0000720bd8530000,0x0000720bd8534000] with protection modes 0
Event: 0.064 Protecting memory [0x0000720bd8430000,0x0000720bd8434000] with protection modes 0
Event: 0.151 Protecting memory [0x0000720bd8330000,0x0000720bd8334000] with protection modes 0

Nmethod flushes (0 events):
No events

Events (17 events):
Event: 0.007 Thread 0x0000720c0402d440 Thread added: 0x0000720c0402d440
Event: 0.011 Thread 0x0000720c0402d440 Thread added: 0x0000720c04186600
Event: 0.011 Thread 0x0000720c0402d440 Thread added: 0x0000720c04187440
Event: 0.011 Thread 0x0000720c0402d440 Thread added: 0x0000720c04188780
Event: 0.012 Thread 0x0000720c0402d440 Thread added: 0x0000720c04189e90
Event: 0.012 Thread 0x0000720c0402d440 Thread added: 0x0000720c0418b500
Event: 0.012 Thread 0x0000720c0402d440 Thread added: 0x0000720c0418d170
Event: 0.012 Thread 0x0000720c0402d440 Thread added: 0x0000720c0418e950
Event: 0.022 Thread 0x0000720c0402d440 Thread added: 0x0000720c0419e870
Event: 0.025 Thread 0x0000720c0418e950 Thread added: 0x0000720b60071330
Event: 0.026 Thread 0x0000720c0418e950 Thread added: 0x0000720b60072bb0
Event: 0.027 Thread 0x0000720b60071330 Thread added: 0x0000720b5800a190
Event: 0.031 Thread 0x0000720b5800a190 Thread added: 0x0000720b500024d0
Event: 0.060 Thread 0x0000720c0402d440 Thread added: 0x0000720c04325480
Event: 0.060 Thread 0x0000720c0402d440 Thread added: 0x0000720c04327220
Event: 0.064 Thread 0x0000720c04188780 Thread added: 0x0000720b70000f30
Event: 0.151 Thread 0x0000720c0402d440 Thread added: 0x0000720c043c02b0


Dynamic libraries:
70a800000-719e00000 rw-p 00000000 00:00 0 
719e00000-7ffe00000 ---p 00000000 00:00 0 
7ffe00000-7fff1a000 rw-p 00d4a000 08:03 9051532                          /home/lyr/.sdkman/candidates/java/24-open/lib/server/classes.jsa
7fff1a000-800000000 rw-p 00000000 00:00 0 
5fa84d4f5000-5fa84d4f6000 r-xp 00000000 08:03 9051890                    /home/lyr/.sdkman/candidates/java/24-open/bin/java
5fa84d4f7000-5fa84d4f8000 r--p 00001000 08:03 9051890                    /home/lyr/.sdkman/candidates/java/24-open/bin/java
5fa84d4f8000-5fa84d4f9000 rw-p 00002000 08:03 9051890                    /home/lyr/.sdkman/candidates/java/24-open/bin/java
5fa851cec000-5fa851d34000 rw-p 00000000 00:00 0                          [heap]
720b39400000-720b39d26000 r--p 00000000 08:03 7360452                    /home/lyr/.javacpp/cache/llvm-13.0.1-1.5.7-linux-x86_64.jar/org/bytedeco/llvm/linux-x86_64/libLLVM-13.so
720b39d26000-720b3d6e9000 r-xp 00926000 08:03 7360452                    /home/lyr/.javacpp/cache/llvm-13.0.1-1.5.7-linux-x86_64.jar/org/bytedeco/llvm/linux-x86_64/libLLVM-13.so
720b3d6e9000-720b3f93e000 r--p 042e9000 08:03 7360452                    /home/lyr/.javacpp/cache/llvm-13.0.1-1.5.7-linux-x86_64.jar/org/bytedeco/llvm/linux-x86_64/libLLVM-13.so
720b3f93e000-720b3fe53000 r--p 0653d000 08:03 7360452                    /home/lyr/.javacpp/cache/llvm-13.0.1-1.5.7-linux-x86_64.jar/org/bytedeco/llvm/linux-x86_64/libLLVM-13.so
720b3fe53000-720b3fe5e000 rw-p 06a52000 08:03 7360452                    /home/lyr/.javacpp/cache/llvm-13.0.1-1.5.7-linux-x86_64.jar/org/bytedeco/llvm/linux-x86_64/libLLVM-13.so
720b3fe5e000-720b3fed4000 rw-p 00000000 00:00 0 
720b40000000-720b40218000 rw-p 00000000 00:00 0 
720b40218000-720b44000000 ---p 00000000 00:00 0 
720b44000000-720b44021000 rw-p 00000000 00:00 0 
720b44021000-720b48000000 ---p 00000000 00:00 0 
720b48000000-720b48033000 rw-p 00000000 00:00 0 
720b48033000-720b4c000000 ---p 00000000 00:00 0 
720b4c000000-720b4c021000 rw-p 00000000 00:00 0 
720b4c021000-720b50000000 ---p 00000000 00:00 0 
720b50000000-720b5011d000 rw-p 00000000 00:00 0 
720b5011d000-720b54000000 ---p 00000000 00:00 0 
720b54000000-720b541ee000 rw-p 00000000 00:00 0 
720b541ee000-720b58000000 ---p 00000000 00:00 0 
720b58000000-720b5828e000 rw-p 00000000 00:00 0 
720b5828e000-720b5c000000 ---p 00000000 00:00 0 
720b5c000000-720b5c171000 rw-p 00000000 00:00 0 
720b5c171000-720b60000000 ---p 00000000 00:00 0 
720b60000000-720b60248000 rw-p 00000000 00:00 0 
720b60248000-720b64000000 ---p 00000000 00:00 0 
720b64000000-720b64021000 rw-p 00000000 00:00 0 
720b64021000-720b68000000 ---p 00000000 00:00 0 
720b68000000-720b68021000 rw-p 00000000 00:00 0 
720b68021000-720b6c000000 ---p 00000000 00:00 0 
720b6c000000-720b6c264000 rw-p 00000000 00:00 0 
720b6c264000-720b70000000 ---p 00000000 00:00 0 
720b70000000-720b70021000 rw-p 00000000 00:00 0 
720b70021000-720b74000000 ---p 00000000 00:00 0 
720b74000000-720b74021000 rw-p 00000000 00:00 0 
720b74021000-720b78000000 ---p 00000000 00:00 0 
720b78000000-720b783c0000 rw-p 00000000 00:00 0 
720b783c0000-720b78400000 ---p 00000000 00:00 0 
720b78400000-720b78710000 rw-p 00000000 00:00 0 
720b78710000-720b7c000000 ---p 00000000 00:00 0 
720b7c000000-720b7c021000 rw-p 00000000 00:00 0 
720b7c021000-720b80000000 ---p 00000000 00:00 0 
720b80000000-720b80021000 rw-p 00000000 00:00 0 
720b80021000-720b84000000 ---p 00000000 00:00 0 
720b84000000-720b84021000 rw-p 00000000 00:00 0 
720b84021000-720b88000000 ---p 00000000 00:00 0 
720b8962d000-720b8a000000 rw-p 00000000 00:00 0 
720b8a000000-720b8ad17000 rw-p 00001000 08:03 9051532                    /home/lyr/.sdkman/candidates/java/24-open/lib/server/classes.jsa
720b8ad17000-720b8b000000 ---p 00000000 00:00 0 
720b8b000000-720b8b030000 rw-p 00000000 00:00 0 
720b8b030000-720b8b070000 rw-p 00000000 00:00 0 
720b8b070000-720b8b090000 rw-p 00000000 00:00 0 
720b8b090000-720b8b0c0000 ---p 00000000 00:00 0 
720b8b0c0000-720b8b0d0000 rw-p 00000000 00:00 0 
720b8b0d0000-720bcb000000 ---p 00000000 00:00 0 
720bcb638000-720bcbc00000 rw-p 00000000 00:00 0 
720bcbc00000-720bcbc9d000 r--p 00000000 08:02 803586                     /usr/lib/x86_64-linux-gnu/libstdc++.so.6.0.33
720bcbc9d000-720bcbde5000 r-xp 0009d000 08:02 803586                     /usr/lib/x86_64-linux-gnu/libstdc++.so.6.0.33
720bcbde5000-720bcbe6c000 r--p 001e5000 08:02 803586                     /usr/lib/x86_64-linux-gnu/libstdc++.so.6.0.33
720bcbe6c000-720bcbe77000 r--p 0026b000 08:02 803586                     /usr/lib/x86_64-linux-gnu/libstdc++.so.6.0.33
720bcbe77000-720bcbe7a000 rw-p 00276000 08:02 803586                     /usr/lib/x86_64-linux-gnu/libstdc++.so.6.0.33
720bcbe7a000-720bcbe7e000 rw-p 00000000 00:00 0 
720bcc000000-720bcc021000 rw-p 00000000 00:00 0 
720bcc021000-720bd0000000 ---p 00000000 00:00 0 
720bd0000000-720bd0021000 rw-p 00000000 00:00 0 
720bd0021000-720bd4000000 ---p 00000000 00:00 0 
720bd4000000-720bd4021000 rw-p 00000000 00:00 0 
720bd4021000-720bd8000000 ---p 00000000 00:00 0 
720bd822a000-720bd828f000 r--p 00000000 08:03 7360478                    /home/lyr/.javacpp/cache/llvm-13.0.1-1.5.7-linux-x86_64.jar/org/bytedeco/llvm/linux-x86_64/libjniLLVM.so
720bd828f000-720bd82fd000 r-xp 00065000 08:03 7360478                    /home/lyr/.javacpp/cache/llvm-13.0.1-1.5.7-linux-x86_64.jar/org/bytedeco/llvm/linux-x86_64/libjniLLVM.so
720bd82fd000-720bd8328000 r--p 000d3000 08:03 7360478                    /home/lyr/.javacpp/cache/llvm-13.0.1-1.5.7-linux-x86_64.jar/org/bytedeco/llvm/linux-x86_64/libjniLLVM.so
720bd8328000-720bd832b000 r--p 000fd000 08:03 7360478                    /home/lyr/.javacpp/cache/llvm-13.0.1-1.5.7-linux-x86_64.jar/org/bytedeco/llvm/linux-x86_64/libjniLLVM.so
720bd832b000-720bd832e000 rw-p 00100000 08:03 7360478                    /home/lyr/.javacpp/cache/llvm-13.0.1-1.5.7-linux-x86_64.jar/org/bytedeco/llvm/linux-x86_64/libjniLLVM.so
720bd832e000-720bd8330000 rw-p 00000000 00:00 0 
720bd8330000-720bd8334000 ---p 00000000 00:00 0 
720bd8334000-720bd8430000 rw-p 00000000 00:00 0 
720bd8430000-720bd8434000 ---p 00000000 00:00 0 
720bd8434000-720bd8530000 rw-p 00000000 00:00 0 
720bd8530000-720bd8534000 ---p 00000000 00:00 0 
720bd8534000-720bd8630000 rw-p 00000000 00:00 0 
720bd8630000-720bd8634000 ---p 00000000 00:00 0 
720bd8634000-720bd8730000 rw-p 00000000 00:00 0 
720bd8730000-720bd8734000 ---p 00000000 00:00 0 
720bd8734000-720bd8830000 rw-p 00000000 00:00 0 
720bd8830000-720bd8834000 ---p 00000000 00:00 0 
720bd8834000-720bd8930000 rw-p 00000000 00:00 0 
720bd8930000-720bd8934000 ---p 00000000 00:00 0 
720bd8934000-720bd8a30000 rw-p 00000000 00:00 0 
720bd8a30000-720bd8a34000 ---p 00000000 00:00 0 
720bd8a34000-720bd8b30000 rw-p 00000000 00:00 0 
720bd8b30000-720bd8b34000 ---p 00000000 00:00 0 
720bd8b34000-720bd8c30000 rw-p 00000000 00:00 0 
720bd8c30000-720bd8cfe000 r-xp 00000000 08:03 9051500                    /home/lyr/.sdkman/candidates/java/24-open/lib/libjsvml.so
720bd8cfe000-720bd8cff000 r--p 000cd000 08:03 9051500                    /home/lyr/.sdkman/candidates/java/24-open/lib/libjsvml.so
720bd8cff000-720bd8d00000 rw-p 000ce000 08:03 9051500                    /home/lyr/.sdkman/candidates/java/24-open/lib/libjsvml.so
720bd8d00000-720bd8d04000 ---p 00000000 00:00 0 
720bd8d04000-720bd8e00000 rw-p 00000000 00:00 0 
720bd8e00000-720bd8e04000 ---p 00000000 00:00 0 
720bd8e04000-720bd8f00000 rw-p 00000000 00:00 0 
720bd8f00000-720bd8f04000 ---p 00000000 00:00 0 
720bd8f04000-720bd9000000 rw-p 00000000 00:00 0 
720bd9000000-720bd9004000 ---p 00000000 00:00 0 
720bd9004000-720bd9100000 rw-p 00000000 00:00 0 
720bd9100000-720bd9104000 ---p 00000000 00:00 0 
720bd9104000-720bd9200000 rw-p 00000000 00:00 0 
720bd9200000-720bd9a7b000 r--p 00000000 08:02 818601                     /usr/lib/locale/locale-archive
720bd9acd000-720bd9ad1000 r--p 00000000 08:02 799950                     /usr/lib/x86_64-linux-gnu/libgcc_s.so.1
720bd9ad1000-720bd9af5000 r-xp 00004000 08:02 799950                     /usr/lib/x86_64-linux-gnu/libgcc_s.so.1
720bd9af5000-720bd9af9000 r--p 00028000 08:02 799950                     /usr/lib/x86_64-linux-gnu/libgcc_s.so.1
720bd9af9000-720bd9afa000 r--p 0002b000 08:02 799950                     /usr/lib/x86_64-linux-gnu/libgcc_s.so.1
720bd9afa000-720bd9afb000 rw-p 0002c000 08:02 799950                     /usr/lib/x86_64-linux-gnu/libgcc_s.so.1
720bd9afb000-720bd9afc000 ---p 00000000 00:00 0 
720bd9afc000-720bd9b00000 ---p 00000000 00:00 0 
720bd9b00000-720bd9bfc000 rw-p 00000000 00:00 0 
720bd9bfc000-720bd9bfd000 ---p 00000000 00:00 0 
720bd9bfd000-720bd9cfd000 rw-p 00000000 00:00 0 
720bd9cfd000-720bd9cfe000 ---p 00000000 00:00 0 
720bd9cfe000-720bd9d02000 ---p 00000000 00:00 0 
720bd9d02000-720bd9dfe000 rw-p 00000000 00:00 0 
720bd9dfe000-720bd9dff000 ---p 00000000 00:00 0 
720bd9dff000-720bd9eff000 rw-p 00000000 00:00 0 
720bd9eff000-720bd9f00000 ---p 00000000 00:00 0 
720bd9f00000-720bda000000 rw-p 00000000 00:00 0 
720bda000000-720bdc021000 rw-p 00000000 00:00 0 
720bdc021000-720be0000000 ---p 00000000 00:00 0 
720be0000000-720be0021000 rw-p 00000000 00:00 0 
720be0021000-720be4000000 ---p 00000000 00:00 0 
720be4000000-720be4021000 rw-p 00000000 00:00 0 
720be4021000-720be8000000 ---p 00000000 00:00 0 
720be8017000-720be8098000 rw-p 00000000 00:00 0 
720be8098000-720be8099000 ---p 00000000 00:00 0 
720be8099000-720be8199000 rw-p 00000000 00:00 0 
720be8199000-720be8c78000 rw-p 00000000 00:00 0 
720be8c78000-720bec5f8000 ---p 00000000 00:00 0 
720bec5f8000-720bec600000 rw-p 00000000 00:00 0 
720bec600000-720bec870000 rwxp 00000000 00:00 0 
720bec870000-720bf3a5f000 ---p 00000000 00:00 0 
720bf3a5f000-720bf3d6f000 rwxp 00000000 00:00 0 
720bf3d6f000-720bf419f000 ---p 00000000 00:00 0 
720bf419f000-720bf440f000 rwxp 00000000 00:00 0 
720bf440f000-720bfb600000 ---p 00000000 00:00 0 
720bfb600000-720c03eb3000 r--s 00000000 08:03 9051503                    /home/lyr/.sdkman/candidates/java/24-open/lib/modules
720c03ecc000-720c03ed3000 r--s 00000000 08:02 788954                     /usr/lib/x86_64-linux-gnu/gconv/gconv-modules.cache
720c03ed3000-720c03ed8000 r-xp 00000000 08:03 9051527                    /home/lyr/.sdkman/candidates/java/24-open/lib/libmanagement_ext.so
720c03ed8000-720c03ed9000 ---p 00005000 08:03 9051527                    /home/lyr/.sdkman/candidates/java/24-open/lib/libmanagement_ext.so
720c03ed9000-720c03eda000 r--p 00005000 08:03 9051527                    /home/lyr/.sdkman/candidates/java/24-open/lib/libmanagement_ext.so
720c03eda000-720c03edb000 rw-p 00006000 08:03 9051527                    /home/lyr/.sdkman/candidates/java/24-open/lib/libmanagement_ext.so
720c03edb000-720c03ee2000 r--p 00000000 08:03 7360460                    /home/lyr/.javacpp/cache/llvm-13.0.1-1.5.7-linux-x86_64.jar/org/bytedeco/llvm/linux-x86_64/libLTO.so.13
720c03ee2000-720c03eea000 r-xp 00007000 08:03 7360460                    /home/lyr/.javacpp/cache/llvm-13.0.1-1.5.7-linux-x86_64.jar/org/bytedeco/llvm/linux-x86_64/libLTO.so.13
720c03eea000-720c03eec000 r--p 0000f000 08:03 7360460                    /home/lyr/.javacpp/cache/llvm-13.0.1-1.5.7-linux-x86_64.jar/org/bytedeco/llvm/linux-x86_64/libLTO.so.13
720c03eec000-720c03eed000 r--p 00010000 08:03 7360460                    /home/lyr/.javacpp/cache/llvm-13.0.1-1.5.7-linux-x86_64.jar/org/bytedeco/llvm/linux-x86_64/libLTO.so.13
720c03eed000-720c03eee000 rw-p 00011000 08:03 7360460                    /home/lyr/.javacpp/cache/llvm-13.0.1-1.5.7-linux-x86_64.jar/org/bytedeco/llvm/linux-x86_64/libLTO.so.13
720c03eee000-720c03ef2000 r--p 00000000 08:03 7360320                    /home/lyr/.javacpp/cache/javacpp-1.5.7-linux-x86_64.jar/org/bytedeco/javacpp/linux-x86_64/libjnijavacpp.so
720c03ef2000-720c03ef9000 r-xp 00004000 08:03 7360320                    /home/lyr/.javacpp/cache/javacpp-1.5.7-linux-x86_64.jar/org/bytedeco/javacpp/linux-x86_64/libjnijavacpp.so
720c03ef9000-720c03efd000 r--p 0000b000 08:03 7360320                    /home/lyr/.javacpp/cache/javacpp-1.5.7-linux-x86_64.jar/org/bytedeco/javacpp/linux-x86_64/libjnijavacpp.so
720c03efd000-720c03efe000 r--p 0000e000 08:03 7360320                    /home/lyr/.javacpp/cache/javacpp-1.5.7-linux-x86_64.jar/org/bytedeco/javacpp/linux-x86_64/libjnijavacpp.so
720c03efe000-720c03eff000 rw-p 0000f000 08:03 7360320                    /home/lyr/.javacpp/cache/javacpp-1.5.7-linux-x86_64.jar/org/bytedeco/javacpp/linux-x86_64/libjnijavacpp.so
720c03eff000-720c046bd000 rw-p 00000000 00:00 0 
720c046bd000-720c08000000 ---p 00000000 00:00 0 
720c08003000-720c0800e000 r-xp 00000000 08:03 9051515                    /home/lyr/.sdkman/candidates/java/24-open/lib/libnet.so
720c0800e000-720c0800f000 ---p 0000b000 08:03 9051515                    /home/lyr/.sdkman/candidates/java/24-open/lib/libnet.so
720c0800f000-720c08010000 r--p 0000b000 08:03 9051515                    /home/lyr/.sdkman/candidates/java/24-open/lib/libnet.so
720c08010000-720c08011000 rw-p 0000c000 08:03 9051515                    /home/lyr/.sdkman/candidates/java/24-open/lib/libnet.so
720c08011000-720c08024000 r-xp 00000000 08:03 9051514                    /home/lyr/.sdkman/candidates/java/24-open/lib/libnio.so
720c08024000-720c08025000 ---p 00013000 08:03 9051514                    /home/lyr/.sdkman/candidates/java/24-open/lib/libnio.so
720c08025000-720c08026000 r--p 00013000 08:03 9051514                    /home/lyr/.sdkman/candidates/java/24-open/lib/libnio.so
720c08026000-720c08027000 rw-p 00014000 08:03 9051514                    /home/lyr/.sdkman/candidates/java/24-open/lib/libnio.so
720c08027000-720c08065000 r-xp 00000000 08:03 9051513                    /home/lyr/.sdkman/candidates/java/24-open/lib/libsimdsort.so
720c08065000-720c08066000 ---p 0003e000 08:03 9051513                    /home/lyr/.sdkman/candidates/java/24-open/lib/libsimdsort.so
720c08066000-720c08067000 r--p 0003e000 08:03 9051513                    /home/lyr/.sdkman/candidates/java/24-open/lib/libsimdsort.so
720c08067000-720c08068000 rw-p 0003f000 08:03 9051513                    /home/lyr/.sdkman/candidates/java/24-open/lib/libsimdsort.so
720c08068000-720c087ca000 rw-p 00000000 00:00 0 
720c087ca000-720c087cb000 ---p 00000000 00:00 0 
720c087cb000-720c088cb000 rw-p 00000000 00:00 0 
720c088cb000-720c088cc000 ---p 00000000 00:00 0 
720c088cc000-720c089cc000 rw-p 00000000 00:00 0 
720c089cc000-720c089cd000 ---p 00000000 00:00 0 
720c089cd000-720c08acd000 rw-p 00000000 00:00 0 
720c08acd000-720c08c42000 rw-p 00000000 00:00 0 
720c08c42000-720c09372000 ---p 00000000 00:00 0 
720c09372000-720c093ee000 rw-p 00000000 00:00 0 
720c093ee000-720c09b1e000 ---p 00000000 00:00 0 
720c09b1e000-720c0aa33000 rw-p 00000000 00:00 0 
720c0aa33000-720c0ab17000 ---p 00000000 00:00 0 
720c0ab17000-720c0ab1c000 rw-p 00000000 00:00 0 
720c0ab1c000-720c0ac00000 ---p 00000000 00:00 0 
720c0ac00000-720c0bf81000 r-xp 00000000 08:03 9051533                    /home/lyr/.sdkman/candidates/java/24-open/lib/server/libjvm.so
720c0bf81000-720c0bf82000 ---p 01381000 08:03 9051533                    /home/lyr/.sdkman/candidates/java/24-open/lib/server/libjvm.so
720c0bf82000-720c0c056000 r--p 01381000 08:03 9051533                    /home/lyr/.sdkman/candidates/java/24-open/lib/server/libjvm.so
720c0c056000-720c0c084000 rw-p 01455000 08:03 9051533                    /home/lyr/.sdkman/candidates/java/24-open/lib/server/libjvm.so
720c0c084000-720c0c0fd000 rw-p 00000000 00:00 0 
720c0c100000-720c0c104000 ---p 00000000 00:00 0 
720c0c104000-720c0c200000 rw-p 00000000 00:00 0 
720c0c200000-720c0c228000 r--p 00000000 08:02 788996                     /usr/lib/x86_64-linux-gnu/libc.so.6
720c0c228000-720c0c3b0000 r-xp 00028000 08:02 788996                     /usr/lib/x86_64-linux-gnu/libc.so.6
720c0c3b0000-720c0c3ff000 r--p 001b0000 08:02 788996                     /usr/lib/x86_64-linux-gnu/libc.so.6
720c0c3ff000-720c0c403000 r--p 001fe000 08:02 788996                     /usr/lib/x86_64-linux-gnu/libc.so.6
720c0c403000-720c0c405000 rw-p 00202000 08:02 788996                     /usr/lib/x86_64-linux-gnu/libc.so.6
720c0c405000-720c0c412000 rw-p 00000000 00:00 0 
720c0c414000-720c0c418000 r-xp 00000000 08:03 9051482                    /home/lyr/.sdkman/candidates/java/24-open/lib/libmanagement.so
720c0c418000-720c0c419000 r--p 00003000 08:03 9051482                    /home/lyr/.sdkman/candidates/java/24-open/lib/libmanagement.so
720c0c419000-720c0c41a000 rw-p 00004000 08:03 9051482                    /home/lyr/.sdkman/candidates/java/24-open/lib/libmanagement.so
720c0c41a000-720c0c41b000 r--p 00000000 08:03 7360474                    /home/lyr/.javacpp/cache/llvm-13.0.1-1.5.7-linux-x86_64.jar/org/bytedeco/llvm/linux-x86_64/libRemarks.so.13
720c0c41b000-720c0c41c000 r-xp 00001000 08:03 7360474                    /home/lyr/.javacpp/cache/llvm-13.0.1-1.5.7-linux-x86_64.jar/org/bytedeco/llvm/linux-x86_64/libRemarks.so.13
720c0c41c000-720c0c41d000 r--p 00002000 08:03 7360474                    /home/lyr/.javacpp/cache/llvm-13.0.1-1.5.7-linux-x86_64.jar/org/bytedeco/llvm/linux-x86_64/libRemarks.so.13
720c0c41d000-720c0c41e000 r--p 00002000 08:03 7360474                    /home/lyr/.javacpp/cache/llvm-13.0.1-1.5.7-linux-x86_64.jar/org/bytedeco/llvm/linux-x86_64/libRemarks.so.13
720c0c41e000-720c0c41f000 rw-p 00003000 08:03 7360474                    /home/lyr/.javacpp/cache/llvm-13.0.1-1.5.7-linux-x86_64.jar/org/bytedeco/llvm/linux-x86_64/libRemarks.so.13
720c0c41f000-720c0c426000 r-xp 00000000 08:03 9051539                    /home/lyr/.sdkman/candidates/java/24-open/lib/libzip.so
720c0c426000-720c0c427000 ---p 00007000 08:03 9051539                    /home/lyr/.sdkman/candidates/java/24-open/lib/libzip.so
720c0c427000-720c0c428000 r--p 00007000 08:03 9051539                    /home/lyr/.sdkman/candidates/java/24-open/lib/libzip.so
720c0c428000-720c0c429000 rw-p 00008000 08:03 9051539                    /home/lyr/.sdkman/candidates/java/24-open/lib/libzip.so
720c0c429000-720c0c471000 rw-p 00000000 00:00 0 
720c0c471000-720c0c479000 ---p 00000000 00:00 0 
720c0c479000-720c0c481000 rw-s 00000000 08:02 6553668                    /tmp/hsperfdata_lyr/20366
720c0c481000-720c0c4a0000 r-xp 00000000 08:03 9051505                    /home/lyr/.sdkman/candidates/java/24-open/lib/libjava.so
720c0c4a0000-720c0c4a1000 ---p 0001f000 08:03 9051505                    /home/lyr/.sdkman/candidates/java/24-open/lib/libjava.so
720c0c4a1000-720c0c4a2000 r--p 0001f000 08:03 9051505                    /home/lyr/.sdkman/candidates/java/24-open/lib/libjava.so
720c0c4a2000-720c0c4a3000 rw-p 00020000 08:03 9051505                    /home/lyr/.sdkman/candidates/java/24-open/lib/libjava.so
720c0c4a3000-720c0c4a4000 rw-p 00000000 00:00 0 
720c0c4a4000-720c0c4c2000 r-xp 00000000 08:03 9051512                    /home/lyr/.sdkman/candidates/java/24-open/lib/libjimage.so
720c0c4c2000-720c0c4c4000 r--p 0001d000 08:03 9051512                    /home/lyr/.sdkman/candidates/java/24-open/lib/libjimage.so
720c0c4c4000-720c0c4c5000 rw-p 0001f000 08:03 9051512                    /home/lyr/.sdkman/candidates/java/24-open/lib/libjimage.so
720c0c4c5000-720c0c4d5000 r--p 00000000 08:02 788999                     /usr/lib/x86_64-linux-gnu/libm.so.6
720c0c4d5000-720c0c554000 r-xp 00010000 08:02 788999                     /usr/lib/x86_64-linux-gnu/libm.so.6
720c0c554000-720c0c5ac000 r--p 0008f000 08:02 788999                     /usr/lib/x86_64-linux-gnu/libm.so.6
720c0c5ac000-720c0c5ad000 r--p 000e7000 08:02 788999                     /usr/lib/x86_64-linux-gnu/libm.so.6
720c0c5ad000-720c0c5ae000 rw-p 000e8000 08:02 788999                     /usr/lib/x86_64-linux-gnu/libm.so.6
720c0c5ae000-720c0c5af000 r--p 00000000 08:02 789010                     /usr/lib/x86_64-linux-gnu/librt.so.1
720c0c5af000-720c0c5b0000 r-xp 00001000 08:02 789010                     /usr/lib/x86_64-linux-gnu/librt.so.1
720c0c5b0000-720c0c5b1000 r--p 00002000 08:02 789010                     /usr/lib/x86_64-linux-gnu/librt.so.1
720c0c5b1000-720c0c5b2000 r--p 00002000 08:02 789010                     /usr/lib/x86_64-linux-gnu/librt.so.1
720c0c5b2000-720c0c5b3000 rw-p 00003000 08:02 789010                     /usr/lib/x86_64-linux-gnu/librt.so.1
720c0c5b3000-720c0c5b7000 rw-p 00000000 00:00 0 
720c0c5b7000-720c0c5b8000 r--p 00000000 08:02 789008                     /usr/lib/x86_64-linux-gnu/libpthread.so.0
720c0c5b8000-720c0c5b9000 r-xp 00001000 08:02 789008                     /usr/lib/x86_64-linux-gnu/libpthread.so.0
720c0c5b9000-720c0c5ba000 r--p 00002000 08:02 789008                     /usr/lib/x86_64-linux-gnu/libpthread.so.0
720c0c5ba000-720c0c5bb000 r--p 00002000 08:02 789008                     /usr/lib/x86_64-linux-gnu/libpthread.so.0
720c0c5bb000-720c0c5bc000 rw-p 00003000 08:02 789008                     /usr/lib/x86_64-linux-gnu/libpthread.so.0
720c0c5bc000-720c0c5bd000 r--p 00000000 08:02 788998                     /usr/lib/x86_64-linux-gnu/libdl.so.2
720c0c5bd000-720c0c5be000 r-xp 00001000 08:02 788998                     /usr/lib/x86_64-linux-gnu/libdl.so.2
720c0c5be000-720c0c5bf000 r--p 00002000 08:02 788998                     /usr/lib/x86_64-linux-gnu/libdl.so.2
720c0c5bf000-720c0c5c0000 r--p 00002000 08:02 788998                     /usr/lib/x86_64-linux-gnu/libdl.so.2
720c0c5c0000-720c0c5c1000 rw-p 00003000 08:02 788998                     /usr/lib/x86_64-linux-gnu/libdl.so.2
720c0c5c1000-720c0c5c3000 r--p 00000000 08:02 802565                     /usr/lib/x86_64-linux-gnu/libz.so.1.3
720c0c5c3000-720c0c5d5000 r-xp 00002000 08:02 802565                     /usr/lib/x86_64-linux-gnu/libz.so.1.3
720c0c5d5000-720c0c5db000 r--p 00014000 08:02 802565                     /usr/lib/x86_64-linux-gnu/libz.so.1.3
720c0c5db000-720c0c5dc000 r--p 0001a000 08:02 802565                     /usr/lib/x86_64-linux-gnu/libz.so.1.3
720c0c5dc000-720c0c5dd000 rw-p 0001b000 08:02 802565                     /usr/lib/x86_64-linux-gnu/libz.so.1.3
720c0c5df000-720c0c5e1000 r-xp 00000000 08:03 9051507                    /home/lyr/.sdkman/candidates/java/24-open/lib/libextnet.so
720c0c5e1000-720c0c5e2000 r--p 00001000 08:03 9051507                    /home/lyr/.sdkman/candidates/java/24-open/lib/libextnet.so
720c0c5e2000-720c0c5e3000 rw-p 00002000 08:03 9051507                    /home/lyr/.sdkman/candidates/java/24-open/lib/libextnet.so
720c0c5e3000-720c0c5ed000 r-xp 00000000 08:03 9051528                    /home/lyr/.sdkman/candidates/java/24-open/lib/libinstrument.so
720c0c5ed000-720c0c5ee000 r--p 00009000 08:03 9051528                    /home/lyr/.sdkman/candidates/java/24-open/lib/libinstrument.so
720c0c5ee000-720c0c5ef000 rw-p 0000a000 08:03 9051528                    /home/lyr/.sdkman/candidates/java/24-open/lib/libinstrument.so
720c0c5ef000-720c0c5f0000 ---p 00000000 00:00 0 
720c0c5f0000-720c0c5f1000 r--p 00000000 00:00 0 
720c0c5f1000-720c0c5f2000 ---p 00000000 00:00 0 
720c0c5f2000-720c0c600000 r-xp 00000000 08:03 9051498                    /home/lyr/.sdkman/candidates/java/24-open/lib/libjli.so
720c0c600000-720c0c601000 ---p 0000e000 08:03 9051498                    /home/lyr/.sdkman/candidates/java/24-open/lib/libjli.so
720c0c601000-720c0c602000 r--p 0000e000 08:03 9051498                    /home/lyr/.sdkman/candidates/java/24-open/lib/libjli.so
720c0c602000-720c0c603000 rw-p 0000f000 08:03 9051498                    /home/lyr/.sdkman/candidates/java/24-open/lib/libjli.so
720c0c603000-720c0c605000 rw-p 00000000 00:00 0 
720c0c605000-720c0c609000 r--p 00000000 00:00 0                          [vvar]
720c0c609000-720c0c60b000 r-xp 00000000 00:00 0                          [vdso]
720c0c60b000-720c0c60c000 r--p 00000000 08:02 788993                     /usr/lib/x86_64-linux-gnu/ld-linux-x86-64.so.2
720c0c60c000-720c0c637000 r-xp 00001000 08:02 788993                     /usr/lib/x86_64-linux-gnu/ld-linux-x86-64.so.2
720c0c637000-720c0c641000 r--p 0002c000 08:02 788993                     /usr/lib/x86_64-linux-gnu/ld-linux-x86-64.so.2
720c0c641000-720c0c643000 r--p 00036000 08:02 788993                     /usr/lib/x86_64-linux-gnu/ld-linux-x86-64.so.2
720c0c643000-720c0c645000 rw-p 00038000 08:02 788993                     /usr/lib/x86_64-linux-gnu/ld-linux-x86-64.so.2
7ffc64b28000-7ffc64b4a000 rw-p 00000000 00:00 0                          [stack]
ffffffffff600000-ffffffffff601000 --xp 00000000 00:00 0                  [vsyscall]
Total number of mappings: 277


VM Arguments:
jvm_args: --enable-native-access=ALL-UNNAMED -javaagent:/home/lyr/.local/share/JetBrains/Toolbox/apps/intellij-idea-ultimate/lib/idea_rt.jar=35657 -Dfile.encoding=UTF-8 -Dsun.stdout.encoding=UTF-8 -Dsun.stderr.encoding=UTF-8 
java_command: Compiler
java_class_path (initial): /home/lyr/Main/Projects/Compiler/target/classes:/home/lyr/.m2/repository/org/antlr/antlr4-runtime/4.13.1/antlr4-runtime-4.13.1.jar:/home/lyr/.m2/repository/org/bytedeco/llvm/13.0.1-1.5.7/llvm-13.0.1-1.5.7.jar:/home/lyr/.m2/repository/org/bytedeco/llvm-platform/13.0.1-1.5.7/llvm-platform-13.0.1-1.5.7.jar:/home/lyr/.m2/repository/org/bytedeco/javacpp-platform/1.5.7/javacpp-platform-1.5.7.jar:/home/lyr/.m2/repository/org/bytedeco/javacpp/1.5.7/javacpp-1.5.7-android-arm.jar:/home/lyr/.m2/repository/org/bytedeco/javacpp/1.5.7/javacpp-1.5.7-android-arm64.jar:/home/lyr/.m2/repository/org/bytedeco/javacpp/1.5.7/javacpp-1.5.7-android-x86.jar:/home/lyr/.m2/repository/org/bytedeco/javacpp/1.5.7/javacpp-1.5.7-android-x86_64.jar:/home/lyr/.m2/repository/org/bytedeco/javacpp/1.5.7/javacpp-1.5.7-ios-arm64.jar:/home/lyr/.m2/repository/org/bytedeco/javacpp/1.5.7/javacpp-1.5.7-ios-x86_64.jar:/home/lyr/.m2/repository/org/bytedeco/javacpp/1.5.7/javacpp-1.5.7-linux-armhf.jar:/home/lyr/.m2/repository/org/bytedeco/javacpp/1.5.7/javacpp-1.5.7-linux-arm64.jar:/home/lyr/.m2/repository/org/bytedeco/javacpp/1.5.7/javacpp-1.5.7-linux-ppc64le.jar:/home/lyr/.m2/repository/org/bytedeco/javacpp/1.5.7/javacpp-1.5.7-linux-x86.jar:/home/lyr/.m2/repository/org/bytedeco/javacpp/1.5.7/javacpp-1.5.7-linux-x86_64.jar:/home/lyr/.m2/repository/org/bytedeco/javacpp/1.5.7/javacpp-1.5.7-macosx-arm64.jar:/home/lyr/.m2/repository/org/bytedeco/javacpp/1.5.7/javacpp-1.5.7-macosx-x86_64.jar:/home/lyr/.m2/repository/org/bytedeco/javacpp/1.5.7/javacpp-1.5.7-windows-x86.jar:/home/lyr/.m2/repository/org/bytedeco/javacpp/1.5.7/javacpp-1.5.7-windows-x86_64.jar:/home/lyr/.m2/repository/org/bytedeco/llvm/13.0.1-1.5.7/llvm-13.0.1-1.5.7-linux-x86.jar:/home/lyr/.m2/repository/org/bytedeco/llvm/13.0.1-1.5.7/llvm-13.0.1-1.5.7-linux-x86_64.jar:/home/lyr/.m2/repository/org/bytedeco/llvm/13.0.1-1.5.7/llvm-13.0.1-1.5.7-linux-armhf.jar:/home/lyr/.m2/repository/org/bytedeco/llvm/13.0.1-1.5.7/llvm-13.0.1-1.5.7-linux-arm64.jar:/home/lyr/.m2/repository/org/bytedeco/llvm/13.0.1-1.5.7/llvm-13.0.1-1.5.7-linux-ppc64le.jar:/home/lyr/.m2/repository/org/bytedeco/llvm/13.0.1-1.5.7/llvm-13.0.1-1.5.7-macosx-arm64.jar:/home/lyr/.m2/repository/org/bytedeco/llvm/13.0.1-1.5.7/llvm-13.0.1-1.5.7-macosx-x86_64.jar:/home/lyr/.m2/repository/org/bytedeco/llvm/13.0.1-1.5.7/llvm-13.0.1-1.5.7-windows-x86.jar:/home/lyr/.m2/repository/org/bytedeco/llvm/13.0.1-1.5.7/llvm-13.0.1-1.5.7-windows-x86_64.jar:/home/lyr/.m2/repository/org/bytedeco/javacpp/1.5.7/javacpp-1.5.7.jar:/home/lyr/.m2/repository/com/llvm4j/llvm4j/0.1.1-SNAPSHOT/llvm4j-0.1.1-SNAPSHOT.jar:/home/lyr/.m2/repository/org/jetbrains/kotlin/kotlin-stdlib/1.9.0/kotlin-stdlib-1.9.0.jar:/home/lyr/.m2/repository/org/jetbrains/kotlin/kotlin-stdlib-common/1.9.0/kotlin-stdlib-common-1.9.0.jar:/home/lyr/.m2/repository/org/jetbrains/annotations/13.0/annotations-13.0.jar
Launcher Type: SUN_STANDARD

[Global flags]
     intx CICompilerCount                          = 12                                        {product} {ergonomic}
     uint ConcGCThreads                            = 4                                         {product} {ergonomic}
     uint G1ConcRefinementThreads                  = 15                                        {product} {ergonomic}
   size_t G1HeapRegionSize                         = 2097152                                   {product} {ergonomic}
   size_t InitialHeapSize                          = 257949696                                 {product} {ergonomic}
   size_t MarkStackSize                            = 4194304                                   {product} {ergonomic}
   size_t MarkStackSizeMax                         = 536870912                                 {product} {ergonomic}
   size_t MaxHeapSize                              = 4118806528                                {product} {ergonomic}
   size_t MaxNewSize                               = 2470445056                                {product} {ergonomic}
   size_t MinHeapDeltaBytes                        = 2097152                                   {product} {ergonomic}
   size_t MinHeapSize                              = 8388608                                   {product} {ergonomic}
    uintx NonNMethodCodeHeapSize                   = 7602176                                {pd product} {ergonomic}
    uintx NonProfiledCodeHeapSize                  = 122032128                              {pd product} {ergonomic}
    uintx ProfiledCodeHeapSize                     = 122023936                              {pd product} {ergonomic}
    uintx ReservedCodeCacheSize                    = 251658240                              {pd product} {ergonomic}
     bool SegmentedCodeCache                       = true                                      {product} {ergonomic}
   size_t SoftMaxHeapSize                          = 4118806528                             {manageable} {ergonomic}
     bool UseCompressedOops                        = true                           {product lp64_product} {ergonomic}
     bool UseG1GC                                  = true                                      {product} {ergonomic}

Logging:
Log output configuration:
 #0: stdout all=warning uptime,level,tags foldmultilines=false
 #1: stderr all=off uptime,level,tags foldmultilines=false

Environment Variables:
PATH=/usr/local/sbin:/usr/local/bin:/usr/sbin:/usr/bin:/sbin:/bin:/usr/games:/usr/local/games:/snap/bin:/snap/bin:/home/lyr/.local/share/JetBrains/Toolbox/scripts
USERNAME=lyr
SHELL=/bin/bash
DISPLAY=:0
LANG=en_US.UTF-8

Active Locale:
LC_ALL=en_US.UTF-8
LC_COLLATE=en_US.UTF-8
LC_CTYPE=en_US.UTF-8
LC_MESSAGES=en_US.UTF-8
LC_MONETARY=en_US.UTF-8
LC_NUMERIC=en_US.UTF-8
LC_TIME=en_US.UTF-8

Signal Handlers:
   SIGSEGV: crash_handler in libjvm.so, mask=11100100010111111101111111111110, flags=SA_RESTART|SA_SIGINFO, unblocked
    SIGBUS: crash_handler in libjvm.so, mask=11100100010111111101111111111110, flags=SA_RESTART|SA_SIGINFO, unblocked
    SIGFPE: crash_handler in libjvm.so, mask=11100100010111111101111111111110, flags=SA_RESTART|SA_SIGINFO, unblocked
   SIGPIPE: javaSignalHandler in libjvm.so, mask=11100100010111111101111111111110, flags=SA_RESTART|SA_SIGINFO, blocked
   SIGXFSZ: javaSignalHandler in libjvm.so, mask=11100100010111111101111111111110, flags=SA_RESTART|SA_SIGINFO, blocked
    SIGILL: crash_handler in libjvm.so, mask=11100100010111111101111111111110, flags=SA_RESTART|SA_SIGINFO, unblocked
   SIGUSR2: SR_handler in libjvm.so, mask=00000000000000000000000000000000, flags=SA_RESTART|SA_SIGINFO, blocked
    SIGHUP: UserHandler in libjvm.so, mask=11100100010111111101111111111110, flags=SA_RESTART|SA_SIGINFO, blocked
    SIGINT: UserHandler in libjvm.so, mask=11100100010111111101111111111110, flags=SA_RESTART|SA_SIGINFO, blocked
   SIGTERM: UserHandler in libjvm.so, mask=11100100010111111101111111111110, flags=SA_RESTART|SA_SIGINFO, blocked
   SIGQUIT: UserHandler in libjvm.so, mask=11100100010111111101111111111110, flags=SA_RESTART|SA_SIGINFO, blocked
   SIGTRAP: crash_handler in libjvm.so, mask=11100100010111111101111111111110, flags=SA_RESTART|SA_SIGINFO, unblocked


Periodic native trim disabled

---------------  S Y S T E M  ---------------

OS:
DISTRIB_ID=Ubuntu
DISTRIB_RELEASE=24.04
DISTRIB_CODENAME=noble
DISTRIB_DESCRIPTION="Ubuntu 24.04.1 LTS"
uname: Linux 6.11.0-26-generic #26~24.04.1-Ubuntu SMP PREEMPT_DYNAMIC Thu Apr 17 19:20:47 UTC 2 x86_64
OS uptime: 0 days 0:44 hours
libc: glibc 2.39 NPTL 2.39 
rlimit (soft/hard): STACK 8192k/infinity , CORE 0k/infinity , NPROC 61969/61969 , NOFILE 1048576/1048576 , AS infinity/infinity , CPU infinity/infinity , DATA infinity/infinity , FSIZE infinity/infinity , MEMLOCK 2010684k/2010684k
load average: 1.01 0.80 0.89

/proc/meminfo:
MemTotal:       16085500 kB
MemFree:          355364 kB
MemAvailable:    5974968 kB
Buffers:           51392 kB
Cached:          6928452 kB
SwapCached:          420 kB
Active:          7652484 kB
Inactive:        6484120 kB
Active(anon):    4537120 kB
Inactive(anon):  3801548 kB
Active(file):    3115364 kB
Inactive(file):  2682572 kB
Unevictable:      456592 kB
Mlocked:              32 kB
SwapTotal:        262140 kB
SwapFree:            132 kB
Zswap:                 0 kB
Zswapped:              0 kB
Dirty:             24496 kB
Writeback:             0 kB
AnonPages:       7613968 kB
Mapped:          1515408 kB
Shmem:           1181900 kB
KReclaimable:     163576 kB
Slab:             512140 kB
SReclaimable:     163576 kB
SUnreclaim:       348564 kB
KernelStack:       31568 kB
PageTables:        75980 kB
SecPageTables:      5988 kB
NFS_Unstable:          0 kB
Bounce:                0 kB
WritebackTmp:          0 kB
CommitLimit:     8304888 kB
Committed_AS:   28231100 kB
VmallocTotal:   34359738367 kB
VmallocUsed:      150952 kB
VmallocChunk:          0 kB
Percpu:            21600 kB
HardwareCorrupted:     0 kB
AnonHugePages:   1019904 kB
ShmemHugePages:   980992 kB
ShmemPmdMapped:        0 kB
FileHugePages:         0 kB
FilePmdMapped:         0 kB
Unaccepted:            0 kB
HugePages_Total:       0
HugePages_Free:        0
HugePages_Rsvd:        0
HugePages_Surp:        0
Hugepagesize:       2048 kB
Hugetlb:               0 kB
DirectMap4k:      966912 kB
DirectMap2M:    15523840 kB
DirectMap1G:           0 kB

/sys/kernel/mm/transparent_hugepage/enabled: always [madvise] never
/sys/kernel/mm/transparent_hugepage/hpage_pmd_size: 2097152
/sys/kernel/mm/transparent_hugepage/shmem_enabled: always within_size advise [never] deny force
/sys/kernel/mm/transparent_hugepage/defrag (defrag/compaction efforts parameter): always defer defer+madvise [madvise] never

Process Memory:
Virtual Size: 7450324K (peak: 7450324K)
Resident Set Size: 144012K (peak: 144012K) (anon: 88800K, file: 55212K, shmem: 0K)
Swapped out: 0K
C-Heap outstanding allocations: 68911K, retained: 6940K
glibc malloc tunables: (default)

/proc/sys/kernel/threads-max (system-wide limit on the number of threads): 123939
/proc/sys/vm/max_map_count (maximum number of memory map areas a process may have): 1048576
/proc/sys/vm/swappiness (control to define how aggressively the kernel swaps out anonymous memory): 60
/proc/sys/kernel/pid_max (system-wide limit on number of process identifiers): 4194304

container information not found.
Steal ticks since vm start: 0
Steal ticks percentage since vm start:  0.000

CPU: total 20 (initial active 20) (20 cores per cpu, 1 threads per core) family 6 model 191 stepping 2 microcode 0x3a, cx8, cmov, fxsr, mmx, 3dnowpref, sse, sse2, sse3, ssse3, sse4.1, sse4.2, popcnt, lzcnt, tsc, tscinvbit, avx, avx2, aes, erms, clmul, bmi1, bmi2, adx, sha, fma, vzeroupper, clflush, clflushopt, clwb, serialize, rdtscp, rdpid, fsrm, gfni, f16c, pku, ospke, cet_ibt, cet_ss
CPU Model and flags from /proc/cpuinfo:
model name	: 13th Gen Intel(R) Core(TM) i5-13500HX
flags		: fpu vme de pse tsc msr pae mce cx8 apic sep mtrr pge mca cmov pat pse36 clflush dts acpi mmx fxsr sse sse2 ss ht tm pbe syscall nx pdpe1gb rdtscp lm constant_tsc art arch_perfmon pebs bts rep_good nopl xtopology nonstop_tsc cpuid aperfmperf tsc_known_freq pni pclmulqdq dtes64 monitor ds_cpl vmx est tm2 ssse3 sdbg fma cx16 xtpr pdcm sse4_1 sse4_2 x2apic movbe popcnt tsc_deadline_timer aes xsave avx f16c rdrand lahf_lm abm 3dnowprefetch cpuid_fault epb ssbd ibrs ibpb stibp ibrs_enhanced tpr_shadow flexpriority ept vpid ept_ad fsgsbase tsc_adjust bmi1 avx2 smep bmi2 erms invpcid rdseed adx smap clflushopt clwb intel_pt sha_ni xsaveopt xsavec xgetbv1 xsaves split_lock_detect user_shstk avx_vnni dtherm ida arat pln pts hwp hwp_notify hwp_act_window hwp_epp hwp_pkg_req hfi vnmi umip pku ospke waitpkg gfni vaes vpclmulqdq rdpid movdiri movdir64b fsrm md_clear serialize arch_lbr ibt flush_l1d arch_capabilities

Online cpus: 0-19
Offline cpus: 
BIOS frequency limitation: <Not Available>
Frequency switch latency (ns): 0
Available cpu frequencies: <Not Available>
Current governor: powersave
Core performance/turbo boost: <Not Available>

Memory: 4k page, physical 16085500k(5974968k free), swap 262140k(132k free)
Page Sizes: 4k

vm_info: OpenJDK 64-Bit Server VM (24+36-3646) for linux-amd64 JRE (24+36-3646), built on 2025-02-06T00:20:43Z with gcc 13.2.0

END.
